<?xml version="1.0" encoding="UTF-8"?>
<coverage generated="1785752411313" clover="3.2.0">
  <project timestamp="1785752411313" name="All files">
    <metrics statements="5016" coveredstatements="3782" conditionals="861" coveredconditionals="688" methods="213" coveredmethods="140" elements="6090" coveredelements="4610" complexity="0" loc="5016" ncloc="5016" packages="5" files="45" classes="45"/>
    <package name="src">
      <metrics statements="4064" coveredstatements="3083" conditionals="736" coveredconditionals="579" methods="184" coveredmethods="117"/>
      <file name="App.tsx" path="/workspaces/stellar-bounty-board/frontend/src/App.tsx">
        <metrics statements="709" coveredstatements="581" conditionals="151" coveredconditionals="106" methods="33" coveredmethods="16"/>
        <line num="1" count="1" type="stmt"/>
        <line num="9" count="1" type="stmt"/>
        <line num="10" count="1" type="stmt"/>
        <line num="11" count="1" type="stmt"/>
        <line num="12" count="1" type="stmt"/>
        <line num="22" count="1" type="stmt"/>
        <line num="23" count="1" type="stmt"/>
        <line num="24" count="1" type="stmt"/>
        <line num="25" count="1" type="stmt"/>
        <line num="26" count="1" type="stmt"/>
        <line num="29" count="1" type="stmt"/>
        <line num="30" count="1" type="stmt"/>
        <line num="31" count="1" type="stmt"/>
        <line num="32" count="1" type="stmt"/>
        <line num="33" count="1" type="stmt"/>
        <line num="34" count="1" type="stmt"/>
        <line num="35" count="1" type="stmt"/>
        <line num="36" count="1" type="stmt"/>
        <line num="37" count="1" type="stmt"/>
        <line num="39" count="1" type="stmt"/>
        <line num="41" count="278" type="cond" truecount="1" falsecount="0"/>
        <line num="42" count="278" type="cond" truecount="1" falsecount="0"/>
        <line num="43" count="21" type="stmt"/>
        <line num="44" count="21" type="stmt"/>
        <line num="45" count="21" type="cond" truecount="1" falsecount="0"/>
        <line num="46" count="21" type="cond" truecount="0" falsecount="1"/>
        <line num="48" count="0" type="cond" truecount="1" falsecount="0"/>
        <line num="49" count="4" type="stmt"/>
        <line num="50" count="278" type="stmt"/>
        <line num="52" count="278" type="cond" truecount="1" falsecount="0"/>
        <line num="53" count="21" type="stmt"/>
        <line num="54" count="21" type="cond" truecount="0" falsecount="1"/>
        <line num="55" count="21" type="stmt"/>
        <line num="56" count="21" type="cond" truecount="0" falsecount="1"/>
        <line num="57" count="21" type="cond" truecount="0" falsecount="1"/>
        <line num="59" count="0" type="stmt"/>
        <line num="60" count="278" type="stmt"/>
        <line num="62" count="278" type="stmt"/>
        <line num="63" count="278" type="stmt"/>
        <line num="65" count="1" type="stmt"/>
        <line num="66" count="1" type="stmt"/>
        <line num="67" count="1" type="stmt"/>
        <line num="68" count="1" type="stmt"/>
        <line num="69" count="1" type="stmt"/>
        <line num="70" count="1" type="stmt"/>
        <line num="71" count="1" type="stmt"/>
        <line num="72" count="1" type="stmt"/>
        <line num="73" count="1" type="stmt"/>
        <line num="74" count="1" type="stmt"/>
        <line num="75" count="1" type="stmt"/>
        <line num="77" count="6" type="cond" truecount="1" falsecount="0"/>
        <line num="78" count="6" type="stmt"/>
        <line num="79" count="6" type="cond" truecount="0" falsecount="1"/>
        <line num="80" count="6" type="stmt"/>
        <line num="81" count="6" type="cond" truecount="0" falsecount="1"/>
        <line num="82" count="6" type="stmt"/>
        <line num="83" count="6" type="stmt"/>
        <line num="85" count="1" type="stmt"/>
        <line num="86" count="1" type="stmt"/>
        <line num="87" count="1" type="stmt"/>
        <line num="88" count="1" type="stmt"/>
        <line num="89" count="1" type="stmt"/>
        <line num="90" count="1" type="stmt"/>
        <line num="91" count="1" type="stmt"/>
        <line num="92" count="1" type="stmt"/>
        <line num="93" count="1" type="stmt"/>
        <line num="97" count="14" type="cond" truecount="1" falsecount="0"/>
        <line num="98" count="14" type="cond" truecount="0" falsecount="1"/>
        <line num="99" count="14" type="stmt"/>
        <line num="100" count="14" type="stmt"/>
        <line num="102" count="7" type="cond" truecount="1" falsecount="0"/>
        <line num="103" count="7" type="stmt"/>
        <line num="104" count="7" type="stmt"/>
        <line num="106" count="278" type="cond" truecount="1" falsecount="0"/>
        <line num="107" count="278" type="stmt"/>
        <line num="108" count="278" type="stmt"/>
        <line num="109" count="278" type="cond" truecount="1" falsecount="0"/>
        <line num="110" count="278" type="stmt"/>
        <line num="111" count="278" type="stmt"/>
        <line num="112" count="278" type="stmt"/>
        <line num="113" count="278" type="stmt"/>
        <line num="114" count="278" type="stmt"/>
        <line num="115" count="278" type="stmt"/>
        <line num="116" count="278" type="stmt"/>
        <line num="118" count="278" type="stmt"/>
        <line num="120" count="278" type="cond" truecount="1" falsecount="0"/>
        <line num="121" count="21" type="stmt"/>
        <line num="123" count="0" type="stmt"/>
        <line num="124" count="21" type="stmt"/>
        <line num="126" count="0" type="stmt"/>
        <line num="127" count="21" type="stmt"/>
        <line num="128" count="21" type="stmt"/>
        <line num="129" count="21" type="cond" truecount="1" falsecount="0"/>
        <line num="130" count="21" type="stmt"/>
        <line num="131" count="21" type="stmt"/>
        <line num="132" count="21" type="stmt"/>
        <line num="133" count="278" type="stmt"/>
        <line num="135" count="278" type="stmt"/>
        <line num="136" count="278" type="stmt"/>
        <line num="138" count="278" type="stmt"/>
        <line num="139" count="278" type="cond" truecount="2" falsecount="0"/>
        <line num="140" count="278" type="stmt"/>
        <line num="141" count="278" type="stmt"/>
        <line num="143" count="278" type="cond" truecount="1" falsecount="0"/>
        <line num="144" count="21" type="stmt"/>
        <line num="145" count="278" type="stmt"/>
        <line num="147" count="278" type="stmt"/>
        <line num="148" count="278" type="stmt"/>
        <line num="149" count="278" type="stmt"/>
        <line num="150" count="278" type="stmt"/>
        <line num="151" count="278" type="stmt"/>
        <line num="152" count="278" type="stmt"/>
        <line num="153" count="278" type="stmt"/>
        <line num="154" count="278" type="stmt"/>
        <line num="155" count="278" type="stmt"/>
        <line num="156" count="278" type="stmt"/>
        <line num="158" count="278" type="cond" truecount="1" falsecount="0"/>
        <line num="159" count="28" type="stmt"/>
        <line num="160" count="28" type="cond" truecount="2" falsecount="1"/>
        <line num="161" count="278" type="stmt"/>
        <line num="163" count="278" type="stmt"/>
        <line num="164" count="278" type="stmt"/>
        <line num="166" count="278" type="stmt"/>
        <line num="167" count="278" type="stmt"/>
        <line num="168" count="278" type="stmt"/>
        <line num="169" count="278" type="stmt"/>
        <line num="170" count="278" type="stmt"/>
        <line num="171" count="278" type="stmt"/>
        <line num="172" count="278" type="stmt"/>
        <line num="174" count="278" type="cond" truecount="1" falsecount="0"/>
        <line num="175" count="28" type="stmt"/>
        <line num="176" count="28" type="stmt"/>
        <line num="177" count="28" type="stmt"/>
        <line num="178" count="28" type="stmt"/>
        <line num="179" count="28" type="stmt"/>
        <line num="180" count="28" type="stmt"/>
        <line num="181" count="278" type="stmt"/>
        <line num="183" count="278" type="cond" truecount="1" falsecount="0"/>
        <line num="184" count="21" type="stmt"/>
        <line num="185" count="21" type="stmt"/>
        <line num="187" count="21" type="cond" truecount="1" falsecount="0"/>
        <line num="188" count="21" type="stmt"/>
        <line num="189" count="21" type="stmt"/>
        <line num="190" count="21" type="cond" truecount="0" falsecount="1"/>
        <line num="191" count="0" type="stmt"/>
        <line num="192" count="0" type="stmt"/>
        <line num="193" count="21" type="stmt"/>
        <line num="194" count="21" type="stmt"/>
        <line num="195" count="21" type="stmt"/>
        <line num="196" count="21" type="stmt"/>
        <line num="197" count="21" type="stmt"/>
        <line num="198" count="21" type="stmt"/>
        <line num="200" count="21" type="stmt"/>
        <line num="202" count="21" type="stmt"/>
        <line num="203" count="0" type="stmt"/>
        <line num="204" count="0" type="stmt"/>
        <line num="205" count="21" type="stmt"/>
        <line num="207" count="21" type="cond" truecount="1" falsecount="0"/>
        <line num="208" count="21" type="stmt"/>
        <line num="209" count="21" type="stmt"/>
        <line num="210" count="21" type="stmt"/>
        <line num="211" count="278" type="stmt"/>
        <line num="213" count="278" type="cond" truecount="1" falsecount="0"/>
        <line num="214" count="28" type="cond" truecount="3" falsecount="0"/>
        <line num="216" count="21" type="stmt"/>
        <line num="217" count="28" type="cond" truecount="1" falsecount="1"/>
        <line num="218" count="28" type="cond" truecount="1" falsecount="1"/>
        <line num="219" count="28" type="cond" truecount="1" falsecount="1"/>
        <line num="220" count="28" type="cond" truecount="1" falsecount="1"/>
        <line num="221" count="28" type="cond" truecount="1" falsecount="1"/>
        <line num="222" count="28" type="cond" truecount="1" falsecount="1"/>
        <line num="223" count="28" type="cond" truecount="1" falsecount="1"/>
        <line num="224" count="28" type="cond" truecount="1" falsecount="1"/>
        <line num="226" count="21" type="stmt"/>
        <line num="227" count="28" type="cond" truecount="1" falsecount="1"/>
        <line num="228" count="28" type="stmt"/>
        <line num="229" count="278" type="stmt"/>
        <line num="230" count="278" type="stmt"/>
        <line num="231" count="278" type="stmt"/>
        <line num="232" count="278" type="stmt"/>
        <line num="233" count="278" type="stmt"/>
        <line num="234" count="278" type="stmt"/>
        <line num="235" count="278" type="stmt"/>
        <line num="236" count="278" type="stmt"/>
        <line num="237" count="278" type="stmt"/>
        <line num="238" count="278" type="stmt"/>
        <line num="239" count="278" type="stmt"/>
        <line num="241" count="278" type="cond" truecount="1" falsecount="0"/>
        <line num="242" count="21" type="stmt"/>
        <line num="243" count="0" type="stmt"/>
        <line num="244" count="0" type="stmt"/>
        <line num="245" count="0" type="stmt"/>
        <line num="246" count="0" type="stmt"/>
        <line num="248" count="0" type="stmt"/>
        <line num="249" count="0" type="stmt"/>
        <line num="250" count="0" type="stmt"/>
        <line num="251" count="0" type="stmt"/>
        <line num="252" count="0" type="stmt"/>
        <line num="253" count="0" type="stmt"/>
        <line num="254" count="0" type="stmt"/>
        <line num="255" count="0" type="stmt"/>
        <line num="256" count="0" type="stmt"/>
        <line num="257" count="0" type="stmt"/>
        <line num="258" count="0" type="stmt"/>
        <line num="260" count="21" type="stmt"/>
        <line num="261" count="21" type="cond" truecount="1" falsecount="0"/>
        <line num="262" count="278" type="stmt"/>
        <line num="264" count="278" type="stmt"/>
        <line num="266" count="278" type="cond" truecount="1" falsecount="0"/>
        <line num="267" count="21" type="cond" truecount="1" falsecount="0"/>
        <line num="268" count="158" type="stmt"/>
        <line num="269" count="158" type="stmt"/>
        <line num="270" count="158" type="cond" truecount="1" falsecount="0"/>
        <line num="271" count="4" type="cond" truecount="1" falsecount="0"/>
        <line num="272" count="4" type="cond" truecount="1" falsecount="0"/>
        <line num="273" count="4" type="stmt"/>
        <line num="274" count="158" type="cond" truecount="1" falsecount="0"/>
        <line num="275" count="154" type="stmt"/>
        <line num="276" count="154" type="cond" truecount="1" falsecount="0"/>
        <line num="278" count="4" type="cond" truecount="0" falsecount="1"/>
        <line num="279" count="0" type="stmt"/>
        <line num="280" count="0" type="stmt"/>
        <line num="281" count="4" type="cond" truecount="0" falsecount="1"/>
        <line num="282" count="0" type="stmt"/>
        <line num="283" count="0" type="stmt"/>
        <line num="284" count="0" type="stmt"/>
        <line num="285" count="158" type="stmt"/>
        <line num="287" count="21" type="stmt"/>
        <line num="288" count="21" type="cond" truecount="1" falsecount="0"/>
        <line num="289" count="278" type="stmt"/>
        <line num="291" count="278" type="stmt"/>
        <line num="292" count="278" type="cond" truecount="1" falsecount="0"/>
        <line num="293" count="8" type="cond" truecount="0" falsecount="1"/>
        <line num="294" count="8" type="cond" truecount="1" falsecount="0"/>
        <line num="295" count="3" type="stmt"/>
        <line num="296" count="3" type="stmt"/>
        <line num="297" count="3" type="stmt"/>
        <line num="298" count="3" type="cond" truecount="1" falsecount="0"/>
        <line num="299" count="3" type="cond" truecount="1" falsecount="0"/>
        <line num="300" count="7" type="stmt"/>
        <line num="301" count="7" type="stmt"/>
        <line num="302" count="8" type="stmt"/>
        <line num="303" count="278" type="stmt"/>
        <line num="304" count="278" type="stmt"/>
        <line num="306" count="278" type="stmt"/>
        <line num="307" count="278" type="cond" truecount="1" falsecount="0"/>
        <line num="308" count="8" type="stmt"/>
        <line num="309" count="8" type="stmt"/>
        <line num="310" count="278" type="stmt"/>
        <line num="311" count="278" type="stmt"/>
        <line num="313" count="278" type="cond" truecount="1" falsecount="0"/>
        <line num="314" count="3" type="stmt"/>
        <line num="315" count="3" type="cond" truecount="0" falsecount="1"/>
        <line num="316" count="3" type="stmt"/>
        <line num="317" count="3" type="cond" truecount="0" falsecount="1"/>
        <line num="318" count="0" type="stmt"/>
        <line num="319" count="0" type="stmt"/>
        <line num="320" count="0" type="stmt"/>
        <line num="321" count="3" type="stmt"/>
        <line num="322" count="3" type="cond" truecount="1" falsecount="0"/>
        <line num="323" count="2" type="stmt"/>
        <line num="324" count="2" type="stmt"/>
        <line num="325" count="2" type="cond" truecount="1" falsecount="0"/>
        <line num="326" count="1" type="cond" truecount="0" falsecount="1"/>
        <line num="327" count="1" type="stmt"/>
        <line num="328" count="3" type="stmt"/>
        <line num="330" count="278" type="stmt"/>
        <line num="331" count="0" type="stmt"/>
        <line num="332" count="0" type="stmt"/>
        <line num="333" count="0" type="stmt"/>
        <line num="334" count="0" type="stmt"/>
        <line num="335" count="0" type="stmt"/>
        <line num="336" count="0" type="stmt"/>
        <line num="338" count="278" type="stmt"/>
        <line num="339" count="0" type="stmt"/>
        <line num="340" count="0" type="stmt"/>
        <line num="341" count="0" type="stmt"/>
        <line num="342" count="0" type="stmt"/>
        <line num="343" count="0" type="stmt"/>
        <line num="344" count="0" type="stmt"/>
        <line num="345" count="0" type="stmt"/>
        <line num="347" count="278" type="stmt"/>
        <line num="348" count="0" type="stmt"/>
        <line num="349" count="0" type="stmt"/>
        <line num="350" count="0" type="stmt"/>
        <line num="351" count="0" type="stmt"/>
        <line num="352" count="0" type="stmt"/>
        <line num="353" count="0" type="stmt"/>
        <line num="354" count="0" type="stmt"/>
        <line num="355" count="0" type="stmt"/>
        <line num="356" count="0" type="stmt"/>
        <line num="357" count="0" type="stmt"/>
        <line num="358" count="0" type="stmt"/>
        <line num="359" count="0" type="stmt"/>
        <line num="360" count="0" type="stmt"/>
        <line num="361" count="0" type="stmt"/>
        <line num="362" count="0" type="stmt"/>
        <line num="363" count="0" type="stmt"/>
        <line num="364" count="0" type="stmt"/>
        <line num="365" count="0" type="stmt"/>
        <line num="366" count="0" type="stmt"/>
        <line num="367" count="0" type="stmt"/>
        <line num="368" count="0" type="stmt"/>
        <line num="370" count="278" type="cond" truecount="1" falsecount="0"/>
        <line num="372" count="1" type="cond" truecount="0" falsecount="1"/>
        <line num="373" count="0" type="stmt"/>
        <line num="374" count="0" type="stmt"/>
        <line num="375" count="0" type="stmt"/>
        <line num="376" count="1" type="cond" truecount="0" falsecount="1"/>
        <line num="377" count="0" type="stmt"/>
        <line num="378" count="0" type="stmt"/>
        <line num="379" count="0" type="stmt"/>
        <line num="381" count="1" type="stmt"/>
        <line num="382" count="1" type="stmt"/>
        <line num="383" count="1" type="stmt"/>
        <line num="384" count="1" type="stmt"/>
        <line num="385" count="1" type="cond" truecount="0" falsecount="1"/>
        <line num="386" count="1" type="stmt"/>
        <line num="387" count="1" type="stmt"/>
        <line num="388" count="1" type="stmt"/>
        <line num="389" count="1" type="stmt"/>
        <line num="391" count="1" type="stmt"/>
        <line num="393" count="1" type="stmt"/>
        <line num="396" count="1" type="stmt"/>
        <line num="397" count="1" type="stmt"/>
        <line num="398" count="1" type="stmt"/>
        <line num="399" count="1" type="cond" truecount="0" falsecount="1"/>
        <line num="400" count="0" type="stmt"/>
        <line num="401" count="0" type="stmt"/>
        <line num="402" count="0" type="stmt"/>
        <line num="403" count="1" type="stmt"/>
        <line num="405" count="278" type="cond" truecount="1" falsecount="0"/>
        <line num="407" count="1" type="cond" truecount="0" falsecount="1"/>
        <line num="408" count="0" type="stmt"/>
        <line num="409" count="0" type="stmt"/>
        <line num="410" count="0" type="stmt"/>
        <line num="411" count="1" type="cond" truecount="0" falsecount="1"/>
        <line num="412" count="0" type="stmt"/>
        <line num="413" count="0" type="stmt"/>
        <line num="414" count="0" type="stmt"/>
        <line num="416" count="1" type="stmt"/>
        <line num="417" count="1" type="stmt"/>
        <line num="418" count="1" type="stmt"/>
        <line num="419" count="1" type="stmt"/>
        <line num="420" count="1" type="cond" truecount="0" falsecount="1"/>
        <line num="421" count="1" type="stmt"/>
        <line num="422" count="1" type="stmt"/>
        <line num="423" count="1" type="stmt"/>
        <line num="424" count="1" type="stmt"/>
        <line num="426" count="1" type="stmt"/>
        <line num="428" count="1" type="stmt"/>
        <line num="431" count="1" type="stmt"/>
        <line num="432" count="1" type="stmt"/>
        <line num="433" count="1" type="stmt"/>
        <line num="434" count="1" type="cond" truecount="0" falsecount="1"/>
        <line num="435" count="0" type="stmt"/>
        <line num="436" count="0" type="stmt"/>
        <line num="437" count="0" type="stmt"/>
        <line num="438" count="1" type="stmt"/>
        <line num="440" count="278" type="stmt"/>
        <line num="441" count="278" type="cond" truecount="1" falsecount="0"/>
        <line num="442" count="45" type="cond" truecount="1" falsecount="0"/>
        <line num="443" count="5" type="stmt"/>
        <line num="444" count="5" type="cond" truecount="2" falsecount="0"/>
        <line num="445" count="2" type="cond" truecount="0" falsecount="1"/>
        <line num="446" count="2" type="cond" truecount="1" falsecount="0"/>
        <line num="447" count="1" type="stmt"/>
        <line num="448" count="5" type="stmt"/>
        <line num="450" count="45" type="stmt"/>
        <line num="451" count="45" type="stmt"/>
        <line num="452" count="45" type="stmt"/>
        <line num="453" count="45" type="stmt"/>
        <line num="454" count="45" type="cond" truecount="2" falsecount="0"/>
        <line num="455" count="45" type="stmt"/>
        <line num="456" count="45" type="stmt"/>
        <line num="458" count="45" type="stmt"/>
        <line num="459" count="45" type="stmt"/>
        <line num="461" count="45" type="stmt"/>
        <line num="462" count="278" type="stmt"/>
        <line num="463" count="278" type="stmt"/>
        <line num="465" count="278" type="cond" truecount="1" falsecount="0"/>
        <line num="466" count="28" type="stmt"/>
        <line num="467" count="28" type="cond" truecount="0" falsecount="1"/>
        <line num="468" count="0" type="stmt"/>
        <line num="469" count="0" type="stmt"/>
        <line num="470" count="0" type="stmt"/>
        <line num="471" count="0" type="stmt"/>
        <line num="472" count="28" type="stmt"/>
        <line num="473" count="278" type="stmt"/>
        <line num="475" count="278" type="cond" truecount="1" falsecount="0"/>
        <line num="476" count="28" type="stmt"/>
        <line num="477" count="28" type="cond" truecount="0" falsecount="1"/>
        <line num="478" count="278" type="stmt"/>
        <line num="480" count="278" type="cond" truecount="1" falsecount="0"/>
        <line num="481" count="28" type="cond" truecount="1" falsecount="0"/>
        <line num="482" count="21" type="stmt"/>
        <line num="483" count="21" type="stmt"/>
        <line num="484" count="21" type="cond" truecount="1" falsecount="0"/>
        <line num="485" count="7" type="stmt"/>
        <line num="486" count="7" type="stmt"/>
        <line num="487" count="7" type="stmt"/>
        <line num="488" count="7" type="cond" truecount="1" falsecount="0"/>
        <line num="489" count="7" type="stmt"/>
        <line num="490" count="7" type="stmt"/>
        <line num="491" count="7" type="stmt"/>
        <line num="492" count="7" type="stmt"/>
        <line num="493" count="7" type="stmt"/>
        <line num="494" count="7" type="stmt"/>
        <line num="495" count="0" type="stmt"/>
        <line num="496" count="0" type="stmt"/>
        <line num="497" count="0" type="stmt"/>
        <line num="498" count="0" type="stmt"/>
        <line num="499" count="7" type="stmt"/>
        <line num="500" count="7" type="cond" truecount="1" falsecount="0"/>
        <line num="501" count="7" type="stmt"/>
        <line num="502" count="7" type="stmt"/>
        <line num="503" count="278" type="stmt"/>
        <line num="505" count="278" type="cond" truecount="1" falsecount="0"/>
        <line num="506" count="42" type="cond" truecount="0" falsecount="1"/>
        <line num="507" count="42" type="stmt"/>
        <line num="508" count="42" type="stmt"/>
        <line num="509" count="42" type="stmt"/>
        <line num="510" count="42" type="stmt"/>
        <line num="511" count="42" type="stmt"/>
        <line num="512" count="42" type="stmt"/>
        <line num="513" count="42" type="stmt"/>
        <line num="514" count="42" type="stmt"/>
        <line num="515" count="42" type="stmt"/>
        <line num="516" count="42" type="stmt"/>
        <line num="517" count="278" type="stmt"/>
        <line num="518" count="278" type="stmt"/>
        <line num="519" count="278" type="stmt"/>
        <line num="520" count="278" type="stmt"/>
        <line num="521" count="278" type="stmt"/>
        <line num="522" count="278" type="stmt"/>
        <line num="523" count="278" type="stmt"/>
        <line num="524" count="278" type="stmt"/>
        <line num="525" count="278" type="stmt"/>
        <line num="526" count="278" type="stmt"/>
        <line num="527" count="278" type="stmt"/>
        <line num="528" count="278" type="stmt"/>
        <line num="530" count="278" type="cond" truecount="1" falsecount="0"/>
        <line num="531" count="42" type="cond" truecount="0" falsecount="1"/>
        <line num="532" count="0" type="stmt"/>
        <line num="533" count="0" type="stmt"/>
        <line num="534" count="42" type="stmt"/>
        <line num="535" count="42" type="cond" truecount="1" falsecount="0"/>
        <line num="536" count="21" type="stmt"/>
        <line num="537" count="21" type="stmt"/>
        <line num="538" count="42" type="stmt"/>
        <line num="539" count="42" type="stmt"/>
        <line num="540" count="278" type="stmt"/>
        <line num="542" count="278" type="stmt"/>
        <line num="543" count="278" type="stmt"/>
        <line num="544" count="278" type="stmt"/>
        <line num="545" count="278" type="stmt"/>
        <line num="546" count="278" type="stmt"/>
        <line num="547" count="278" type="stmt"/>
        <line num="549" count="278" type="cond" truecount="1" falsecount="0"/>
        <line num="550" count="21" type="cond" truecount="0" falsecount="1"/>
        <line num="551" count="0" type="stmt"/>
        <line num="552" count="0" type="stmt"/>
        <line num="553" count="0" type="stmt"/>
        <line num="554" count="0" type="stmt"/>
        <line num="555" count="0" type="stmt"/>
        <line num="556" count="21" type="stmt"/>
        <line num="557" count="21" type="stmt"/>
        <line num="558" count="21" type="stmt"/>
        <line num="559" count="21" type="stmt"/>
        <line num="560" count="278" type="stmt"/>
        <line num="562" count="278" type="cond" truecount="1" falsecount="0"/>
        <line num="563" count="21" type="cond" truecount="2" falsecount="0"/>
        <line num="564" count="21" type="stmt"/>
        <line num="565" count="21" type="stmt"/>
        <line num="566" count="21" type="stmt"/>
        <line num="567" count="21" type="stmt"/>
        <line num="568" count="21" type="stmt"/>
        <line num="569" count="21" type="stmt"/>
        <line num="570" count="21" type="stmt"/>
        <line num="571" count="21" type="stmt"/>
        <line num="572" count="21" type="cond" truecount="2" falsecount="0"/>
        <line num="573" count="21" type="stmt"/>
        <line num="574" count="21" type="stmt"/>
        <line num="575" count="21" type="stmt"/>
        <line num="576" count="21" type="stmt"/>
        <line num="577" count="21" type="stmt"/>
        <line num="578" count="21" type="stmt"/>
        <line num="579" count="21" type="stmt"/>
        <line num="580" count="21" type="stmt"/>
        <line num="582" count="21" type="cond" truecount="1" falsecount="0"/>
        <line num="584" count="278" type="cond" truecount="0" falsecount="1"/>
        <line num="585" count="0" type="stmt"/>
        <line num="586" count="0" type="stmt"/>
        <line num="588" count="0" type="cond" truecount="1" falsecount="0"/>
        <line num="590" count="257" type="cond" truecount="1" falsecount="0"/>
        <line num="591" count="6" type="stmt"/>
        <line num="592" count="6" type="stmt"/>
        <line num="593" count="6" type="stmt"/>
        <line num="595" count="6" type="cond" truecount="1" falsecount="0"/>
        <line num="596" count="1" type="stmt"/>
        <line num="597" count="1" type="stmt"/>
        <line num="598" count="1" type="cond" truecount="1" falsecount="0"/>
        <line num="599" count="6" type="cond" truecount="1" falsecount="0"/>
        <line num="600" count="1" type="stmt"/>
        <line num="601" count="1" type="stmt"/>
        <line num="602" count="1" type="cond" truecount="1" falsecount="0"/>
        <line num="603" count="6" type="cond" truecount="1" falsecount="0"/>
        <line num="604" count="1" type="stmt"/>
        <line num="605" count="1" type="stmt"/>
        <line num="606" count="1" type="cond" truecount="1" falsecount="0"/>
        <line num="607" count="3" type="stmt"/>
        <line num="608" count="6" type="cond" truecount="0" falsecount="1"/>
        <line num="609" count="0" type="stmt"/>
        <line num="610" count="0" type="stmt"/>
        <line num="611" count="0" type="cond" truecount="1" falsecount="0"/>
        <line num="612" count="3" type="stmt"/>
        <line num="613" count="3" type="stmt"/>
        <line num="614" count="3" type="stmt"/>
        <line num="615" count="3" type="stmt"/>
        <line num="616" count="3" type="stmt"/>
        <line num="617" count="3" type="stmt"/>
        <line num="618" count="3" type="stmt"/>
        <line num="619" count="3" type="stmt"/>
        <line num="620" count="3" type="stmt"/>
        <line num="621" count="6" type="cond" truecount="0" falsecount="1"/>
        <line num="622" count="0" type="stmt"/>
        <line num="623" count="6" type="cond" truecount="1" falsecount="0"/>
        <line num="624" count="6" type="stmt"/>
        <line num="625" count="6" type="stmt"/>
        <line num="626" count="6" type="stmt"/>
        <line num="628" count="257" type="stmt"/>
        <line num="629" count="257" type="stmt"/>
        <line num="630" count="257" type="stmt"/>
        <line num="631" count="257" type="stmt"/>
        <line num="632" count="257" type="stmt"/>
        <line num="633" count="257" type="stmt"/>
        <line num="634" count="257" type="stmt"/>
        <line num="635" count="257" type="stmt"/>
        <line num="636" count="257" type="stmt"/>
        <line num="637" count="257" type="stmt"/>
        <line num="638" count="257" type="stmt"/>
        <line num="639" count="257" type="stmt"/>
        <line num="640" count="257" type="stmt"/>
        <line num="641" count="278" type="cond" truecount="1" falsecount="1"/>
        <line num="643" count="278" type="cond" truecount="1" falsecount="1"/>
        <line num="644" count="278" type="stmt"/>
        <line num="645" count="278" type="stmt"/>
        <line num="646" count="278" type="stmt"/>
        <line num="647" count="278" type="stmt"/>
        <line num="649" count="278" type="stmt"/>
        <line num="650" count="278" type="stmt"/>
        <line num="651" count="278" type="stmt"/>
        <line num="652" count="278" type="stmt"/>
        <line num="653" count="278" type="stmt"/>
        <line num="654" count="278" type="stmt"/>
        <line num="657" count="278" type="stmt"/>
        <line num="658" count="278" type="stmt"/>
        <line num="659" count="278" type="stmt"/>
        <line num="660" count="278" type="stmt"/>
        <line num="662" count="278" type="stmt"/>
        <line num="663" count="278" type="stmt"/>
        <line num="664" count="278" type="cond" truecount="1" falsecount="0"/>
        <line num="665" count="46" type="stmt"/>
        <line num="666" count="46" type="stmt"/>
        <line num="667" count="46" type="stmt"/>
        <line num="668" count="278" type="stmt"/>
        <line num="669" count="278" type="stmt"/>
        <line num="670" count="278" type="stmt"/>
        <line num="671" count="278" type="stmt"/>
        <line num="673" count="278" type="stmt"/>
        <line num="674" count="278" type="stmt"/>
        <line num="675" count="278" type="stmt"/>
        <line num="676" count="278" type="stmt"/>
        <line num="677" count="0" type="stmt"/>
        <line num="678" count="0" type="stmt"/>
        <line num="679" count="0" type="stmt"/>
        <line num="680" count="278" type="stmt"/>
        <line num="681" count="278" type="stmt"/>
        <line num="682" count="278" type="stmt"/>
        <line num="683" count="278" type="stmt"/>
        <line num="684" count="278" type="stmt"/>
        <line num="686" count="278" type="stmt"/>
        <line num="687" count="278" type="stmt"/>
        <line num="688" count="278" type="cond" truecount="1" falsecount="0"/>
        <line num="689" count="112" type="stmt"/>
        <line num="690" count="112" type="stmt"/>
        <line num="691" count="112" type="stmt"/>
        <line num="692" count="278" type="stmt"/>
        <line num="693" count="278" type="stmt"/>
        <line num="694" count="278" type="stmt"/>
        <line num="695" count="278" type="stmt"/>
        <line num="696" count="278" type="stmt"/>
        <line num="697" count="278" type="stmt"/>
        <line num="699" count="278" type="stmt"/>
        <line num="700" count="278" type="stmt"/>
        <line num="701" count="278" type="stmt"/>
        <line num="702" count="278" type="cond" truecount="1" falsecount="0"/>
        <line num="703" count="1" type="stmt"/>
        <line num="704" count="1" type="stmt"/>
        <line num="705" count="1" type="stmt"/>
        <line num="706" count="278" type="stmt"/>
        <line num="707" count="278" type="stmt"/>
        <line num="708" count="278" type="stmt"/>
        <line num="710" count="278" type="stmt"/>
        <line num="711" count="278" type="stmt"/>
        <line num="712" count="278" type="stmt"/>
        <line num="713" count="0" type="stmt"/>
        <line num="714" count="0" type="stmt"/>
        <line num="715" count="0" type="stmt"/>
        <line num="717" count="278" type="stmt"/>
        <line num="718" count="278" type="stmt"/>
        <line num="719" count="278" type="stmt"/>
        <line num="720" count="278" type="stmt"/>
        <line num="721" count="278" type="stmt"/>
        <line num="722" count="278" type="stmt"/>
        <line num="723" count="278" type="stmt"/>
        <line num="724" count="278" type="cond" truecount="2" falsecount="0"/>
        <line num="725" count="278" type="stmt"/>
        <line num="726" count="278" type="cond" truecount="1" falsecount="0"/>
        <line num="727" count="168" type="stmt"/>
        <line num="728" count="168" type="stmt"/>
        <line num="729" count="168" type="stmt"/>
        <line num="730" count="168" type="cond" truecount="1" falsecount="0"/>
        <line num="731" count="1" type="stmt"/>
        <line num="732" count="1" type="stmt"/>
        <line num="733" count="1" type="stmt"/>
        <line num="734" count="168" type="stmt"/>
        <line num="736" count="168" type="stmt"/>
        <line num="738" count="278" type="stmt"/>
        <line num="739" count="278" type="stmt"/>
        <line num="740" count="278" type="stmt"/>
        <line num="741" count="278" type="stmt"/>
        <line num="742" count="278" type="stmt"/>
        <line num="744" count="278" type="stmt"/>
        <line num="746" count="278" type="stmt"/>
        <line num="747" count="278" type="stmt"/>
        <line num="748" count="278" type="stmt"/>
        <line num="749" count="278" type="stmt"/>
        <line num="750" count="278" type="stmt"/>
        <line num="751" count="278" type="stmt"/>
        <line num="752" count="278" type="stmt"/>
        <line num="753" count="278" type="stmt"/>
        <line num="754" count="278" type="stmt"/>
        <line num="755" count="278" type="stmt"/>
        <line num="756" count="278" type="stmt"/>
        <line num="757" count="278" type="stmt"/>
        <line num="758" count="278" type="cond" truecount="1" falsecount="0"/>
        <line num="759" count="1799" type="stmt"/>
        <line num="760" count="1799" type="stmt"/>
        <line num="761" count="1799" type="cond" truecount="2" falsecount="0"/>
        <line num="762" count="1799" type="stmt"/>
        <line num="764" count="1799" type="stmt"/>
        <line num="765" count="1799" type="stmt"/>
        <line num="766" count="278" type="stmt"/>
        <line num="767" count="278" type="stmt"/>
        <line num="768" count="278" type="stmt"/>
        <line num="770" count="278" type="cond" truecount="1" falsecount="0"/>
        <line num="771" count="50" type="stmt"/>
        <line num="772" count="50" type="cond" truecount="1" falsecount="0"/>
        <line num="773" count="150" type="stmt"/>
        <line num="774" count="50" type="stmt"/>
        <line num="775" count="50" type="cond" truecount="1" falsecount="0"/>
        <line num="776" count="207" type="stmt"/>
        <line num="777" count="207" type="stmt"/>
        <line num="778" count="207" type="cond" truecount="1" falsecount="0"/>
        <line num="779" count="207" type="stmt"/>
        <line num="780" count="207" type="stmt"/>
        <line num="781" count="207" type="stmt"/>
        <line num="782" count="207" type="stmt"/>
        <line num="783" count="207" type="stmt"/>
        <line num="784" count="207" type="cond" truecount="1" falsecount="0"/>
        <line num="785" count="207" type="stmt"/>
        <line num="786" count="207" type="stmt"/>
        <line num="787" count="207" type="stmt"/>
        <line num="788" count="207" type="stmt"/>
        <line num="789" count="207" type="stmt"/>
        <line num="790" count="207" type="stmt"/>
        <line num="791" count="207" type="stmt"/>
        <line num="792" count="207" type="stmt"/>
        <line num="793" count="207" type="stmt"/>
        <line num="794" count="207" type="stmt"/>
        <line num="795" count="207" type="cond" truecount="0" falsecount="1"/>
        <line num="797" count="0" type="stmt"/>
        <line num="798" count="0" type="stmt"/>
        <line num="799" count="0" type="stmt"/>
        <line num="800" count="0" type="stmt"/>
        <line num="801" count="0" type="stmt"/>
        <line num="802" count="0" type="stmt"/>
        <line num="803" count="0" type="stmt"/>
        <line num="804" count="0" type="stmt"/>
        <line num="805" count="0" type="stmt"/>
        <line num="807" count="278" type="stmt"/>
        <line num="808" count="278" type="stmt"/>
        <line num="810" count="278" type="cond" truecount="0" falsecount="1"/>
        <line num="811" count="0" type="stmt"/>
        <line num="812" count="0" type="stmt"/>
        <line num="813" count="0" type="stmt"/>
        <line num="814" count="0" type="stmt"/>
        <line num="815" count="0" type="stmt"/>
        <line num="816" count="0" type="stmt"/>
        <line num="817" count="0" type="stmt"/>
        <line num="818" count="0" type="stmt"/>
        <line num="821" count="278" type="stmt"/>
        <line num="822" count="278" type="stmt"/>
        <line num="823" count="278" type="stmt"/>
        <line num="824" count="278" type="stmt"/>
        <line num="825" count="278" type="stmt"/>
        <line num="827" count="278" type="stmt"/>
        <line num="829" count="1" type="stmt"/>
      </file>
      <file name="BountyCard.tsx" path="/workspaces/stellar-bounty-board/frontend/src/BountyCard.tsx">
        <metrics statements="131" coveredstatements="126" conditionals="27" coveredconditionals="23" methods="7" coveredmethods="7"/>
        <line num="1" count="1" type="stmt"/>
        <line num="2" count="1" type="stmt"/>
        <line num="4" count="1" type="stmt"/>
        <line num="5" count="1" type="stmt"/>
        <line num="16" count="1" type="cond" truecount="1" falsecount="0"/>
        <line num="17" count="45" type="stmt"/>
        <line num="19" count="45" type="cond" truecount="1" falsecount="0"/>
        <line num="20" count="21" type="stmt"/>
        <line num="22" count="21" type="cond" truecount="1" falsecount="0"/>
        <line num="23" count="17" type="stmt"/>
        <line num="24" count="17" type="stmt"/>
        <line num="25" count="17" type="stmt"/>
        <line num="26" count="17" type="stmt"/>
        <line num="27" count="17" type="stmt"/>
        <line num="28" count="17" type="stmt"/>
        <line num="29" count="17" type="stmt"/>
        <line num="30" count="17" type="cond" truecount="1" falsecount="0"/>
        <line num="31" count="17" type="stmt"/>
        <line num="32" count="17" type="stmt"/>
        <line num="33" count="17" type="cond" truecount="1" falsecount="0"/>
        <line num="35" count="4" type="cond" truecount="0" falsecount="1"/>
        <line num="36" count="0" type="stmt"/>
        <line num="37" count="0" type="stmt"/>
        <line num="38" count="0" type="stmt"/>
        <line num="39" count="0" type="stmt"/>
        <line num="40" count="0" type="stmt"/>
        <line num="42" count="4" type="stmt"/>
        <line num="43" count="4" type="cond" truecount="1" falsecount="0"/>
        <line num="44" count="4" type="stmt"/>
        <line num="45" count="4" type="stmt"/>
        <line num="46" count="4" type="stmt"/>
        <line num="47" count="4" type="stmt"/>
        <line num="49" count="4" type="cond" truecount="1" falsecount="0"/>
        <line num="50" count="4" type="stmt"/>
        <line num="51" count="4" type="stmt"/>
        <line num="52" count="45" type="stmt"/>
        <line num="54" count="45" type="stmt"/>
        <line num="55" count="45" type="stmt"/>
        <line num="56" count="45" type="stmt"/>
        <line num="57" count="45" type="stmt"/>
        <line num="58" count="45" type="stmt"/>
        <line num="59" count="45" type="cond" truecount="1" falsecount="0"/>
        <line num="60" count="45" type="stmt"/>
        <line num="62" count="45" type="stmt"/>
        <line num="86" count="38" type="cond" truecount="1" falsecount="0"/>
        <line num="87" count="38" type="stmt"/>
        <line num="88" count="38" type="stmt"/>
        <line num="96" count="10" type="cond" truecount="1" falsecount="0"/>
        <line num="97" count="10" type="stmt"/>
        <line num="98" count="10" type="stmt"/>
        <line num="99" count="10" type="stmt"/>
        <line num="100" count="10" type="stmt"/>
        <line num="101" count="10" type="stmt"/>
        <line num="102" count="10" type="stmt"/>
        <line num="103" count="10" type="stmt"/>
        <line num="105" count="10" type="stmt"/>
        <line num="114" count="1" type="cond" truecount="1" falsecount="0"/>
        <line num="115" count="36" type="stmt"/>
        <line num="116" count="36" type="stmt"/>
        <line num="117" count="36" type="stmt"/>
        <line num="118" count="36" type="stmt"/>
        <line num="119" count="36" type="cond" truecount="1" falsecount="0"/>
        <line num="121" count="36" type="stmt"/>
        <line num="122" count="36" type="stmt"/>
        <line num="123" count="36" type="stmt"/>
        <line num="124" count="36" type="stmt"/>
        <line num="125" count="36" type="stmt"/>
        <line num="126" count="36" type="cond" truecount="1" falsecount="0"/>
        <line num="127" count="6" type="cond" truecount="0" falsecount="2"/>
        <line num="128" count="6" type="stmt"/>
        <line num="129" count="6" type="stmt"/>
        <line num="130" count="36" type="cond" truecount="1" falsecount="0"/>
        <line num="131" count="4" type="cond" truecount="3" falsecount="0"/>
        <line num="132" count="4" type="cond" truecount="2" falsecount="0"/>
        <line num="133" count="2" type="stmt"/>
        <line num="134" count="2" type="stmt"/>
        <line num="135" count="2" type="stmt"/>
        <line num="136" count="4" type="stmt"/>
        <line num="138" count="36" type="stmt"/>
        <line num="139" count="36" type="stmt"/>
        <line num="140" count="36" type="stmt"/>
        <line num="141" count="36" type="stmt"/>
        <line num="142" count="36" type="stmt"/>
        <line num="144" count="36" type="stmt"/>
        <line num="145" count="36" type="stmt"/>
        <line num="146" count="36" type="stmt"/>
        <line num="147" count="36" type="stmt"/>
        <line num="148" count="36" type="stmt"/>
        <line num="149" count="36" type="stmt"/>
        <line num="151" count="36" type="stmt"/>
        <line num="153" count="36" type="stmt"/>
        <line num="154" count="36" type="stmt"/>
        <line num="155" count="36" type="stmt"/>
        <line num="156" count="36" type="stmt"/>
        <line num="157" count="36" type="stmt"/>
        <line num="158" count="36" type="stmt"/>
        <line num="159" count="36" type="stmt"/>
        <line num="160" count="36" type="stmt"/>
        <line num="161" count="36" type="stmt"/>
        <line num="163" count="36" type="stmt"/>
        <line num="164" count="36" type="stmt"/>
        <line num="165" count="36" type="stmt"/>
        <line num="166" count="36" type="stmt"/>
        <line num="167" count="36" type="stmt"/>
        <line num="168" count="36" type="stmt"/>
        <line num="169" count="36" type="stmt"/>
        <line num="170" count="36" type="stmt"/>
        <line num="171" count="36" type="stmt"/>
        <line num="172" count="36" type="stmt"/>
        <line num="173" count="36" type="stmt"/>
        <line num="174" count="36" type="stmt"/>
        <line num="175" count="36" type="stmt"/>
        <line num="176" count="36" type="stmt"/>
        <line num="177" count="36" type="stmt"/>
        <line num="178" count="36" type="stmt"/>
        <line num="179" count="36" type="cond" truecount="2" falsecount="0"/>
        <line num="180" count="36" type="stmt"/>
        <line num="181" count="36" type="stmt"/>
        <line num="183" count="36" type="stmt"/>
        <line num="184" count="36" type="cond" truecount="1" falsecount="0"/>
        <line num="185" count="32" type="stmt"/>
        <line num="186" count="32" type="stmt"/>
        <line num="187" count="32" type="stmt"/>
        <line num="188" count="36" type="stmt"/>
        <line num="189" count="36" type="stmt"/>
        <line num="191" count="36" type="stmt"/>
        <line num="192" count="36" type="cond" truecount="1" falsecount="1"/>
        <line num="193" count="36" type="stmt"/>
        <line num="194" count="36" type="stmt"/>
        <line num="196" count="36" type="stmt"/>
        <line num="198" count="1" type="stmt"/>
      </file>
      <file name="BountyCountdown.tsx" path="/workspaces/stellar-bounty-board/frontend/src/BountyCountdown.tsx">
        <metrics statements="38" coveredstatements="38" conditionals="21" coveredconditionals="21" methods="2" coveredmethods="2"/>
        <line num="1" count="1" type="stmt"/>
        <line num="8" count="1" type="cond" truecount="1" falsecount="0"/>
        <line num="9" count="112" type="stmt"/>
        <line num="10" count="112" type="stmt"/>
        <line num="12" count="112" type="cond" truecount="1" falsecount="0"/>
        <line num="13" count="47" type="cond" truecount="1" falsecount="0"/>
        <line num="14" count="48" type="stmt"/>
        <line num="15" count="48" type="stmt"/>
        <line num="17" count="48" type="cond" truecount="2" falsecount="0"/>
        <line num="18" count="14" type="stmt"/>
        <line num="19" count="14" type="stmt"/>
        <line num="20" count="14" type="stmt"/>
        <line num="21" count="14" type="cond" truecount="2" falsecount="0"/>
        <line num="23" count="34" type="stmt"/>
        <line num="24" count="34" type="stmt"/>
        <line num="25" count="34" type="stmt"/>
        <line num="27" count="34" type="stmt"/>
        <line num="28" count="35" type="cond" truecount="2" falsecount="0"/>
        <line num="29" count="48" type="cond" truecount="4" falsecount="0"/>
        <line num="30" count="34" type="stmt"/>
        <line num="32" count="34" type="stmt"/>
        <line num="33" count="34" type="stmt"/>
        <line num="34" count="48" type="stmt"/>
        <line num="36" count="47" type="stmt"/>
        <line num="37" count="47" type="stmt"/>
        <line num="39" count="47" type="cond" truecount="1" falsecount="0"/>
        <line num="40" count="112" type="stmt"/>
        <line num="42" count="112" type="cond" truecount="4" falsecount="0"/>
        <line num="43" count="6" type="stmt"/>
        <line num="44" count="6" type="cond" truecount="1" falsecount="0"/>
        <line num="46" count="106" type="stmt"/>
        <line num="47" count="106" type="stmt"/>
        <line num="48" count="112" type="cond" truecount="2" falsecount="0"/>
        <line num="49" count="112" type="stmt"/>
        <line num="51" count="112" type="stmt"/>
        <line num="52" count="112" type="stmt"/>
        <line num="54" count="112" type="stmt"/>
        <line num="56" count="1" type="stmt"/>
      </file>
      <file name="BountyDetailPage.tsx" path="/workspaces/stellar-bounty-board/frontend/src/BountyDetailPage.tsx">
        <metrics statements="425" coveredstatements="345" conditionals="77" coveredconditionals="63" methods="10" coveredmethods="9"/>
        <line num="1" count="1" type="stmt"/>
        <line num="29" count="38" type="cond" truecount="1" falsecount="0"/>
        <line num="30" count="38" type="stmt"/>
        <line num="31" count="38" type="stmt"/>
        <line num="32" count="38" type="stmt"/>
        <line num="33" count="38" type="stmt"/>
        <line num="34" count="38" type="stmt"/>
        <line num="35" count="38" type="stmt"/>
        <line num="37" count="38" type="cond" truecount="1" falsecount="0"/>
        <line num="38" count="27" type="cond" truecount="2" falsecount="0"/>
        <line num="39" count="7" type="stmt"/>
        <line num="40" count="7" type="stmt"/>
        <line num="41" count="7" type="stmt"/>
        <line num="42" count="7" type="stmt"/>
        <line num="44" count="20" type="stmt"/>
        <line num="45" count="27" type="cond" truecount="3" falsecount="0"/>
        <line num="46" count="2" type="stmt"/>
        <line num="47" count="2" type="stmt"/>
        <line num="48" count="2" type="stmt"/>
        <line num="49" count="2" type="cond" truecount="1" falsecount="0"/>
        <line num="51" count="20" type="stmt"/>
        <line num="52" count="38" type="stmt"/>
        <line num="54" count="38" type="cond" truecount="1" falsecount="0"/>
        <line num="55" count="21" type="cond" truecount="2" falsecount="0"/>
        <line num="57" count="2" type="cond" truecount="1" falsecount="0"/>
        <line num="58" count="1" type="stmt"/>
        <line num="59" count="2" type="stmt"/>
        <line num="61" count="2" type="cond" truecount="1" falsecount="0"/>
        <line num="62" count="38" type="stmt"/>
        <line num="64" count="38" type="stmt"/>
        <line num="65" count="38" type="stmt"/>
        <line num="67" count="1" type="stmt"/>
        <line num="68" count="1" type="stmt"/>
        <line num="69" count="1" type="stmt"/>
        <line num="70" count="1" type="stmt"/>
        <line num="71" count="1" type="stmt"/>
        <line num="72" count="1" type="stmt"/>
        <line num="73" count="1" type="stmt"/>
        <line num="74" count="1" type="stmt"/>
        <line num="75" count="1" type="stmt"/>
        <line num="77" count="0" type="stmt"/>
        <line num="78" count="0" type="stmt"/>
        <line num="79" count="0" type="stmt"/>
        <line num="80" count="0" type="stmt"/>
        <line num="83" count="0" type="stmt"/>
        <line num="84" count="0" type="stmt"/>
        <line num="86" count="0" type="stmt"/>
        <line num="88" count="0" type="stmt"/>
        <line num="89" count="0" type="stmt"/>
        <line num="90" count="0" type="stmt"/>
        <line num="91" count="0" type="stmt"/>
        <line num="93" count="0" type="stmt"/>
        <line num="94" count="0" type="stmt"/>
        <line num="95" count="0" type="stmt"/>
        <line num="96" count="0" type="stmt"/>
        <line num="97" count="0" type="stmt"/>
        <line num="98" count="0" type="stmt"/>
        <line num="99" count="0" type="stmt"/>
        <line num="100" count="0" type="stmt"/>
        <line num="101" count="0" type="stmt"/>
        <line num="102" count="0" type="stmt"/>
        <line num="103" count="0" type="stmt"/>
        <line num="104" count="0" type="stmt"/>
        <line num="106" count="0" type="stmt"/>
        <line num="107" count="0" type="stmt"/>
        <line num="108" count="0" type="stmt"/>
        <line num="109" count="0" type="stmt"/>
        <line num="110" count="0" type="stmt"/>
        <line num="111" count="0" type="stmt"/>
        <line num="112" count="0" type="stmt"/>
        <line num="113" count="0" type="stmt"/>
        <line num="115" count="0" type="stmt"/>
        <line num="117" count="39" type="cond" truecount="1" falsecount="0"/>
        <line num="118" count="39" type="stmt"/>
        <line num="119" count="39" type="stmt"/>
        <line num="120" count="39" type="stmt"/>
        <line num="121" count="39" type="stmt"/>
        <line num="122" count="39" type="stmt"/>
        <line num="123" count="39" type="stmt"/>
        <line num="124" count="39" type="stmt"/>
        <line num="125" count="39" type="stmt"/>
        <line num="126" count="39" type="stmt"/>
        <line num="127" count="39" type="stmt"/>
        <line num="128" count="39" type="stmt"/>
        <line num="129" count="39" type="stmt"/>
        <line num="130" count="39" type="stmt"/>
        <line num="132" count="39" type="cond" truecount="1" falsecount="0"/>
        <line num="133" count="27" type="cond" truecount="5" falsecount="0"/>
        <line num="134" count="10" type="stmt"/>
        <line num="135" count="39" type="stmt"/>
        <line num="137" count="39" type="cond" truecount="1" falsecount="0"/>
        <line num="138" count="27" type="stmt"/>
        <line num="139" count="27" type="cond" truecount="1" falsecount="0"/>
        <line num="140" count="27" type="stmt"/>
        <line num="141" count="27" type="stmt"/>
        <line num="142" count="39" type="stmt"/>
        <line num="144" count="39" type="cond" truecount="1" falsecount="0"/>
        <line num="145" count="1" type="stmt"/>
        <line num="146" count="1" type="stmt"/>
        <line num="148" count="39" type="cond" truecount="1" falsecount="0"/>
        <line num="149" count="2" type="cond" truecount="0" falsecount="1"/>
        <line num="150" count="2" type="stmt"/>
        <line num="151" count="2" type="stmt"/>
        <line num="152" count="2" type="stmt"/>
        <line num="153" count="2" type="cond" truecount="1" falsecount="0"/>
        <line num="154" count="1" type="stmt"/>
        <line num="155" count="1" type="stmt"/>
        <line num="156" count="2" type="stmt"/>
        <line num="157" count="2" type="cond" truecount="1" falsecount="0"/>
        <line num="158" count="1" type="stmt"/>
        <line num="160" count="1" type="stmt"/>
        <line num="161" count="2" type="stmt"/>
        <line num="162" count="2" type="stmt"/>
        <line num="164" count="39" type="stmt"/>
        <line num="165" count="39" type="stmt"/>
        <line num="166" count="39" type="stmt"/>
        <line num="167" count="39" type="stmt"/>
        <line num="168" count="39" type="stmt"/>
        <line num="169" count="39" type="stmt"/>
        <line num="170" count="39" type="stmt"/>
        <line num="172" count="39" type="stmt"/>
        <line num="173" count="39" type="stmt"/>
        <line num="174" count="39" type="stmt"/>
        <line num="175" count="39" type="stmt"/>
        <line num="176" count="39" type="cond" truecount="2" falsecount="0"/>
        <line num="177" count="39" type="stmt"/>
        <line num="178" count="39" type="stmt"/>
        <line num="179" count="39" type="stmt"/>
        <line num="180" count="39" type="stmt"/>
        <line num="181" count="39" type="stmt"/>
        <line num="182" count="39" type="stmt"/>
        <line num="183" count="39" type="cond" truecount="1" falsecount="0"/>
        <line num="184" count="39" type="stmt"/>
        <line num="185" count="39" type="stmt"/>
        <line num="187" count="39" type="cond" truecount="1" falsecount="0"/>
        <line num="188" count="1" type="stmt"/>
        <line num="189" count="1" type="stmt"/>
        <line num="190" count="1" type="cond" truecount="1" falsecount="0"/>
        <line num="192" count="37" type="stmt"/>
        <line num="193" count="37" type="stmt"/>
        <line num="194" count="37" type="stmt"/>
        <line num="196" count="39" type="stmt"/>
        <line num="197" count="39" type="stmt"/>
        <line num="198" count="39" type="stmt"/>
        <line num="199" count="39" type="stmt"/>
        <line num="200" count="39" type="stmt"/>
        <line num="201" count="39" type="cond" truecount="1" falsecount="0"/>
        <line num="202" count="39" type="stmt"/>
        <line num="203" count="39" type="stmt"/>
        <line num="205" count="39" type="stmt"/>
        <line num="207" count="39" type="stmt"/>
        <line num="208" count="39" type="stmt"/>
        <line num="210" count="39" type="stmt"/>
        <line num="211" count="39" type="stmt"/>
        <line num="212" count="39" type="stmt"/>
        <line num="214" count="39" type="cond" truecount="2" falsecount="0"/>
        <line num="215" count="7" type="cond" truecount="1" falsecount="0"/>
        <line num="216" count="31" type="cond" truecount="1" falsecount="0"/>
        <line num="217" count="7" type="cond" truecount="1" falsecount="0"/>
        <line num="219" count="24" type="stmt"/>
        <line num="220" count="24" type="stmt"/>
        <line num="221" count="24" type="cond" truecount="1" falsecount="0"/>
        <line num="222" count="7" type="stmt"/>
        <line num="224" count="24" type="stmt"/>
        <line num="225" count="24" type="stmt"/>
        <line num="226" count="24" type="stmt"/>
        <line num="227" count="24" type="stmt"/>
        <line num="229" count="24" type="stmt"/>
        <line num="230" count="24" type="stmt"/>
        <line num="231" count="24" type="stmt"/>
        <line num="232" count="24" type="stmt"/>
        <line num="233" count="24" type="stmt"/>
        <line num="234" count="24" type="stmt"/>
        <line num="235" count="24" type="cond" truecount="1" falsecount="0"/>
        <line num="236" count="24" type="stmt"/>
        <line num="238" count="24" type="stmt"/>
        <line num="239" count="24" type="stmt"/>
        <line num="241" count="24" type="stmt"/>
        <line num="242" count="24" type="stmt"/>
        <line num="243" count="24" type="stmt"/>
        <line num="244" count="24" type="stmt"/>
        <line num="245" count="24" type="stmt"/>
        <line num="246" count="24" type="stmt"/>
        <line num="247" count="24" type="stmt"/>
        <line num="248" count="24" type="stmt"/>
        <line num="249" count="24" type="stmt"/>
        <line num="250" count="24" type="stmt"/>
        <line num="251" count="24" type="stmt"/>
        <line num="252" count="24" type="stmt"/>
        <line num="253" count="24" type="stmt"/>
        <line num="254" count="24" type="stmt"/>
        <line num="255" count="24" type="stmt"/>
        <line num="256" count="24" type="stmt"/>
        <line num="258" count="24" type="stmt"/>
        <line num="259" count="24" type="stmt"/>
        <line num="260" count="24" type="stmt"/>
        <line num="261" count="24" type="stmt"/>
        <line num="262" count="24" type="stmt"/>
        <line num="263" count="24" type="stmt"/>
        <line num="264" count="24" type="stmt"/>
        <line num="265" count="24" type="stmt"/>
        <line num="266" count="24" type="stmt"/>
        <line num="267" count="24" type="stmt"/>
        <line num="268" count="24" type="stmt"/>
        <line num="269" count="24" type="stmt"/>
        <line num="270" count="24" type="stmt"/>
        <line num="271" count="24" type="stmt"/>
        <line num="272" count="24" type="stmt"/>
        <line num="273" count="24" type="stmt"/>
        <line num="274" count="24" type="stmt"/>
        <line num="275" count="24" type="stmt"/>
        <line num="276" count="24" type="stmt"/>
        <line num="277" count="24" type="stmt"/>
        <line num="278" count="24" type="stmt"/>
        <line num="279" count="24" type="stmt"/>
        <line num="280" count="24" type="stmt"/>
        <line num="281" count="24" type="stmt"/>
        <line num="282" count="24" type="stmt"/>
        <line num="283" count="24" type="cond" truecount="1" falsecount="0"/>
        <line num="284" count="24" type="cond" truecount="1" falsecount="0"/>
        <line num="285" count="17" type="stmt"/>
        <line num="287" count="24" type="stmt"/>
        <line num="288" count="24" type="stmt"/>
        <line num="289" count="24" type="cond" truecount="1" falsecount="0"/>
        <line num="290" count="5" type="stmt"/>
        <line num="291" count="5" type="stmt"/>
        <line num="292" count="5" type="stmt"/>
        <line num="293" count="5" type="stmt"/>
        <line num="295" count="24" type="cond" truecount="0" falsecount="1"/>
        <line num="296" count="0" type="stmt"/>
        <line num="297" count="0" type="stmt"/>
        <line num="298" count="0" type="stmt"/>
        <line num="299" count="0" type="stmt"/>
        <line num="301" count="24" type="cond" truecount="0" falsecount="1"/>
        <line num="302" count="0" type="stmt"/>
        <line num="303" count="0" type="stmt"/>
        <line num="304" count="0" type="stmt"/>
        <line num="305" count="0" type="stmt"/>
        <line num="307" count="24" type="cond" truecount="0" falsecount="1"/>
        <line num="308" count="0" type="stmt"/>
        <line num="309" count="0" type="stmt"/>
        <line num="310" count="0" type="stmt"/>
        <line num="311" count="0" type="stmt"/>
        <line num="313" count="24" type="cond" truecount="0" falsecount="1"/>
        <line num="314" count="0" type="stmt"/>
        <line num="315" count="0" type="stmt"/>
        <line num="316" count="0" type="stmt"/>
        <line num="317" count="0" type="stmt"/>
        <line num="318" count="0" type="stmt"/>
        <line num="319" count="0" type="stmt"/>
        <line num="320" count="0" type="stmt"/>
        <line num="322" count="24" type="cond" truecount="0" falsecount="1"/>
        <line num="323" count="0" type="stmt"/>
        <line num="324" count="0" type="stmt"/>
        <line num="325" count="0" type="stmt"/>
        <line num="326" count="0" type="stmt"/>
        <line num="327" count="0" type="stmt"/>
        <line num="328" count="0" type="stmt"/>
        <line num="329" count="0" type="stmt"/>
        <line num="331" count="24" type="stmt"/>
        <line num="333" count="24" type="cond" truecount="1" falsecount="0"/>
        <line num="334" count="7" type="stmt"/>
        <line num="335" count="7" type="cond" truecount="1" falsecount="0"/>
        <line num="336" count="7" type="stmt"/>
        <line num="337" count="7" type="stmt"/>
        <line num="338" count="7" type="stmt"/>
        <line num="339" count="7" type="stmt"/>
        <line num="340" count="7" type="stmt"/>
        <line num="343" count="24" type="cond" truecount="0" falsecount="1"/>
        <line num="344" count="0" type="stmt"/>
        <line num="345" count="0" type="stmt"/>
        <line num="346" count="0" type="stmt"/>
        <line num="347" count="0" type="stmt"/>
        <line num="348" count="0" type="stmt"/>
        <line num="349" count="0" type="stmt"/>
        <line num="350" count="0" type="stmt"/>
        <line num="351" count="0" type="stmt"/>
        <line num="354" count="24" type="cond" truecount="0" falsecount="1"/>
        <line num="355" count="0" type="stmt"/>
        <line num="356" count="0" type="stmt"/>
        <line num="357" count="0" type="stmt"/>
        <line num="360" count="24" type="stmt"/>
        <line num="361" count="24" type="stmt"/>
        <line num="362" count="24" type="stmt"/>
        <line num="363" count="24" type="stmt"/>
        <line num="365" count="24" type="stmt"/>
        <line num="366" count="24" type="cond" truecount="1" falsecount="1"/>
        <line num="367" count="7" type="stmt"/>
        <line num="368" count="24" type="stmt"/>
        <line num="369" count="24" type="stmt"/>
        <line num="371" count="24" type="stmt"/>
        <line num="372" count="24" type="stmt"/>
        <line num="375" count="24" type="cond" truecount="0" falsecount="1"/>
        <line num="376" count="0" type="stmt"/>
        <line num="378" count="24" type="stmt"/>
        <line num="381" count="39" type="cond" truecount="1" falsecount="0"/>
        <line num="382" count="2" type="stmt"/>
        <line num="383" count="2" type="stmt"/>
        <line num="384" count="2" type="stmt"/>
        <line num="385" count="2" type="stmt"/>
        <line num="386" count="2" type="stmt"/>
        <line num="387" count="2" type="stmt"/>
        <line num="388" count="2" type="stmt"/>
        <line num="389" count="2" type="stmt"/>
        <line num="390" count="2" type="stmt"/>
        <line num="391" count="2" type="cond" truecount="1" falsecount="0"/>
        <line num="392" count="2" type="stmt"/>
        <line num="393" count="2" type="stmt"/>
        <line num="394" count="2" type="stmt"/>
        <line num="395" count="2" type="stmt"/>
        <line num="396" count="2" type="stmt"/>
        <line num="397" count="2" type="stmt"/>
        <line num="398" count="2" type="stmt"/>
        <line num="399" count="2" type="stmt"/>
        <line num="400" count="2" type="stmt"/>
        <line num="401" count="2" type="stmt"/>
        <line num="402" count="2" type="stmt"/>
        <line num="403" count="2" type="stmt"/>
        <line num="404" count="2" type="stmt"/>
        <line num="405" count="2" type="stmt"/>
        <line num="406" count="2" type="stmt"/>
        <line num="407" count="2" type="stmt"/>
        <line num="408" count="2" type="stmt"/>
        <line num="409" count="2" type="stmt"/>
        <line num="410" count="2" type="cond" truecount="1" falsecount="0"/>
        <line num="411" count="4" type="stmt"/>
        <line num="412" count="4" type="stmt"/>
        <line num="413" count="4" type="stmt"/>
        <line num="414" count="2" type="stmt"/>
        <line num="415" count="2" type="stmt"/>
        <line num="416" count="2" type="stmt"/>
        <line num="417" count="2" type="stmt"/>
        <line num="418" count="2" type="stmt"/>
        <line num="419" count="2" type="stmt"/>
        <line num="420" count="2" type="stmt"/>
        <line num="421" count="2" type="stmt"/>
        <line num="422" count="2" type="stmt"/>
        <line num="423" count="2" type="stmt"/>
        <line num="424" count="2" type="stmt"/>
        <line num="425" count="2" type="stmt"/>
        <line num="426" count="2" type="stmt"/>
        <line num="427" count="2" type="stmt"/>
        <line num="428" count="2" type="stmt"/>
        <line num="429" count="2" type="stmt"/>
        <line num="431" count="2" type="stmt"/>
        <line num="432" count="2" type="stmt"/>
        <line num="434" count="39" type="stmt"/>
        <line num="435" count="39" type="stmt"/>
        <line num="437" count="39" type="stmt"/>
        <line num="444" count="1" type="cond" truecount="1" falsecount="0"/>
        <line num="445" count="31" type="stmt"/>
        <line num="446" count="31" type="stmt"/>
        <line num="447" count="31" type="stmt"/>
        <line num="450" count="31" type="stmt"/>
        <line num="451" count="31" type="stmt"/>
        <line num="452" count="31" type="stmt"/>
        <line num="453" count="31" type="stmt"/>
        <line num="454" count="31" type="stmt"/>
        <line num="458" count="31" type="stmt"/>
        <line num="460" count="31" type="cond" truecount="1" falsecount="0"/>
        <line num="461" count="2" type="stmt"/>
        <line num="462" count="2" type="stmt"/>
        <line num="463" count="2" type="stmt"/>
        <line num="465" count="2" type="cond" truecount="1" falsecount="0"/>
        <line num="466" count="1" type="stmt"/>
        <line num="467" count="1" type="stmt"/>
        <line num="468" count="1" type="stmt"/>
        <line num="470" count="1" type="stmt"/>
        <line num="471" count="2" type="cond" truecount="0" falsecount="1"/>
        <line num="472" count="0" type="stmt"/>
        <line num="473" count="0" type="stmt"/>
        <line num="474" count="0" type="cond" truecount="1" falsecount="0"/>
        <line num="475" count="2" type="cond" truecount="0" falsecount="1"/>
        <line num="476" count="0" type="stmt"/>
        <line num="477" count="0" type="stmt"/>
        <line num="478" count="0" type="cond" truecount="1" falsecount="0"/>
        <line num="479" count="2" type="cond" truecount="0" falsecount="1"/>
        <line num="480" count="0" type="stmt"/>
        <line num="481" count="0" type="stmt"/>
        <line num="482" count="0" type="cond" truecount="1" falsecount="0"/>
        <line num="484" count="1" type="stmt"/>
        <line num="485" count="1" type="stmt"/>
        <line num="486" count="1" type="stmt"/>
        <line num="487" count="1" type="stmt"/>
        <line num="488" count="1" type="stmt"/>
        <line num="489" count="2" type="cond" truecount="0" falsecount="1"/>
        <line num="490" count="0" type="stmt"/>
        <line num="491" count="2" type="cond" truecount="1" falsecount="0"/>
        <line num="492" count="1" type="stmt"/>
        <line num="493" count="1" type="stmt"/>
        <line num="494" count="2" type="stmt"/>
        <line num="496" count="31" type="stmt"/>
        <line num="497" count="31" type="stmt"/>
        <line num="498" count="31" type="stmt"/>
        <line num="500" count="31" type="stmt"/>
        <line num="501" count="31" type="stmt"/>
        <line num="502" count="31" type="stmt"/>
        <line num="503" count="31" type="stmt"/>
        <line num="504" count="31" type="stmt"/>
        <line num="505" count="31" type="stmt"/>
        <line num="506" count="31" type="stmt"/>
        <line num="507" count="31" type="cond" truecount="1" falsecount="0"/>
        <line num="508" count="31" type="stmt"/>
        <line num="509" count="31" type="stmt"/>
        <line num="510" count="31" type="cond" truecount="1" falsecount="0"/>
        <line num="511" count="31" type="cond" truecount="2" falsecount="0"/>
        <line num="512" count="31" type="stmt"/>
        <line num="513" count="31" type="stmt"/>
        <line num="514" count="31" type="cond" truecount="1" falsecount="0"/>
        <line num="515" count="1" type="stmt"/>
        <line num="516" count="1" type="stmt"/>
        <line num="517" count="1" type="stmt"/>
        <line num="519" count="31" type="cond" truecount="1" falsecount="0"/>
        <line num="520" count="1" type="stmt"/>
        <line num="521" count="1" type="stmt"/>
        <line num="522" count="1" type="stmt"/>
        <line num="524" count="31" type="stmt"/>
        <line num="526" count="31" type="stmt"/>
        <line num="529" count="31" type="cond" truecount="1" falsecount="0"/>
        <line num="530" count="31" type="stmt"/>
        <line num="531" count="31" type="cond" truecount="1" falsecount="0"/>
        <line num="532" count="31" type="stmt"/>
        <line num="533" count="31" type="stmt"/>
        <line num="534" count="31" type="stmt"/>
        <line num="536" count="31" type="stmt"/>
      </file>
      <file name="BountyListLoading.tsx" path="/workspaces/stellar-bounty-board/frontend/src/BountyListLoading.tsx">
        <metrics statements="14" coveredstatements="14" conditionals="2" coveredconditionals="2" methods="1" coveredmethods="1"/>
        <line num="1" count="1" type="stmt"/>
        <line num="3" count="1" type="stmt"/>
        <line num="9" count="1" type="cond" truecount="1" falsecount="0"/>
        <line num="10" count="1" type="stmt"/>
        <line num="11" count="1" type="stmt"/>
        <line num="12" count="1" type="stmt"/>
        <line num="13" count="1" type="stmt"/>
        <line num="14" count="1" type="stmt"/>
        <line num="15" count="1" type="stmt"/>
        <line num="17" count="1" type="cond" truecount="1" falsecount="0"/>
        <line num="18" count="6" type="stmt"/>
        <line num="19" count="1" type="stmt"/>
        <line num="20" count="1" type="stmt"/>
        <line num="22" count="1" type="stmt"/>
      </file>
      <file name="ContributorDashboard.tsx" path="/workspaces/stellar-bounty-board/frontend/src/ContributorDashboard.tsx">
        <metrics statements="108" coveredstatements="80" conditionals="22" coveredconditionals="18" methods="5" coveredmethods="2"/>
        <line num="1" count="1" type="stmt"/>
        <line num="15" count="2" type="cond" truecount="1" falsecount="0"/>
        <line num="16" count="2" type="stmt"/>
        <line num="17" count="2" type="stmt"/>
        <line num="24" count="246" type="cond" truecount="1" falsecount="0"/>
        <line num="25" count="246" type="stmt"/>
        <line num="26" count="246" type="stmt"/>
        <line num="27" count="246" type="stmt"/>
        <line num="28" count="246" type="stmt"/>
        <line num="29" count="246" type="stmt"/>
        <line num="30" count="246" type="stmt"/>
        <line num="31" count="246" type="stmt"/>
        <line num="33" count="246" type="cond" truecount="1" falsecount="0"/>
        <line num="34" count="48" type="stmt"/>
        <line num="35" count="48" type="stmt"/>
        <line num="36" count="48" type="cond" truecount="0" falsecount="1"/>
        <line num="38" count="0" type="stmt"/>
        <line num="39" count="0" type="stmt"/>
        <line num="41" count="0" type="stmt"/>
        <line num="42" count="0" type="stmt"/>
        <line num="43" count="0" type="stmt"/>
        <line num="44" count="0" type="stmt"/>
        <line num="45" count="0" type="stmt"/>
        <line num="46" count="0" type="stmt"/>
        <line num="47" count="0" type="stmt"/>
        <line num="48" count="0" type="stmt"/>
        <line num="49" count="0" type="stmt"/>
        <line num="50" count="0" type="stmt"/>
        <line num="51" count="0" type="stmt"/>
        <line num="52" count="0" type="stmt"/>
        <line num="53" count="0" type="stmt"/>
        <line num="54" count="0" type="stmt"/>
        <line num="55" count="0" type="stmt"/>
        <line num="56" count="0" type="stmt"/>
        <line num="58" count="0" type="stmt"/>
        <line num="59" count="0" type="stmt"/>
        <line num="60" count="0" type="stmt"/>
        <line num="61" count="246" type="stmt"/>
        <line num="63" count="246" type="cond" truecount="0" falsecount="1"/>
        <line num="64" count="246" type="cond" truecount="0" falsecount="1"/>
        <line num="66" count="246" type="cond" truecount="1" falsecount="0"/>
        <line num="67" count="48" type="cond" truecount="1" falsecount="0"/>
        <line num="68" count="46" type="stmt"/>
        <line num="69" count="46" type="cond" truecount="1" falsecount="0"/>
        <line num="71" count="2" type="cond" truecount="1" falsecount="0"/>
        <line num="72" count="2" type="stmt"/>
        <line num="73" count="2" type="stmt"/>
        <line num="75" count="2" type="stmt"/>
        <line num="76" count="246" type="stmt"/>
        <line num="78" count="246" type="stmt"/>
        <line num="79" count="246" type="cond" truecount="2" falsecount="0"/>
        <line num="80" count="246" type="stmt"/>
        <line num="81" count="246" type="stmt"/>
        <line num="83" count="246" type="cond" truecount="1" falsecount="0"/>
        <line num="84" count="48" type="stmt"/>
        <line num="85" count="48" type="cond" truecount="1" falsecount="0"/>
        <line num="86" count="48" type="stmt"/>
        <line num="87" count="246" type="stmt"/>
        <line num="89" count="246" type="stmt"/>
        <line num="90" count="246" type="stmt"/>
        <line num="91" count="246" type="stmt"/>
        <line num="92" count="246" type="stmt"/>
        <line num="93" count="246" type="stmt"/>
        <line num="94" count="246" type="stmt"/>
        <line num="95" count="246" type="stmt"/>
        <line num="97" count="246" type="stmt"/>
        <line num="98" count="246" type="stmt"/>
        <line num="99" count="246" type="stmt"/>
        <line num="100" count="246" type="cond" truecount="2" falsecount="0"/>
        <line num="101" count="2" type="stmt"/>
        <line num="102" count="2" type="stmt"/>
        <line num="103" count="2" type="stmt"/>
        <line num="105" count="2" type="stmt"/>
        <line num="106" count="2" type="cond" truecount="1" falsecount="0"/>
        <line num="108" count="244" type="stmt"/>
        <line num="110" count="244" type="stmt"/>
        <line num="112" count="246" type="stmt"/>
        <line num="113" count="246" type="stmt"/>
        <line num="115" count="246" type="cond" truecount="1" falsecount="0"/>
        <line num="116" count="2" type="stmt"/>
        <line num="117" count="2" type="stmt"/>
        <line num="118" count="2" type="stmt"/>
        <line num="119" count="2" type="cond" truecount="1" falsecount="0"/>
        <line num="120" count="2" type="stmt"/>
        <line num="121" count="2" type="stmt"/>
        <line num="122" count="2" type="stmt"/>
        <line num="123" count="2" type="cond" truecount="1" falsecount="0"/>
        <line num="124" count="2" type="stmt"/>
        <line num="125" count="2" type="stmt"/>
        <line num="126" count="2" type="stmt"/>
        <line num="127" count="2" type="stmt"/>
        <line num="128" count="2" type="stmt"/>
        <line num="129" count="2" type="stmt"/>
        <line num="132" count="246" type="stmt"/>
        <line num="133" count="246" type="stmt"/>
        <line num="134" count="246" type="cond" truecount="1" falsecount="0"/>
        <line num="135" count="246" type="stmt"/>
        <line num="136" count="246" type="stmt"/>
        <line num="138" count="246" type="cond" truecount="0" falsecount="1"/>
        <line num="139" count="0" type="stmt"/>
        <line num="140" count="0" type="stmt"/>
        <line num="141" count="0" type="stmt"/>
        <line num="142" count="0" type="stmt"/>
        <line num="143" count="0" type="stmt"/>
        <line num="144" count="0" type="stmt"/>
        <line num="145" count="0" type="stmt"/>
        <line num="147" count="246" type="stmt"/>
        <line num="149" count="246" type="stmt"/>
      </file>
      <file name="ContributorProfilePage.tsx" path="/workspaces/stellar-bounty-board/frontend/src/ContributorProfilePage.tsx">
        <metrics statements="133" coveredstatements="131" conditionals="31" coveredconditionals="25" methods="5" coveredmethods="5"/>
        <line num="1" count="1" type="stmt"/>
        <line num="7" count="4" type="cond" truecount="1" falsecount="0"/>
        <line num="8" count="4" type="stmt"/>
        <line num="9" count="4" type="stmt"/>
        <line num="11" count="1" type="cond" truecount="1" falsecount="0"/>
        <line num="12" count="1" type="stmt"/>
        <line num="13" count="1" type="cond" truecount="0" falsecount="1"/>
        <line num="14" count="1" type="stmt"/>
        <line num="15" count="1" type="cond" truecount="0" falsecount="1"/>
        <line num="16" count="1" type="stmt"/>
        <line num="18" count="1" type="cond" truecount="1" falsecount="0"/>
        <line num="19" count="1" type="stmt"/>
        <line num="20" count="1" type="cond" truecount="0" falsecount="1"/>
        <line num="21" count="1" type="stmt"/>
        <line num="22" count="1" type="cond" truecount="0" falsecount="1"/>
        <line num="23" count="1" type="stmt"/>
        <line num="25" count="2" type="cond" truecount="1" falsecount="0"/>
        <line num="26" count="2" type="stmt"/>
        <line num="27" count="2" type="stmt"/>
        <line num="28" count="2" type="stmt"/>
[...]
        <line num="28" count="1" type="stmt"/>
        <line num="29" count="1" type="stmt"/>
        <line num="30" count="1" type="stmt"/>
        <line num="31" count="1" type="stmt"/>
        <line num="32" count="1" type="stmt"/>
        <line num="33" count="1" type="stmt"/>
        <line num="34" count="1" type="stmt"/>
        <line num="35" count="1" type="stmt"/>
        <line num="36" count="1" type="stmt"/>
        <line num="120" count="1" type="stmt"/>
        <line num="121" count="0" type="stmt"/>
        <line num="122" count="0" type="stmt"/>
        <line num="123" count="0" type="stmt"/>
        <line num="124" count="0" type="stmt"/>
        <line num="125" count="0" type="stmt"/>
        <line num="126" count="0" type="stmt"/>
        <line num="127" count="0" type="stmt"/>
        <line num="128" count="0" type="stmt"/>
        <line num="129" count="0" type="stmt"/>
        <line num="130" count="0" type="stmt"/>
        <line num="131" count="0" type="stmt"/>
        <line num="132" count="0" type="stmt"/>
        <line num="133" count="0" type="stmt"/>
        <line num="134" count="0" type="stmt"/>
        <line num="135" count="0" type="stmt"/>
        <line num="136" count="0" type="stmt"/>
        <line num="137" count="0" type="stmt"/>
        <line num="138" count="0" type="stmt"/>
        <line num="139" count="0" type="stmt"/>
        <line num="140" count="0" type="stmt"/>
        <line num="145" count="1" type="stmt"/>
        <line num="146" count="0" type="stmt"/>
        <line num="147" count="0" type="stmt"/>
        <line num="148" count="0" type="stmt"/>
        <line num="149" count="0" type="stmt"/>
        <line num="150" count="0" type="stmt"/>
        <line num="151" count="0" type="stmt"/>
        <line num="152" count="0" type="stmt"/>
        <line num="153" count="0" type="stmt"/>
        <line num="154" count="0" type="stmt"/>
        <line num="155" count="0" type="stmt"/>
        <line num="156" count="0" type="stmt"/>
        <line num="157" count="0" type="stmt"/>
        <line num="158" count="0" type="stmt"/>
        <line num="159" count="0" type="stmt"/>
        <line num="160" count="0" type="stmt"/>
        <line num="161" count="0" type="stmt"/>
        <line num="162" count="0" type="stmt"/>
        <line num="163" count="0" type="stmt"/>
        <line num="164" count="0" type="stmt"/>
        <line num="170" count="1" type="stmt"/>
        <line num="171" count="1" type="stmt"/>
        <line num="172" count="1" type="stmt"/>
        <line num="173" count="1" type="stmt"/>
        <line num="174" count="1" type="stmt"/>
        <line num="175" count="1" type="stmt"/>
        <line num="176" count="1" type="stmt"/>
        <line num="177" count="1" type="stmt"/>
        <line num="178" count="1" type="stmt"/>
        <line num="179" count="1" type="stmt"/>
        <line num="180" count="1" type="stmt"/>
        <line num="181" count="1" type="stmt"/>
        <line num="182" count="1" type="stmt"/>
        <line num="183" count="1" type="stmt"/>
        <line num="184" count="1" type="stmt"/>
        <line num="185" count="1" type="stmt"/>
        <line num="186" count="1" type="stmt"/>
        <line num="187" count="1" type="stmt"/>
      </file>
    </package>
    <package name="src.hooks">
      <metrics statements="294" coveredstatements="170" conditionals="44" coveredconditionals="40" methods="13" coveredmethods="11"/>
      <file name="index.ts" path="/workspaces/stellar-bounty-board/frontend/src/hooks/index.ts">
        <metrics statements="1" coveredstatements="1" conditionals="0" coveredconditionals="0" methods="0" coveredmethods="0"/>
        <line num="1" count="1" type="stmt"/>
      </file>
      <file name="useFreighter.ts" path="/workspaces/stellar-bounty-board/frontend/src/hooks/useFreighter.ts">
        <metrics statements="165" coveredstatements="59" conditionals="11" coveredconditionals="8" methods="6" coveredmethods="4"/>
        <line num="1" count="1" type="stmt"/>
        <line num="32" count="1" type="stmt"/>
        <line num="33" count="1" type="stmt"/>
        <line num="34" count="1" type="stmt"/>
        <line num="36" count="1" type="stmt"/>
        <line num="37" count="1" type="stmt"/>
        <line num="65" count="12" type="cond" truecount="1" falsecount="0"/>
        <line num="66" count="12" type="stmt"/>
        <line num="67" count="12" type="stmt"/>
        <line num="69" count="17" type="cond" truecount="1" falsecount="0"/>
        <line num="70" count="17" type="stmt"/>
        <line num="71" count="17" type="stmt"/>
        <line num="73" count="0" type="stmt"/>
        <line num="74" count="0" type="stmt"/>
        <line num="75" count="0" type="stmt"/>
        <line num="76" count="0" type="stmt"/>
        <line num="78" count="0" type="stmt"/>
        <line num="79" count="0" type="stmt"/>
        <line num="80" count="0" type="stmt"/>
        <line num="81" count="0" type="stmt"/>
        <line num="83" count="0" type="stmt"/>
        <line num="84" count="0" type="stmt"/>
        <line num="85" count="0" type="stmt"/>
        <line num="87" count="0" type="stmt"/>
        <line num="88" count="0" type="stmt"/>
        <line num="90" count="0" type="stmt"/>
        <line num="91" count="0" type="stmt"/>
        <line num="92" count="0" type="stmt"/>
        <line num="93" count="0" type="stmt"/>
        <line num="94" count="0" type="stmt"/>
        <line num="95" count="0" type="stmt"/>
        <line num="96" count="0" type="stmt"/>
        <line num="98" count="1" type="cond" truecount="1" falsecount="0"/>
        <line num="99" count="264" type="stmt"/>
        <line num="100" count="264" type="stmt"/>
        <line num="101" count="264" type="stmt"/>
        <line num="102" count="264" type="stmt"/>
        <line num="103" count="264" type="stmt"/>
        <line num="104" count="264" type="stmt"/>
        <line num="107" count="264" type="cond" truecount="1" falsecount="0"/>
        <line num="108" count="17" type="stmt"/>
        <line num="110" count="17" type="cond" truecount="1" falsecount="0"/>
        <line num="111" count="17" type="cond" truecount="1" falsecount="0"/>
        <line num="112" count="12" type="stmt"/>
        <line num="113" count="12" type="stmt"/>
        <line num="114" count="12" type="stmt"/>
        <line num="115" count="12" type="stmt"/>
        <line num="116" count="12" type="cond" truecount="1" falsecount="0"/>
        <line num="118" count="5" type="stmt"/>
        <line num="119" count="5" type="stmt"/>
        <line num="120" count="5" type="cond" truecount="0" falsecount="1"/>
        <line num="122" count="5" type="stmt"/>
        <line num="124" count="5" type="cond" truecount="0" falsecount="1"/>
        <line num="125" count="0" type="stmt"/>
        <line num="126" count="0" type="stmt"/>
        <line num="127" count="0" type="stmt"/>
        <line num="128" count="0" type="stmt"/>
        <line num="130" count="0" type="stmt"/>
        <line num="131" count="0" type="stmt"/>
        <line num="132" count="0" type="stmt"/>
        <line num="133" count="0" type="stmt"/>
        <line num="134" count="0" type="stmt"/>
        <line num="135" count="0" type="stmt"/>
        <line num="136" count="0" type="stmt"/>
        <line num="137" count="0" type="stmt"/>
        <line num="138" count="0" type="stmt"/>
        <line num="139" count="0" type="stmt"/>
        <line num="140" count="0" type="stmt"/>
        <line num="141" count="0" type="stmt"/>
        <line num="142" count="0" type="stmt"/>
        <line num="143" count="0" type="stmt"/>
        <line num="144" count="0" type="stmt"/>
        <line num="145" count="17" type="cond" truecount="0" falsecount="1"/>
        <line num="146" count="0" type="stmt"/>
        <line num="147" count="0" type="stmt"/>
        <line num="148" count="0" type="stmt"/>
        <line num="149" count="0" type="stmt"/>
        <line num="150" count="17" type="stmt"/>
        <line num="152" count="17" type="stmt"/>
        <line num="154" count="17" type="cond" truecount="1" falsecount="0"/>
        <line num="155" count="17" type="stmt"/>
        <line num="156" count="17" type="stmt"/>
        <line num="157" count="264" type="stmt"/>
        <line num="159" count="264" type="stmt"/>
        <line num="160" count="0" type="stmt"/>
        <line num="161" count="0" type="stmt"/>
        <line num="163" count="0" type="stmt"/>
        <line num="164" count="0" type="stmt"/>
        <line num="165" count="0" type="stmt"/>
        <line num="166" count="0" type="stmt"/>
        <line num="169" count="0" type="stmt"/>
        <line num="170" count="0" type="stmt"/>
        <line num="172" count="0" type="stmt"/>
        <line num="173" count="0" type="stmt"/>
        <line num="175" count="0" type="stmt"/>
        <line num="176" count="0" type="stmt"/>
        <line num="177" count="0" type="stmt"/>
        <line num="178" count="0" type="stmt"/>
        <line num="179" count="0" type="stmt"/>
        <line num="180" count="0" type="stmt"/>
        <line num="181" count="0" type="stmt"/>
        <line num="182" count="0" type="stmt"/>
        <line num="183" count="0" type="stmt"/>
        <line num="184" count="0" type="stmt"/>
        <line num="185" count="0" type="stmt"/>
        <line num="186" count="0" type="stmt"/>
        <line num="187" count="0" type="stmt"/>
        <line num="188" count="0" type="stmt"/>
        <line num="189" count="0" type="stmt"/>
        <line num="190" count="0" type="stmt"/>
        <line num="191" count="0" type="stmt"/>
        <line num="192" count="0" type="stmt"/>
        <line num="193" count="0" type="stmt"/>
        <line num="194" count="0" type="stmt"/>
        <line num="195" count="0" type="stmt"/>
        <line num="196" count="0" type="stmt"/>
        <line num="197" count="0" type="stmt"/>
        <line num="198" count="0" type="stmt"/>
        <line num="199" count="264" type="stmt"/>
        <line num="201" count="264" type="stmt"/>
        <line num="202" count="0" type="stmt"/>
        <line num="203" count="0" type="stmt"/>
        <line num="204" count="0" type="stmt"/>
        <line num="205" count="0" type="stmt"/>
        <line num="206" count="264" type="stmt"/>
        <line num="208" count="264" type="stmt"/>
        <line num="209" count="264" type="stmt"/>
        <line num="210" count="0" type="stmt"/>
        <line num="211" count="0" type="stmt"/>
        <line num="212" count="0" type="stmt"/>
        <line num="214" count="0" type="stmt"/>
        <line num="215" count="0" type="stmt"/>
        <line num="216" count="0" type="stmt"/>
        <line num="218" count="0" type="stmt"/>
        <line num="219" count="0" type="stmt"/>
        <line num="220" count="0" type="stmt"/>
        <line num="221" count="0" type="stmt"/>
        <line num="222" count="0" type="stmt"/>
        <line num="223" count="0" type="stmt"/>
        <line num="225" count="0" type="stmt"/>
        <line num="227" count="0" type="stmt"/>
        <line num="230" count="0" type="stmt"/>
        <line num="231" count="0" type="stmt"/>
        <line num="232" count="0" type="stmt"/>
        <line num="234" count="0" type="stmt"/>
        <line num="235" count="0" type="stmt"/>
        <line num="236" count="0" type="stmt"/>
        <line num="237" count="0" type="stmt"/>
        <line num="238" count="0" type="stmt"/>
        <line num="239" count="0" type="stmt"/>
        <line num="240" count="0" type="stmt"/>
        <line num="241" count="0" type="stmt"/>
        <line num="242" count="264" type="stmt"/>
        <line num="243" count="264" type="stmt"/>
        <line num="245" count="264" type="stmt"/>
        <line num="246" count="264" type="stmt"/>
        <line num="247" count="264" type="stmt"/>
        <line num="248" count="264" type="stmt"/>
        <line num="249" count="264" type="stmt"/>
        <line num="250" count="264" type="stmt"/>
        <line num="251" count="264" type="stmt"/>
        <line num="252" count="264" type="stmt"/>
        <line num="253" count="264" type="stmt"/>
        <line num="254" count="264" type="stmt"/>
        <line num="255" count="264" type="stmt"/>
      </file>
      <file name="useLocalStorage.ts" path="/workspaces/stellar-bounty-board/frontend/src/hooks/useLocalStorage.ts">
        <metrics statements="50" coveredstatements="50" conditionals="18" coveredconditionals="18" methods="2" coveredmethods="2"/>
        <line num="1" count="1" type="stmt"/>
        <line num="21" count="1" type="cond" truecount="1" falsecount="0"/>
        <line num="22" count="299" type="stmt"/>
        <line num="23" count="299" type="stmt"/>
        <line num="24" count="299" type="stmt"/>
        <line num="26" count="299" type="cond" truecount="1" falsecount="0"/>
        <line num="27" count="53" type="stmt"/>
        <line num="28" count="53" type="stmt"/>
        <line num="29" count="53" type="cond" truecount="2" falsecount="0"/>
        <line num="30" count="47" type="stmt"/>
        <line num="31" count="47" type="cond" truecount="1" falsecount="0"/>
        <line num="32" count="6" type="stmt"/>
        <line num="33" count="53" type="cond" truecount="1" falsecount="0"/>
        <line num="35" count="2" type="stmt"/>
        <line num="36" count="2" type="stmt"/>
        <line num="37" count="2" type="stmt"/>
        <line num="38" count="299" type="stmt"/>
        <line num="41" count="299" type="stmt"/>
        <line num="42" count="299" type="cond" truecount="1" falsecount="0"/>
        <line num="43" count="24" type="stmt"/>
        <line num="45" count="24" type="cond" truecount="2" falsecount="0"/>
        <line num="47" count="24" type="stmt"/>
        <line num="50" count="24" type="stmt"/>
        <line num="51" count="24" type="cond" truecount="1" falsecount="0"/>
        <line num="52" count="1" type="stmt"/>
        <line num="53" count="1" type="stmt"/>
        <line num="54" count="24" type="stmt"/>
        <line num="55" count="299" type="stmt"/>
        <line num="56" count="299" type="stmt"/>
        <line num="59" count="299" type="cond" truecount="1" falsecount="0"/>
        <line num="60" count="55" type="cond" truecount="1" falsecount="0"/>
        <line num="62" count="4" type="cond" truecount="1" falsecount="0"/>
        <line num="63" count="1" type="stmt"/>
        <line num="64" count="1" type="cond" truecount="1" falsecount="0"/>
        <line num="66" count="3" type="stmt"/>
        <line num="67" count="4" type="cond" truecount="1" falsecount="0"/>
        <line num="69" count="1" type="stmt"/>
        <line num="70" count="4" type="cond" truecount="1" falsecount="0"/>
        <line num="72" count="2" type="stmt"/>
        <line num="73" count="2" type="stmt"/>
        <line num="74" count="4" type="cond" truecount="1" falsecount="0"/>
        <line num="75" count="1" type="stmt"/>
        <line num="76" count="1" type="stmt"/>
        <line num="77" count="1" type="stmt"/>
        <line num="78" count="4" type="stmt"/>
        <line num="80" count="55" type="stmt"/>
        <line num="81" count="55" type="cond" truecount="1" falsecount="0"/>
        <line num="82" count="299" type="stmt"/>
        <line num="84" count="299" type="stmt"/>
        <line num="85" count="299" type="stmt"/>
      </file>
      <file name="usePolling.ts" path="/workspaces/stellar-bounty-board/frontend/src/hooks/usePolling.ts">
        <metrics statements="47" coveredstatements="45" conditionals="14" coveredconditionals="13" methods="4" coveredmethods="4"/>
        <line num="1" count="1" type="stmt"/>
        <line num="15" count="1" type="cond" truecount="1" falsecount="0"/>
        <line num="16" count="6" type="stmt"/>
        <line num="17" count="6" type="stmt"/>
        <line num="18" count="6" type="stmt"/>
        <line num="19" count="6" type="stmt"/>
        <line num="22" count="6" type="cond" truecount="1" falsecount="0"/>
        <line num="23" count="6" type="stmt"/>
        <line num="24" count="6" type="stmt"/>
        <line num="27" count="6" type="stmt"/>
        <line num="28" count="6" type="cond" truecount="2" falsecount="0"/>
        <line num="31" count="6" type="cond" truecount="2" falsecount="0"/>
        <line num="33" count="6" type="cond" truecount="1" falsecount="0"/>
        <line num="35" count="6" type="cond" truecount="0" falsecount="1"/>
        <line num="36" count="0" type="stmt"/>
        <line num="37" count="0" type="stmt"/>
        <line num="39" count="6" type="stmt"/>
        <line num="41" count="6" type="cond" truecount="1" falsecount="0"/>
        <line num="42" count="7" type="stmt"/>
        <line num="43" count="7" type="cond" truecount="1" falsecount="0"/>
        <line num="44" count="8" type="stmt"/>
        <line num="45" count="7" type="stmt"/>
        <line num="46" count="7" type="stmt"/>
        <line num="47" count="7" type="stmt"/>
        <line num="49" count="6" type="cond" truecount="1" falsecount="0"/>
        <line num="50" count="7" type="stmt"/>
        <line num="51" count="7" type="stmt"/>
        <line num="52" count="7" type="stmt"/>
        <line num="53" count="7" type="stmt"/>
        <line num="54" count="7" type="stmt"/>
        <line num="56" count="6" type="cond" truecount="1" falsecount="0"/>
        <line num="57" count="2" type="cond" truecount="1" falsecount="0"/>
        <line num="58" count="1" type="stmt"/>
        <line num="59" count="1" type="stmt"/>
        <line num="60" count="1" type="stmt"/>
        <line num="61" count="1" type="stmt"/>
        <line num="62" count="2" type="stmt"/>
        <line num="65" count="6" type="stmt"/>
        <line num="66" count="6" type="stmt"/>
        <line num="67" count="6" type="stmt"/>
        <line num="69" count="6" type="stmt"/>
        <line num="71" count="6" type="cond" truecount="1" falsecount="0"/>
        <line num="72" count="6" type="stmt"/>
        <line num="73" count="6" type="stmt"/>
        <line num="74" count="6" type="stmt"/>
        <line num="75" count="6" type="stmt"/>
        <line num="76" count="6" type="stmt"/>
      </file>
      <file name="useWallet.ts" path="/workspaces/stellar-bounty-board/frontend/src/hooks/useWallet.ts">
        <metrics statements="31" coveredstatements="15" conditionals="1" coveredconditionals="1" methods="1" coveredmethods="1"/>
        <line num="1" count="1" type="stmt"/>
        <line num="9" count="1" type="stmt"/>
        <line num="11" count="1" type="cond" truecount="1" falsecount="0"/>
        <line num="12" count="246" type="stmt"/>
        <line num="14" count="246" type="stmt"/>
        <line num="15" count="0" type="stmt"/>
        <line num="16" count="0" type="stmt"/>
        <line num="17" count="0" type="stmt"/>
        <line num="18" count="0" type="stmt"/>
        <line num="19" count="0" type="stmt"/>
        <line num="20" count="0" type="stmt"/>
        <line num="21" count="0" type="stmt"/>
        <line num="22" count="0" type="stmt"/>
        <line num="24" count="0" type="stmt"/>
        <line num="25" count="0" type="stmt"/>
        <line num="26" count="0" type="stmt"/>
        <line num="27" count="0" type="stmt"/>
        <line num="28" count="0" type="stmt"/>
        <line num="29" count="0" type="stmt"/>
        <line num="30" count="0" type="stmt"/>
        <line num="31" count="246" type="stmt"/>
        <line num="33" count="246" type="stmt"/>
        <line num="34" count="0" type="stmt"/>
        <line num="35" count="246" type="stmt"/>
        <line num="37" count="246" type="stmt"/>
        <line num="38" count="246" type="stmt"/>
        <line num="39" count="246" type="stmt"/>
        <line num="40" count="246" type="stmt"/>
        <line num="41" count="246" type="stmt"/>
        <line num="42" count="246" type="stmt"/>
        <line num="43" count="246" type="stmt"/>
      </file>
    </package>
  </project>
</coverage>
