{"/workspaces/stellar-bounty-board/frontend/src/App.tsx": {"path":"/workspaces/stellar-bounty-board/frontend/src/App.tsx","all":false,"statementMap":{"0":{"start":{"line":1,"column":0},"end":{"line":1,"column":15}},"8":{"start":{"line":9,"column":0},"end":{"line":9,"column":15}},"9":{"start":{"line":10,"column":0},"end":{"line":10,"column":52}},"10":{"start":{"line":11,"column":0},"end":{"line":11,"column":69}},"11":{"start":{"line":12,"column":0},"end":{"line":12,"column":31}},"21":{"start":{"line":22,"column":0},"end":{"line":22,"column":15}},"22":{"start":{"line":23,"column":0},"end":{"line":23,"column":52}},"23":{"start":{"line":24,"column":0},"end":{"line":24,"column":73}},"24":{"start":{"line":25,"column":0},"end":{"line":25,"column":73}},"25":{"start":{"line":26,"column":0},"end":{"line":26,"column":51}},"28":{"start":{"line":29,"column":0},"end":{"line":29,"column":38}},"29":{"start":{"line":30,"column":0},"end":{"line":30,"column":54}},"30":{"start":{"line":31,"column":0},"end":{"line":31,"column":38}},"31":{"start":{"line":32,"column":0},"end":{"line":32,"column":62}},"32":{"start":{"line":33,"column":0},"end":{"line":33,"column":50}},"33":{"start":{"line":34,"column":0},"end":{"line":34,"column":62}},"34":{"start":{"line":35,"column":0},"end":{"line":35,"column":58}},"35":{"start":{"line":36,"column":0},"end":{"line":36,"column":44}},"36":{"start":{"line":37,"column":0},"end":{"line":37,"column":95}},"38":{"start":{"line":39,"column":0},"end":{"line":39,"column":51}},"40":{"start":{"line":41,"column":0},"end":{"line":41,"column":24}},"41":{"start":{"line":42,"column":0},"end":{"line":42,"column":51}},"42":{"start":{"line":43,"column":0},"end":{"line":43,"column":9}},"43":{"start":{"line":44,"column":0},"end":{"line":44,"column":57}},"44":{"start":{"line":45,"column":0},"end":{"line":45,"column":52}},"45":{"start":{"line":46,"column":0},"end":{"line":46,"column":13}},"47":{"start":{"line":48,"column":0},"end":{"line":48,"column":5}},"48":{"start":{"line":49,"column":0},"end":{"line":49,"column":69}},"49":{"start":{"line":50,"column":0},"end":{"line":50,"column":5}},"51":{"start":{"line":52,"column":0},"end":{"line":52,"column":19}},"52":{"start":{"line":53,"column":0},"end":{"line":53,"column":42}},"53":{"start":{"line":54,"column":0},"end":{"line":54,"column":61}},"54":{"start":{"line":55,"column":0},"end":{"line":55,"column":9}},"55":{"start":{"line":56,"column":0},"end":{"line":56,"column":67}},"56":{"start":{"line":57,"column":0},"end":{"line":57,"column":13}},"58":{"start":{"line":59,"column":0},"end":{"line":59,"column":5}},"59":{"start":{"line":60,"column":0},"end":{"line":60,"column":13}},"61":{"start":{"line":62,"column":0},"end":{"line":62,"column":52}},"62":{"start":{"line":63,"column":0},"end":{"line":63,"column":1}},"64":{"start":{"line":65,"column":0},"end":{"line":65,"column":42}},"65":{"start":{"line":66,"column":0},"end":{"line":66,"column":36}},"66":{"start":{"line":67,"column":0},"end":{"line":67,"column":18}},"67":{"start":{"line":68,"column":0},"end":{"line":68,"column":12}},"68":{"start":{"line":69,"column":0},"end":{"line":69,"column":14}},"69":{"start":{"line":70,"column":0},"end":{"line":70,"column":73}},"70":{"start":{"line":71,"column":0},"end":{"line":71,"column":21}},"71":{"start":{"line":72,"column":0},"end":{"line":72,"column":14}},"72":{"start":{"line":73,"column":0},"end":{"line":73,"column":19}},"73":{"start":{"line":74,"column":0},"end":{"line":74,"column":53}},"74":{"start":{"line":75,"column":0},"end":{"line":75,"column":2}},"76":{"start":{"line":77,"column":0},"end":{"line":77,"column":65}},"77":{"start":{"line":78,"column":0},"end":{"line":78,"column":29}},"78":{"start":{"line":79,"column":0},"end":{"line":79,"column":44}},"79":{"start":{"line":80,"column":0},"end":{"line":80,"column":37}},"80":{"start":{"line":81,"column":0},"end":{"line":81,"column":73}},"81":{"start":{"line":82,"column":0},"end":{"line":82,"column":14}},"82":{"start":{"line":83,"column":0},"end":{"line":83,"column":1}},"84":{"start":{"line":85,"column":0},"end":{"line":85,"column":58}},"85":{"start":{"line":86,"column":0},"end":{"line":86,"column":8}},"86":{"start":{"line":87,"column":0},"end":{"line":87,"column":13}},"87":{"start":{"line":88,"column":0},"end":{"line":88,"column":14}},"88":{"start":{"line":89,"column":0},"end":{"line":89,"column":13}},"89":{"start":{"line":90,"column":0},"end":{"line":90,"column":13}},"90":{"start":{"line":91,"column":0},"end":{"line":91,"column":12}},"91":{"start":{"line":92,"column":0},"end":{"line":92,"column":13}},"92":{"start":{"line":93,"column":0},"end":{"line":93,"column":2}},"96":{"start":{"line":97,"column":0},"end":{"line":97,"column":50}},"97":{"start":{"line":98,"column":0},"end":{"line":98,"column":25}},"98":{"start":{"line":99,"column":0},"end":{"line":99,"column":49}},"99":{"start":{"line":100,"column":0},"end":{"line":100,"column":1}},"101":{"start":{"line":102,"column":0},"end":{"line":102,"column":42}},"102":{"start":{"line":103,"column":0},"end":{"line":103,"column":28}},"103":{"start":{"line":104,"column":0},"end":{"line":104,"column":1}},"105":{"start":{"line":106,"column":0},"end":{"line":106,"column":16}},"106":{"start":{"line":107,"column":0},"end":{"line":107,"column":53}},"107":{"start":{"line":108,"column":0},"end":{"line":108,"column":35}},"108":{"start":{"line":109,"column":0},"end":{"line":109,"column":65}},"109":{"start":{"line":110,"column":0},"end":{"line":110,"column":69}},"110":{"start":{"line":111,"column":0},"end":{"line":111,"column":57}},"111":{"start":{"line":112,"column":0},"end":{"line":112,"column":50}},"112":{"start":{"line":113,"column":0},"end":{"line":113,"column":47}},"113":{"start":{"line":114,"column":0},"end":{"line":114,"column":54}},"114":{"start":{"line":115,"column":0},"end":{"line":115,"column":74}},"115":{"start":{"line":116,"column":0},"end":{"line":116,"column":56}},"117":{"start":{"line":118,"column":0},"end":{"line":118,"column":31}},"119":{"start":{"line":120,"column":0},"end":{"line":120,"column":19}},"120":{"start":{"line":121,"column":0},"end":{"line":121,"column":25}},"122":{"start":{"line":123,"column":0},"end":{"line":123,"column":5}},"123":{"start":{"line":124,"column":0},"end":{"line":124,"column":26}},"125":{"start":{"line":126,"column":0},"end":{"line":126,"column":5}},"126":{"start":{"line":127,"column":0},"end":{"line":127,"column":48}},"127":{"start":{"line":128,"column":0},"end":{"line":128,"column":50}},"128":{"start":{"line":129,"column":0},"end":{"line":129,"column":18}},"129":{"start":{"line":130,"column":0},"end":{"line":130,"column":53}},"130":{"start":{"line":131,"column":0},"end":{"line":131,"column":55}},"131":{"start":{"line":132,"column":0},"end":{"line":132,"column":6}},"132":{"start":{"line":133,"column":0},"end":{"line":133,"column":9}},"134":{"start":{"line":135,"column":0},"end":{"line":135,"column":77}},"135":{"start":{"line":136,"column":0},"end":{"line":136,"column":80}},"137":{"start":{"line":138,"column":0},"end":{"line":138,"column":42}},"138":{"start":{"line":139,"column":0},"end":{"line":139,"column":75}},"139":{"start":{"line":140,"column":0},"end":{"line":140,"column":6}},"140":{"start":{"line":141,"column":0},"end":{"line":141,"column":4}},"142":{"start":{"line":143,"column":0},"end":{"line":143,"column":19}},"143":{"start":{"line":144,"column":0},"end":{"line":144,"column":41}},"144":{"start":{"line":145,"column":0},"end":{"line":145,"column":45}},"146":{"start":{"line":147,"column":0},"end":{"line":147,"column":73}},"147":{"start":{"line":148,"column":0},"end":{"line":148,"column":31}},"148":{"start":{"line":149,"column":0},"end":{"line":149,"column":4}},"149":{"start":{"line":150,"column":0},"end":{"line":150,"column":71}},"150":{"start":{"line":151,"column":0},"end":{"line":151,"column":71}},"151":{"start":{"line":152,"column":0},"end":{"line":152,"column":74}},"152":{"start":{"line":153,"column":0},"end":{"line":153,"column":77}},"153":{"start":{"line":154,"column":0},"end":{"line":154,"column":74}},"154":{"start":{"line":155,"column":0},"end":{"line":155,"column":83}},"155":{"start":{"line":156,"column":0},"end":{"line":156,"column":69}},"157":{"start":{"line":158,"column":0},"end":{"line":158,"column":34}},"158":{"start":{"line":159,"column":0},"end":{"line":159,"column":58}},"159":{"start":{"line":160,"column":0},"end":{"line":160,"column":61}},"160":{"start":{"line":161,"column":0},"end":{"line":161,"column":17}},"162":{"start":{"line":163,"column":0},"end":{"line":163,"column":72}},"163":{"start":{"line":164,"column":0},"end":{"line":164,"column":60}},"165":{"start":{"line":166,"column":0},"end":{"line":166,"column":90}},"166":{"start":{"line":167,"column":0},"end":{"line":167,"column":97}},"167":{"start":{"line":168,"column":0},"end":{"line":168,"column":13}},"168":{"start":{"line":169,"column":0},"end":{"line":169,"column":4}},"169":{"start":{"line":170,"column":0},"end":{"line":170,"column":84}},"170":{"start":{"line":171,"column":0},"end":{"line":171,"column":88}},"171":{"start":{"line":172,"column":0},"end":{"line":172,"column":68}},"173":{"start":{"line":174,"column":0},"end":{"line":174,"column":63}},"174":{"start":{"line":175,"column":0},"end":{"line":175,"column":55}},"175":{"start":{"line":176,"column":0},"end":{"line":176,"column":27}},"176":{"start":{"line":177,"column":0},"end":{"line":177,"column":29}},"177":{"start":{"line":178,"column":0},"end":{"line":178,"column":7}},"178":{"start":{"line":179,"column":0},"end":{"line":179,"column":28}},"179":{"start":{"line":180,"column":0},"end":{"line":180,"column":25}},"180":{"start":{"line":181,"column":0},"end":{"line":181,"column":9}},"182":{"start":{"line":183,"column":0},"end":{"line":183,"column":19}},"183":{"start":{"line":184,"column":0},"end":{"line":184,"column":45}},"184":{"start":{"line":185,"column":0},"end":{"line":185,"column":34}},"186":{"start":{"line":187,"column":0},"end":{"line":187,"column":32}},"187":{"start":{"line":188,"column":0},"end":{"line":188,"column":11}},"188":{"start":{"line":189,"column":0},"end":{"line":189,"column":30}},"189":{"start":{"line":190,"column":0},"end":{"line":190,"column":21}},"190":{"start":{"line":191,"column":0},"end":{"line":191,"column":35}},"191":{"start":{"line":192,"column":0},"end":{"line":192,"column":59}},"192":{"start":{"line":193,"column":0},"end":{"line":193,"column":17}},"193":{"start":{"line":194,"column":0},"end":{"line":194,"column":30}},"194":{"start":{"line":195,"column":0},"end":{"line":195,"column":28}},"195":{"start":{"line":196,"column":0},"end":{"line":196,"column":9}},"196":{"start":{"line":197,"column":0},"end":{"line":197,"column":7}},"197":{"start":{"line":198,"column":0},"end":{"line":198,"column":5}},"199":{"start":{"line":200,"column":0},"end":{"line":200,"column":21}},"201":{"start":{"line":202,"column":0},"end":{"line":202,"column":44}},"202":{"start":{"line":203,"column":0},"end":{"line":203,"column":51}},"203":{"start":{"line":204,"column":0},"end":{"line":204,"column":58}},"204":{"start":{"line":205,"column":0},"end":{"line":205,"column":13}},"206":{"start":{"line":207,"column":0},"end":{"line":207,"column":18}},"207":{"start":{"line":208,"column":0},"end":{"line":208,"column":25}},"208":{"start":{"line":209,"column":0},"end":{"line":209,"column":34}},"209":{"start":{"line":210,"column":0},"end":{"line":210,"column":6}},"210":{"start":{"line":211,"column":0},"end":{"line":211,"column":16}},"212":{"start":{"line":213,"column":0},"end":{"line":213,"column":19}},"213":{"start":{"line":214,"column":0},"end":{"line":214,"column":83}},"215":{"start":{"line":216,"column":0},"end":{"line":216,"column":41}},"216":{"start":{"line":217,"column":0},"end":{"line":217,"column":87}},"217":{"start":{"line":218,"column":0},"end":{"line":218,"column":67}},"218":{"start":{"line":219,"column":0},"end":{"line":219,"column":61}},"219":{"start":{"line":220,"column":0},"end":{"line":220,"column":61}},"220":{"start":{"line":221,"column":0},"end":{"line":221,"column":58}},"221":{"start":{"line":222,"column":0},"end":{"line":222,"column":67}},"222":{"start":{"line":223,"column":0},"end":{"line":223,"column":64}},"223":{"start":{"line":224,"column":0},"end":{"line":224,"column":73}},"225":{"start":{"line":226,"column":0},"end":{"line":226,"column":41}},"226":{"start":{"line":227,"column":0},"end":{"line":227,"column":110}},"227":{"start":{"line":228,"column":0},"end":{"line":228,"column":51}},"228":{"start":{"line":229,"column":0},"end":{"line":229,"column":6}},"229":{"start":{"line":230,"column":0},"end":{"line":230,"column":25}},"230":{"start":{"line":231,"column":0},"end":{"line":231,"column":17}},"231":{"start":{"line":232,"column":0},"end":{"line":232,"column":14}},"232":{"start":{"line":233,"column":0},"end":{"line":233,"column":14}},"233":{"start":{"line":234,"column":0},"end":{"line":234,"column":15}},"234":{"start":{"line":235,"column":0},"end":{"line":235,"column":16}},"235":{"start":{"line":236,"column":0},"end":{"line":236,"column":15}},"236":{"start":{"line":237,"column":0},"end":{"line":237,"column":18}},"237":{"start":{"line":238,"column":0},"end":{"line":238,"column":13}},"238":{"start":{"line":239,"column":0},"end":{"line":239,"column":5}},"240":{"start":{"line":241,"column":0},"end":{"line":241,"column":19}},"241":{"start":{"line":242,"column":0},"end":{"line":242,"column":31}},"242":{"start":{"line":243,"column":0},"end":{"line":243,"column":44}},"243":{"start":{"line":244,"column":0},"end":{"line":244,"column":10}},"244":{"start":{"line":245,"column":0},"end":{"line":245,"column":60}},"245":{"start":{"line":246,"column":0},"end":{"line":246,"column":53}},"247":{"start":{"line":248,"column":0},"end":{"line":248,"column":15}},"248":{"start":{"line":249,"column":0},"end":{"line":249,"column":43}},"249":{"start":{"line":250,"column":0},"end":{"line":250,"column":42}},"250":{"start":{"line":251,"column":0},"end":{"line":251,"column":44}},"251":{"start":{"line":252,"column":0},"end":{"line":252,"column":38}},"252":{"start":{"line":253,"column":0},"end":{"line":253,"column":38}},"253":{"start":{"line":254,"column":0},"end":{"line":254,"column":40}},"254":{"start":{"line":255,"column":0},"end":{"line":255,"column":42}},"255":{"start":{"line":256,"column":0},"end":{"line":256,"column":40}},"256":{"start":{"line":257,"column":0},"end":{"line":257,"column":46}},"257":{"start":{"line":258,"column":0},"end":{"line":258,"column":5}},"259":{"start":{"line":260,"column":0},"end":{"line":260,"column":56}},"260":{"start":{"line":261,"column":0},"end":{"line":261,"column":72}},"261":{"start":{"line":262,"column":0},"end":{"line":262,"column":9}},"263":{"start":{"line":264,"column":0},"end":{"line":264,"column":63}},"265":{"start":{"line":266,"column":0},"end":{"line":266,"column":19}},"266":{"start":{"line":267,"column":0},"end":{"line":267,"column":56}},"267":{"start":{"line":268,"column":0},"end":{"line":268,"column":49}},"268":{"start":{"line":269,"column":0},"end":{"line":269,"column":10}},"269":{"start":{"line":270,"column":0},"end":{"line":270,"column":37}},"270":{"start":{"line":271,"column":0},"end":{"line":271,"column":40}},"271":{"start":{"line":272,"column":0},"end":{"line":272,"column":38}},"272":{"start":{"line":273,"column":0},"end":{"line":273,"column":32}},"273":{"start":{"line":274,"column":0},"end":{"line":274,"column":9}},"274":{"start":{"line":275,"column":0},"end":{"line":275,"column":15}},"275":{"start":{"line":276,"column":0},"end":{"line":276,"column":7}},"277":{"start":{"line":278,"column":0},"end":{"line":278,"column":30}},"278":{"start":{"line":279,"column":0},"end":{"line":279,"column":31}},"279":{"start":{"line":280,"column":0},"end":{"line":280,"column":49}},"280":{"start":{"line":281,"column":0},"end":{"line":281,"column":37}},"281":{"start":{"line":282,"column":0},"end":{"line":282,"column":31}},"282":{"start":{"line":283,"column":0},"end":{"line":283,"column":40}},"283":{"start":{"line":284,"column":0},"end":{"line":284,"column":7}},"284":{"start":{"line":285,"column":0},"end":{"line":285,"column":5}},"286":{"start":{"line":287,"column":0},"end":{"line":287,"column":60}},"287":{"start":{"line":288,"column":0},"end":{"line":288,"column":76}},"288":{"start":{"line":289,"column":0},"end":{"line":289,"column":9}},"290":{"start":{"line":291,"column":0},"end":{"line":291,"column":31}},"291":{"start":{"line":292,"column":0},"end":{"line":292,"column":27}},"292":{"start":{"line":293,"column":0},"end":{"line":293,"column":56}},"293":{"start":{"line":294,"column":0},"end":{"line":294,"column":24}},"294":{"start":{"line":295,"column":0},"end":{"line":295,"column":41}},"295":{"start":{"line":296,"column":0},"end":{"line":296,"column":97}},"296":{"start":{"line":297,"column":0},"end":{"line":297,"column":10}},"297":{"start":{"line":298,"column":0},"end":{"line":298,"column":31}},"298":{"start":{"line":299,"column":0},"end":{"line":299,"column":7}},"299":{"start":{"line":300,"column":0},"end":{"line":300,"column":51}},"300":{"start":{"line":301,"column":0},"end":{"line":301,"column":28}},"301":{"start":{"line":302,"column":0},"end":{"line":302,"column":6}},"302":{"start":{"line":303,"column":0},"end":{"line":303,"column":17}},"303":{"start":{"line":304,"column":0},"end":{"line":304,"column":4}},"305":{"start":{"line":306,"column":0},"end":{"line":306,"column":39}},"306":{"start":{"line":307,"column":0},"end":{"line":307,"column":21}},"307":{"start":{"line":308,"column":0},"end":{"line":308,"column":54}},"308":{"start":{"line":309,"column":0},"end":{"line":309,"column":6}},"309":{"start":{"line":310,"column":0},"end":{"line":310,"column":14}},"310":{"start":{"line":311,"column":0},"end":{"line":311,"column":4}},"312":{"start":{"line":313,"column":0},"end":{"line":313,"column":48}},"313":{"start":{"line":314,"column":0},"end":{"line":314,"column":95}},"314":{"start":{"line":315,"column":0},"end":{"line":315,"column":29}},"315":{"start":{"line":316,"column":0},"end":{"line":316,"column":67}},"316":{"start":{"line":317,"column":0},"end":{"line":317,"column":27}},"317":{"start":{"line":318,"column":0},"end":{"line":318,"column":37}},"318":{"start":{"line":319,"column":0},"end":{"line":319,"column":13}},"319":{"start":{"line":320,"column":0},"end":{"line":320,"column":5}},"320":{"start":{"line":321,"column":0},"end":{"line":321,"column":9}},"321":{"start":{"line":322,"column":0},"end":{"line":322,"column":57}},"322":{"start":{"line":323,"column":0},"end":{"line":323,"column":22}},"323":{"start":{"line":324,"column":0},"end":{"line":324,"column":53}},"324":{"start":{"line":325,"column":0},"end":{"line":325,"column":19}},"325":{"start":{"line":326,"column":0},"end":{"line":326,"column":84}},"326":{"start":{"line":327,"column":0},"end":{"line":327,"column":5}},"327":{"start":{"line":328,"column":0},"end":{"line":328,"column":3}},"329":{"start":{"line":330,"column":0},"end":{"line":330,"column":47}},"330":{"start":{"line":331,"column":0},"end":{"line":331,"column":38}},"331":{"start":{"line":332,"column":0},"end":{"line":332,"column":84}},"332":{"start":{"line":333,"column":0},"end":{"line":333,"column":37}},"333":{"start":{"line":334,"column":0},"end":{"line":334,"column":34}},"334":{"start":{"line":335,"column":0},"end":{"line":335,"column":38}},"335":{"start":{"line":336,"column":0},"end":{"line":336,"column":3}},"337":{"start":{"line":338,"column":0},"end":{"line":338,"column":35}},"338":{"start":{"line":339,"column":0},"end":{"line":339,"column":35}},"339":{"start":{"line":340,"column":0},"end":{"line":340,"column":34}},"340":{"start":{"line":341,"column":0},"end":{"line":341,"column":40}},"341":{"start":{"line":342,"column":0},"end":{"line":342,"column":48}},"342":{"start":{"line":343,"column":0},"end":{"line":343,"column":46}},"343":{"start":{"line":344,"column":0},"end":{"line":344,"column":7}},"344":{"start":{"line":345,"column":0},"end":{"line":345,"column":3}},"346":{"start":{"line":347,"column":0},"end":{"line":347,"column":68}},"347":{"start":{"line":348,"column":0},"end":{"line":348,"column":39}},"348":{"start":{"line":349,"column":0},"end":{"line":349,"column":39}},"349":{"start":{"line":350,"column":0},"end":{"line":350,"column":34}},"350":{"start":{"line":351,"column":0},"end":{"line":351,"column":33}},"351":{"start":{"line":352,"column":0},"end":{"line":352,"column":9}},"352":{"start":{"line":353,"column":0},"end":{"line":353,"column":25}},"353":{"start":{"line":354,"column":0},"end":{"line":354,"column":33}},"354":{"start":{"line":355,"column":0},"end":{"line":355,"column":25}},"355":{"start":{"line":356,"column":0},"end":{"line":356,"column":20}},"356":{"start":{"line":357,"column":0},"end":{"line":357,"column":31}},"357":{"start":{"line":358,"column":0},"end":{"line":358,"column":8}},"358":{"start":{"line":359,"column":0},"end":{"line":359,"column":29}},"359":{"start":{"line":360,"column":0},"end":{"line":360,"column":40}},"360":{"start":{"line":361,"column":0},"end":{"line":361,"column":22}},"361":{"start":{"line":362,"column":0},"end":{"line":362,"column":50}},"362":{"start":{"line":363,"column":0},"end":{"line":363,"column":19}},"363":{"start":{"line":364,"column":0},"end":{"line":364,"column":89}},"364":{"start":{"line":365,"column":0},"end":{"line":365,"column":15}},"365":{"start":{"line":366,"column":0},"end":{"line":366,"column":42}},"366":{"start":{"line":367,"column":0},"end":{"line":367,"column":5}},"367":{"start":{"line":368,"column":0},"end":{"line":368,"column":3}},"369":{"start":{"line":370,"column":0},"end":{"line":370,"column":48}},"371":{"start":{"line":372,"column":0},"end":{"line":372,"column":57}},"372":{"start":{"line":373,"column":0},"end":{"line":373,"column":92}},"373":{"start":{"line":374,"column":0},"end":{"line":374,"column":13}},"374":{"start":{"line":375,"column":0},"end":{"line":375,"column":5}},"375":{"start":{"line":376,"column":0},"end":{"line":376,"column":40}},"376":{"start":{"line":377,"column":0},"end":{"line":377,"column":80}},"377":{"start":{"line":378,"column":0},"end":{"line":378,"column":13}},"378":{"start":{"line":379,"column":0},"end":{"line":379,"column":5}},"380":{"start":{"line":381,"column":0},"end":{"line":381,"column":100}},"381":{"start":{"line":382,"column":0},"end":{"line":382,"column":52}},"382":{"start":{"line":383,"column":0},"end":{"line":383,"column":21}},"383":{"start":{"line":384,"column":0},"end":{"line":384,"column":38}},"384":{"start":{"line":385,"column":0},"end":{"line":385,"column":54}},"385":{"start":{"line":386,"column":0},"end":{"line":386,"column":33}},"386":{"start":{"line":387,"column":0},"end":{"line":387,"column":26}},"387":{"start":{"line":388,"column":0},"end":{"line":388,"column":16}},"388":{"start":{"line":389,"column":0},"end":{"line":389,"column":6}},"390":{"start":{"line":391,"column":0},"end":{"line":391,"column":9}},"392":{"start":{"line":393,"column":0},"end":{"line":393,"column":76}},"395":{"start":{"line":396,"column":0},"end":{"line":396,"column":74}},"396":{"start":{"line":397,"column":0},"end":{"line":397,"column":22}},"397":{"start":{"line":398,"column":0},"end":{"line":398,"column":55}},"398":{"start":{"line":399,"column":0},"end":{"line":399,"column":19}},"399":{"start":{"line":400,"column":0},"end":{"line":400,"column":87}},"400":{"start":{"line":401,"column":0},"end":{"line":401,"column":27}},"401":{"start":{"line":402,"column":0},"end":{"line":402,"column":5}},"402":{"start":{"line":403,"column":0},"end":{"line":403,"column":3}},"404":{"start":{"line":405,"column":0},"end":{"line":405,"column":47}},"406":{"start":{"line":407,"column":0},"end":{"line":407,"column":57}},"407":{"start":{"line":408,"column":0},"end":{"line":408,"column":91}},"408":{"start":{"line":409,"column":0},"end":{"line":409,"column":13}},"409":{"start":{"line":410,"column":0},"end":{"line":410,"column":5}},"410":{"start":{"line":411,"column":0},"end":{"line":411,"column":40}},"411":{"start":{"line":412,"column":0},"end":{"line":412,"column":80}},"412":{"start":{"line":413,"column":0},"end":{"line":413,"column":13}},"413":{"start":{"line":414,"column":0},"end":{"line":414,"column":5}},"415":{"start":{"line":416,"column":0},"end":{"line":416,"column":100}},"416":{"start":{"line":417,"column":0},"end":{"line":417,"column":52}},"417":{"start":{"line":418,"column":0},"end":{"line":418,"column":21}},"418":{"start":{"line":419,"column":0},"end":{"line":419,"column":38}},"419":{"start":{"line":420,"column":0},"end":{"line":420,"column":54}},"420":{"start":{"line":421,"column":0},"end":{"line":421,"column":32}},"421":{"start":{"line":422,"column":0},"end":{"line":422,"column":26}},"422":{"start":{"line":423,"column":0},"end":{"line":423,"column":16}},"423":{"start":{"line":424,"column":0},"end":{"line":424,"column":6}},"425":{"start":{"line":426,"column":0},"end":{"line":426,"column":9}},"427":{"start":{"line":428,"column":0},"end":{"line":428,"column":76}},"430":{"start":{"line":431,"column":0},"end":{"line":431,"column":73}},"431":{"start":{"line":432,"column":0},"end":{"line":432,"column":22}},"432":{"start":{"line":433,"column":0},"end":{"line":433,"column":53}},"433":{"start":{"line":434,"column":0},"end":{"line":434,"column":19}},"434":{"start":{"line":435,"column":0},"end":{"line":435,"column":86}},"435":{"start":{"line":436,"column":0},"end":{"line":436,"column":27}},"436":{"start":{"line":437,"column":0},"end":{"line":437,"column":5}},"437":{"start":{"line":438,"column":0},"end":{"line":438,"column":3}},"439":{"start":{"line":440,"column":0},"end":{"line":440,"column":41}},"440":{"start":{"line":441,"column":0},"end":{"line":441,"column":89}},"441":{"start":{"line":442,"column":0},"end":{"line":442,"column":71}},"442":{"start":{"line":443,"column":0},"end":{"line":443,"column":32}},"443":{"start":{"line":444,"column":0},"end":{"line":444,"column":68}},"444":{"start":{"line":445,"column":0},"end":{"line":445,"column":71}},"445":{"start":{"line":446,"column":0},"end":{"line":446,"column":73}},"446":{"start":{"line":447,"column":0},"end":{"line":447,"column":71}},"447":{"start":{"line":448,"column":0},"end":{"line":448,"column":8}},"449":{"start":{"line":450,"column":0},"end":{"line":450,"column":14}},"450":{"start":{"line":451,"column":0},"end":{"line":451,"column":15}},"451":{"start":{"line":452,"column":0},"end":{"line":452,"column":29}},"452":{"start":{"line":453,"column":0},"end":{"line":453,"column":23}},"453":{"start":{"line":454,"column":0},"end":{"line":454,"column":86}},"454":{"start":{"line":455,"column":0},"end":{"line":455,"column":30}},"455":{"start":{"line":456,"column":0},"end":{"line":456,"column":27}},"457":{"start":{"line":458,"column":0},"end":{"line":458,"column":24}},"458":{"start":{"line":459,"column":0},"end":{"line":459,"column":17}},"460":{"start":{"line":461,"column":0},"end":{"line":461,"column":6}},"461":{"start":{"line":462,"column":0},"end":{"line":462,"column":13}},"462":{"start":{"line":463,"column":0},"end":{"line":463,"column":4}},"464":{"start":{"line":465,"column":0},"end":{"line":465,"column":35}},"465":{"start":{"line":466,"column":0},"end":{"line":466,"column":63}},"466":{"start":{"line":467,"column":0},"end":{"line":467,"column":16}},"467":{"start":{"line":468,"column":0},"end":{"line":468,"column":9}},"468":{"start":{"line":469,"column":0},"end":{"line":469,"column":46}},"469":{"start":{"line":470,"column":0},"end":{"line":470,"column":45}},"470":{"start":{"line":471,"column":0},"end":{"line":471,"column":9}},"471":{"start":{"line":472,"column":0},"end":{"line":472,"column":13}},"472":{"start":{"line":473,"column":0},"end":{"line":473,"column":17}},"474":{"start":{"line":475,"column":0},"end":{"line":475,"column":42}},"475":{"start":{"line":476,"column":0},"end":{"line":476,"column":61}},"476":{"start":{"line":477,"column":0},"end":{"line":477,"column":68}},"477":{"start":{"line":478,"column":0},"end":{"line":478,"column":17}},"479":{"start":{"line":480,"column":0},"end":{"line":480,"column":19}},"480":{"start":{"line":481,"column":0},"end":{"line":481,"column":20}},"481":{"start":{"line":482,"column":0},"end":{"line":482,"column":28}},"482":{"start":{"line":483,"column":0},"end":{"line":483,"column":13}},"483":{"start":{"line":484,"column":0},"end":{"line":484,"column":5}},"484":{"start":{"line":485,"column":0},"end":{"line":485,"column":22}},"485":{"start":{"line":486,"column":0},"end":{"line":486,"column":27}},"486":{"start":{"line":487,"column":0},"end":{"line":487,"column":23}},"487":{"start":{"line":488,"column":0},"end":{"line":488,"column":25}},"488":{"start":{"line":489,"column":0},"end":{"line":489,"column":21}},"489":{"start":{"line":490,"column":0},"end":{"line":490,"column":34}},"490":{"start":{"line":491,"column":0},"end":{"line":491,"column":34}},"491":{"start":{"line":492,"column":0},"end":{"line":492,"column":9}},"492":{"start":{"line":493,"column":0},"end":{"line":493,"column":8}},"493":{"start":{"line":494,"column":0},"end":{"line":494,"column":20}},"494":{"start":{"line":495,"column":0},"end":{"line":495,"column":21}},"495":{"start":{"line":496,"column":0},"end":{"line":496,"column":32}},"496":{"start":{"line":497,"column":0},"end":{"line":497,"column":34}},"497":{"start":{"line":498,"column":0},"end":{"line":498,"column":9}},"498":{"start":{"line":499,"column":0},"end":{"line":499,"column":9}},"499":{"start":{"line":500,"column":0},"end":{"line":500,"column":18}},"500":{"start":{"line":501,"column":0},"end":{"line":501,"column":21}},"501":{"start":{"line":502,"column":0},"end":{"line":502,"column":6}},"502":{"start":{"line":503,"column":0},"end":{"line":503,"column":17}},"504":{"start":{"line":505,"column":0},"end":{"line":505,"column":42}},"505":{"start":{"line":506,"column":0},"end":{"line":506,"column":96}},"506":{"start":{"line":507,"column":0},"end":{"line":507,"column":37}},"507":{"start":{"line":508,"column":0},"end":{"line":508,"column":40}},"508":{"start":{"line":509,"column":0},"end":{"line":509,"column":19}},"509":{"start":{"line":510,"column":0},"end":{"line":510,"column":16}},"510":{"start":{"line":511,"column":0},"end":{"line":511,"column":16}},"511":{"start":{"line":512,"column":0},"end":{"line":512,"column":38}},"512":{"start":{"line":513,"column":0},"end":{"line":513,"column":18}},"513":{"start":{"line":514,"column":0},"end":{"line":514,"column":17}},"514":{"start":{"line":515,"column":0},"end":{"line":515,"column":20}},"515":{"start":{"line":516,"column":0},"end":{"line":516,"column":7}},"516":{"start":{"line":517,"column":0},"end":{"line":517,"column":6}},"517":{"start":{"line":518,"column":0},"end":{"line":518,"column":13}},"518":{"start":{"line":519,"column":0},"end":{"line":519,"column":25}},"519":{"start":{"line":520,"column":0},"end":{"line":520,"column":17}},"520":{"start":{"line":521,"column":0},"end":{"line":521,"column":14}},"521":{"start":{"line":522,"column":0},"end":{"line":522,"column":14}},"522":{"start":{"line":523,"column":0},"end":{"line":523,"column":15}},"523":{"start":{"line":524,"column":0},"end":{"line":524,"column":16}},"524":{"start":{"line":525,"column":0},"end":{"line":525,"column":15}},"525":{"start":{"line":526,"column":0},"end":{"line":526,"column":18}},"526":{"start":{"line":527,"column":0},"end":{"line":527,"column":14}},"527":{"start":{"line":528,"column":0},"end":{"line":528,"column":5}},"529":{"start":{"line":530,"column":0},"end":{"line":530,"column":41}},"530":{"start":{"line":531,"column":0},"end":{"line":531,"column":20}},"531":{"start":{"line":532,"column":0},"end":{"line":532,"column":76}},"532":{"start":{"line":533,"column":0},"end":{"line":533,"column":5}},"533":{"start":{"line":534,"column":0},"end":{"line":534,"column":48}},"534":{"start":{"line":535,"column":0},"end":{"line":535,"column":42}},"535":{"start":{"line":536,"column":0},"end":{"line":536,"column":57}},"536":{"start":{"line":537,"column":0},"end":{"line":537,"column":39}},"537":{"start":{"line":538,"column":0},"end":{"line":538,"column":7}},"538":{"start":{"line":539,"column":0},"end":{"line":539,"column":18}},"539":{"start":{"line":540,"column":0},"end":{"line":540,"column":36}},"541":{"start":{"line":542,"column":0},"end":{"line":542,"column":26}},"542":{"start":{"line":543,"column":0},"end":{"line":543,"column":41}},"543":{"start":{"line":544,"column":0},"end":{"line":544,"column":29}},"544":{"start":{"line":545,"column":0},"end":{"line":545,"column":23}},"545":{"start":{"line":546,"column":0},"end":{"line":546,"column":23}},"546":{"start":{"line":547,"column":0},"end":{"line":547,"column":22}},"548":{"start":{"line":549,"column":0},"end":{"line":549,"column":66}},"549":{"start":{"line":550,"column":0},"end":{"line":550,"column":38}},"550":{"start":{"line":551,"column":0},"end":{"line":551,"column":14}},"551":{"start":{"line":552,"column":0},"end":{"line":552,"column":77}},"552":{"start":{"line":553,"column":0},"end":{"line":553,"column":75}},"553":{"start":{"line":554,"column":0},"end":{"line":554,"column":8}},"554":{"start":{"line":555,"column":0},"end":{"line":555,"column":5}},"555":{"start":{"line":556,"column":0},"end":{"line":556,"column":12}},"556":{"start":{"line":557,"column":0},"end":{"line":557,"column":43}},"557":{"start":{"line":558,"column":0},"end":{"line":558,"column":55}},"558":{"start":{"line":559,"column":0},"end":{"line":559,"column":6}},"559":{"start":{"line":560,"column":0},"end":{"line":560,"column":29}},"561":{"start":{"line":562,"column":0},"end":{"line":562,"column":17}},"562":{"start":{"line":563,"column":0},"end":{"line":563,"column":67}},"563":{"start":{"line":564,"column":0},"end":{"line":564,"column":12}},"564":{"start":{"line":565,"column":0},"end":{"line":565,"column":54}},"565":{"start":{"line":566,"column":0},"end":{"line":566,"column":82}},"566":{"start":{"line":567,"column":0},"end":{"line":567,"column":27}},"567":{"start":{"line":568,"column":0},"end":{"line":568,"column":33}},"568":{"start":{"line":569,"column":0},"end":{"line":569,"column":35}},"569":{"start":{"line":570,"column":0},"end":{"line":570,"column":40}},"570":{"start":{"line":571,"column":0},"end":{"line":571,"column":25}},"571":{"start":{"line":572,"column":0},"end":{"line":572,"column":85}},"572":{"start":{"line":573,"column":0},"end":{"line":573,"column":35}},"573":{"start":{"line":574,"column":0},"end":{"line":574,"column":35}},"574":{"start":{"line":575,"column":0},"end":{"line":575,"column":51}},"575":{"start":{"line":576,"column":0},"end":{"line":576,"column":45}},"576":{"start":{"line":577,"column":0},"end":{"line":577,"column":31}},"577":{"start":{"line":578,"column":0},"end":{"line":578,"column":12}},"578":{"start":{"line":579,"column":0},"end":{"line":579,"column":19}},"579":{"start":{"line":580,"column":0},"end":{"line":580,"column":22}},"581":{"start":{"line":582,"column":0},"end":{"line":582,"column":3}},"583":{"start":{"line":584,"column":0},"end":{"line":584,"column":25}},"584":{"start":{"line":585,"column":0},"end":{"line":585,"column":12}},"585":{"start":{"line":586,"column":0},"end":{"line":586,"column":96}},"587":{"start":{"line":588,"column":0},"end":{"line":588,"column":3}},"589":{"start":{"line":590,"column":0},"end":{"line":590,"column":66}},"590":{"start":{"line":591,"column":0},"end":{"line":591,"column":27}},"591":{"start":{"line":592,"column":0},"end":{"line":592,"column":24}},"592":{"start":{"line":593,"column":0},"end":{"line":593,"column":9}},"594":{"start":{"line":595,"column":0},"end":{"line":595,"column":30}},"595":{"start":{"line":596,"column":0},"end":{"line":596,"column":47}},"596":{"start":{"line":597,"column":0},"end":{"line":597,"column":15}},"597":{"start":{"line":598,"column":0},"end":{"line":598,"column":7}},"598":{"start":{"line":599,"column":0},"end":{"line":599,"column":31}},"599":{"start":{"line":600,"column":0},"end":{"line":600,"column":42}},"600":{"start":{"line":601,"column":0},"end":{"line":601,"column":15}},"601":{"start":{"line":602,"column":0},"end":{"line":602,"column":7}},"602":{"start":{"line":603,"column":0},"end":{"line":603,"column":29}},"603":{"start":{"line":604,"column":0},"end":{"line":604,"column":61}},"604":{"start":{"line":605,"column":0},"end":{"line":605,"column":15}},"605":{"start":{"line":606,"column":0},"end":{"line":606,"column":7}},"606":{"start":{"line":607,"column":0},"end":{"line":607,"column":72}},"607":{"start":{"line":608,"column":0},"end":{"line":608,"column":28}},"608":{"start":{"line":609,"column":0},"end":{"line":609,"column":62}},"609":{"start":{"line":610,"column":0},"end":{"line":610,"column":15}},"610":{"start":{"line":611,"column":0},"end":{"line":611,"column":7}},"611":{"start":{"line":612,"column":0},"end":{"line":612,"column":26}},"612":{"start":{"line":613,"column":0},"end":{"line":613,"column":16}},"613":{"start":{"line":614,"column":0},"end":{"line":614,"column":43}},"614":{"start":{"line":615,"column":0},"end":{"line":615,"column":44}},"615":{"start":{"line":616,"column":0},"end":{"line":616,"column":9}},"616":{"start":{"line":617,"column":0},"end":{"line":617,"column":69}},"617":{"start":{"line":618,"column":0},"end":{"line":618,"column":28}},"618":{"start":{"line":619,"column":0},"end":{"line":619,"column":22}},"619":{"start":{"line":620,"column":0},"end":{"line":620,"column":52}},"620":{"start":{"line":621,"column":0},"end":{"line":621,"column":19}},"621":{"start":{"line":622,"column":0},"end":{"line":622,"column":83}},"622":{"start":{"line":623,"column":0},"end":{"line":623,"column":15}},"623":{"start":{"line":624,"column":0},"end":{"line":624,"column":27}},"624":{"start":{"line":625,"column":0},"end":{"line":625,"column":5}},"625":{"start":{"line":626,"column":0},"end":{"line":626,"column":3}},"627":{"start":{"line":628,"column":0},"end":{"line":628,"column":10}},"628":{"start":{"line":629,"column":0},"end":{"line":629,"column":35}},"629":{"start":{"line":630,"column":0},"end":{"line":630,"column":38}},"630":{"start":{"line":631,"column":0},"end":{"line":631,"column":40}},"631":{"start":{"line":632,"column":0},"end":{"line":632,"column":62}},"632":{"start":{"line":633,"column":0},"end":{"line":633,"column":44}},"633":{"start":{"line":634,"column":0},"end":{"line":634,"column":41}},"634":{"start":{"line":635,"column":0},"end":{"line":635,"column":16}},"635":{"start":{"line":636,"column":0},"end":{"line":636,"column":42}},"636":{"start":{"line":637,"column":0},"end":{"line":637,"column":68}},"637":{"start":{"line":638,"column":0},"end":{"line":638,"column":19}},"638":{"start":{"line":639,"column":0},"end":{"line":639,"column":38}},"639":{"start":{"line":640,"column":0},"end":{"line":640,"column":34}},"640":{"start":{"line":641,"column":0},"end":{"line":641,"column":80}},"642":{"start":{"line":643,"column":0},"end":{"line":643,"column":61}},"643":{"start":{"line":644,"column":0},"end":{"line":644,"column":21}},"644":{"start":{"line":645,"column":0},"end":{"line":645,"column":16}},"645":{"start":{"line":646,"column":0},"end":{"line":646,"column":14}},"646":{"start":{"line":647,"column":0},"end":{"line":647,"column":15}},"648":{"start":{"line":649,"column":0},"end":{"line":649,"column":37}},"649":{"start":{"line":650,"column":0},"end":{"line":650,"column":44}},"650":{"start":{"line":651,"column":0},"end":{"line":651,"column":37}},"651":{"start":{"line":652,"column":0},"end":{"line":652,"column":39}},"652":{"start":{"line":653,"column":0},"end":{"line":653,"column":62}},"653":{"start":{"line":654,"column":0},"end":{"line":654,"column":17}},"656":{"start":{"line":657,"column":0},"end":{"line":657,"column":18}},"657":{"start":{"line":658,"column":0},"end":{"line":658,"column":68}},"658":{"start":{"line":659,"column":0},"end":{"line":659,"column":42}},"659":{"start":{"line":660,"column":0},"end":{"line":660,"column":25}},"661":{"start":{"line":662,"column":0},"end":{"line":662,"column":26}},"662":{"start":{"line":663,"column":0},"end":{"line":663,"column":39}},"663":{"start":{"line":664,"column":0},"end":{"line":664,"column":40}},"664":{"start":{"line":665,"column":0},"end":{"line":665,"column":67}},"665":{"start":{"line":666,"column":0},"end":{"line":666,"column":45}},"666":{"start":{"line":667,"column":0},"end":{"line":667,"column":24}},"667":{"start":{"line":668,"column":0},"end":{"line":668,"column":46}},"668":{"start":{"line":669,"column":0},"end":{"line":669,"column":22}},"669":{"start":{"line":670,"column":0},"end":{"line":670,"column":26}},"670":{"start":{"line":671,"column":0},"end":{"line":671,"column":25}},"672":{"start":{"line":673,"column":0},"end":{"line":673,"column":26}},"673":{"start":{"line":674,"column":0},"end":{"line":674,"column":35}},"674":{"start":{"line":675,"column":0},"end":{"line":675,"column":46}},"675":{"start":{"line":676,"column":0},"end":{"line":676,"column":40}},"676":{"start":{"line":677,"column":0},"end":{"line":677,"column":82}},"677":{"start":{"line":678,"column":0},"end":{"line":678,"column":45}},"678":{"start":{"line":679,"column":0},"end":{"line":679,"column":24}},"679":{"start":{"line":680,"column":0},"end":{"line":680,"column":22}},"680":{"start":{"line":681,"column":0},"end":{"line":681,"column":26}},"681":{"start":{"line":682,"column":0},"end":{"line":682,"column":22}},"682":{"start":{"line":683,"column":0},"end":{"line":683,"column":42}},"683":{"start":{"line":684,"column":0},"end":{"line":684,"column":25}},"685":{"start":{"line":686,"column":0},"end":{"line":686,"column":26}},"686":{"start":{"line":687,"column":0},"end":{"line":687,"column":40}},"687":{"start":{"line":688,"column":0},"end":{"line":688,"column":40}},"688":{"start":{"line":689,"column":0},"end":{"line":689,"column":68}},"689":{"start":{"line":690,"column":0},"end":{"line":690,"column":45}},"690":{"start":{"line":691,"column":0},"end":{"line":691,"column":24}},"691":{"start":{"line":692,"column":0},"end":{"line":692,"column":60}},"692":{"start":{"line":693,"column":0},"end":{"line":693,"column":22}},"693":{"start":{"line":694,"column":0},"end":{"line":694,"column":26}},"694":{"start":{"line":695,"column":0},"end":{"line":695,"column":22}},"695":{"start":{"line":696,"column":0},"end":{"line":696,"column":42}},"696":{"start":{"line":697,"column":0},"end":{"line":697,"column":25}},"698":{"start":{"line":699,"column":0},"end":{"line":699,"column":26}},"699":{"start":{"line":700,"column":0},"end":{"line":700,"column":35}},"700":{"start":{"line":701,"column":0},"end":{"line":701,"column":41}},"701":{"start":{"line":702,"column":0},"end":{"line":702,"column":40}},"702":{"start":{"line":703,"column":0},"end":{"line":703,"column":77}},"703":{"start":{"line":704,"column":0},"end":{"line":704,"column":45}},"704":{"start":{"line":705,"column":0},"end":{"line":705,"column":24}},"705":{"start":{"line":706,"column":0},"end":{"line":706,"column":22}},"706":{"start":{"line":707,"column":0},"end":{"line":707,"column":26}},"707":{"start":{"line":708,"column":0},"end":{"line":708,"column":25}},"709":{"start":{"line":710,"column":0},"end":{"line":710,"column":27}},"710":{"start":{"line":711,"column":0},"end":{"line":711,"column":46}},"711":{"start":{"line":712,"column":0},"end":{"line":712,"column":40}},"712":{"start":{"line":713,"column":0},"end":{"line":713,"column":74}},"713":{"start":{"line":714,"column":0},"end":{"line":714,"column":45}},"714":{"start":{"line":715,"column":0},"end":{"line":715,"column":24}},"716":{"start":{"line":717,"column":0},"end":{"line":717,"column":54}},"717":{"start":{"line":718,"column":0},"end":{"line":718,"column":56}},"718":{"start":{"line":719,"column":0},"end":{"line":719,"column":29}},"719":{"start":{"line":720,"column":0},"end":{"line":720,"column":26}},"720":{"start":{"line":721,"column":0},"end":{"line":721,"column":22}},"721":{"start":{"line":722,"column":0},"end":{"line":722,"column":46}},"722":{"start":{"line":723,"column":0},"end":{"line":723,"column":62}},"723":{"start":{"line":724,"column":0},"end":{"line":724,"column":66}},"724":{"start":{"line":725,"column":0},"end":{"line":725,"column":27}},"725":{"start":{"line":726,"column":0},"end":{"line":726,"column":35}},"726":{"start":{"line":727,"column":0},"end":{"line":727,"column":27}},"727":{"start":{"line":728,"column":0},"end":{"line":728,"column":35}},"728":{"start":{"line":729,"column":0},"end":{"line":729,"column":46}},"729":{"start":{"line":730,"column":0},"end":{"line":730,"column":38}},"730":{"start":{"line":731,"column":0},"end":{"line":731,"column":45}},"731":{"start":{"line":732,"column":0},"end":{"line":732,"column":46}},"732":{"start":{"line":733,"column":0},"end":{"line":733,"column":24}},"733":{"start":{"line":734,"column":0},"end":{"line":734,"column":21}},"735":{"start":{"line":736,"column":0},"end":{"line":736,"column":29}},"737":{"start":{"line":738,"column":0},"end":{"line":738,"column":22}},"738":{"start":{"line":739,"column":0},"end":{"line":739,"column":21}},"739":{"start":{"line":740,"column":0},"end":{"line":740,"column":18}},"740":{"start":{"line":741,"column":0},"end":{"line":741,"column":16}},"741":{"start":{"line":742,"column":0},"end":{"line":742,"column":18}},"743":{"start":{"line":744,"column":0},"end":{"line":744,"column":70}},"745":{"start":{"line":746,"column":0},"end":{"line":746,"column":43}},"746":{"start":{"line":747,"column":0},"end":{"line":747,"column":41}},"747":{"start":{"line":748,"column":0},"end":{"line":748,"column":40}},"748":{"start":{"line":749,"column":0},"end":{"line":749,"column":34}},"749":{"start":{"line":750,"column":0},"end":{"line":750,"column":20}},"750":{"start":{"line":751,"column":0},"end":{"line":751,"column":36}},"751":{"start":{"line":752,"column":0},"end":{"line":752,"column":64}},"752":{"start":{"line":753,"column":0},"end":{"line":753,"column":35}},"753":{"start":{"line":754,"column":0},"end":{"line":754,"column":64}},"754":{"start":{"line":755,"column":0},"end":{"line":755,"column":16}},"755":{"start":{"line":756,"column":0},"end":{"line":756,"column":18}},"756":{"start":{"line":757,"column":0},"end":{"line":757,"column":42}},"757":{"start":{"line":758,"column":0},"end":{"line":758,"column":52}},"758":{"start":{"line":759,"column":0},"end":{"line":759,"column":23}},"759":{"start":{"line":760,"column":0},"end":{"line":760,"column":30}},"760":{"start":{"line":761,"column":0},"end":{"line":761,"column":86}},"761":{"start":{"line":762,"column":0},"end":{"line":762,"column":57}},"763":{"start":{"line":764,"column":0},"end":{"line":764,"column":26}},"764":{"start":{"line":765,"column":0},"end":{"line":765,"column":25}},"765":{"start":{"line":766,"column":0},"end":{"line":766,"column":17}},"766":{"start":{"line":767,"column":0},"end":{"line":767,"column":18}},"767":{"start":{"line":768,"column":0},"end":{"line":768,"column":16}},"769":{"start":{"line":770,"column":0},"end":{"line":770,"column":22}},"770":{"start":{"line":771,"column":0},"end":{"line":771,"column":40}},"771":{"start":{"line":772,"column":0},"end":{"line":772,"column":37}},"772":{"start":{"line":773,"column":0},"end":{"line":773,"column":46}},"773":{"start":{"line":774,"column":0},"end":{"line":774,"column":17}},"774":{"start":{"line":775,"column":0},"end":{"line":775,"column":18}},"775":{"start":{"line":776,"column":0},"end":{"line":776,"column":57}},"776":{"start":{"line":777,"column":0},"end":{"line":777,"column":42}},"777":{"start":{"line":778,"column":0},"end":{"line":778,"column":78}},"778":{"start":{"line":779,"column":0},"end":{"line":779,"column":55}},"779":{"start":{"line":780,"column":0},"end":{"line":780,"column":47}},"780":{"start":{"line":781,"column":0},"end":{"line":781,"column":51}},"781":{"start":{"line":782,"column":0},"end":{"line":782,"column":23}},"782":{"start":{"line":783,"column":0},"end":{"line":783,"column":46}},"783":{"start":{"line":784,"column":0},"end":{"line":784,"column":51}},"784":{"start":{"line":785,"column":0},"end":{"line":785,"column":33}},"785":{"start":{"line":786,"column":0},"end":{"line":786,"column":39}},"786":{"start":{"line":787,"column":0},"end":{"line":787,"column":39}},"787":{"start":{"line":788,"column":0},"end":{"line":788,"column":49}},"788":{"start":{"line":789,"column":0},"end":{"line":789,"column":63}},"789":{"start":{"line":790,"column":0},"end":{"line":790,"column":24}},"790":{"start":{"line":791,"column":0},"end":{"line":791,"column":23}},"791":{"start":{"line":792,"column":0},"end":{"line":792,"column":24}},"792":{"start":{"line":793,"column":0},"end":{"line":793,"column":22}},"793":{"start":{"line":794,"column":0},"end":{"line":794,"column":17}},"794":{"start":{"line":795,"column":0},"end":{"line":795,"column":18}},"796":{"start":{"line":797,"column":0},"end":{"line":797,"column":23}},"797":{"start":{"line":798,"column":0},"end":{"line":798,"column":41}},"798":{"start":{"line":799,"column":0},"end":{"line":799,"column":41}},"799":{"start":{"line":800,"column":0},"end":{"line":800,"column":43}},"800":{"start":{"line":801,"column":0},"end":{"line":801,"column":37}},"801":{"start":{"line":802,"column":0},"end":{"line":802,"column":35}},"802":{"start":{"line":803,"column":0},"end":{"line":803,"column":39}},"803":{"start":{"line":804,"column":0},"end":{"line":804,"column":16}},"804":{"start":{"line":805,"column":0},"end":{"line":805,"column":14}},"806":{"start":{"line":807,"column":0},"end":{"line":807,"column":18}},"807":{"start":{"line":808,"column":0},"end":{"line":808,"column":13}},"809":{"start":{"line":810,"column":0},"end":{"line":810,"column":33}},"810":{"start":{"line":811,"column":0},"end":{"line":811,"column":33}},"811":{"start":{"line":812,"column":0},"end":{"line":812,"column":40}},"812":{"start":{"line":813,"column":0},"end":{"line":813,"column":43}},"813":{"start":{"line":814,"column":0},"end":{"line":814,"column":48}},"814":{"start":{"line":815,"column":0},"end":{"line":815,"column":38}},"815":{"start":{"line":816,"column":0},"end":{"line":816,"column":65}},"816":{"start":{"line":817,"column":0},"end":{"line":817,"column":40}},"817":{"start":{"line":818,"column":0},"end":{"line":818,"column":10}},"820":{"start":{"line":821,"column":0},"end":{"line":821,"column":27}},"821":{"start":{"line":822,"column":0},"end":{"line":822,"column":37}},"822":{"start":{"line":823,"column":0},"end":{"line":823,"column":54}},"823":{"start":{"line":824,"column":0},"end":{"line":824,"column":8}},"824":{"start":{"line":825,"column":0},"end":{"line":825,"column":10}},"826":{"start":{"line":827,"column":0},"end":{"line":827,"column":1}},"828":{"start":{"line":829,"column":0},"end":{"line":829,"column":19}}},"s":{"0":1,"8":1,"9":1,"10":1,"11":1,"21":1,"22":1,"23":1,"24":1,"25":1,"28":1,"29":1,"30":1,"31":1,"32":1,"33":1,"34":1,"35":1,"36":1,"38":1,"40":278,"41":278,"42":21,"43":21,"44":21,"45":21,"47":0,"48":4,"49":278,"51":278,"52":21,"53":21,"54":21,"55":21,"56":21,"58":0,"59":278,"61":278,"62":278,"64":1,"65":1,"66":1,"67":1,"68":1,"69":1,"70":1,"71":1,"72":1,"73":1,"74":1,"76":6,"77":6,"78":6,"79":6,"80":6,"81":6,"82":6,"84":1,"85":1,"86":1,"87":1,"88":1,"89":1,"90":1,"91":1,"92":1,"96":14,"97":14,"98":14,"99":14,"101":7,"102":7,"103":7,"105":278,"106":278,"107":278,"108":278,"109":278,"110":278,"111":278,"112":278,"113":278,"114":278,"115":278,"117":278,"119":278,"120":21,"122":0,"123":21,"125":0,"126":21,"127":21,"128":21,"129":21,"130":21,"131":21,"132":278,"134":278,"135":278,"137":278,"138":278,"139":278,"140":278,"142":278,"143":21,"144":278,"146":278,"147":278,"148":278,"149":278,"150":278,"151":278,"152":278,"153":278,"154":278,"155":278,"157":278,"158":28,"159":28,"160":278,"162":278,"163":278,"165":278,"166":278,"167":278,"168":278,"169":278,"170":278,"171":278,"173":278,"174":28,"175":28,"176":28,"177":28,"178":28,"179":28,"180":278,"182":278,"183":21,"184":21,"186":21,"187":21,"188":21,"189":21,"190":0,"191":0,"192":21,"193":21,"194":21,"195":21,"196":21,"197":21,"199":21,"201":21,"202":0,"203":0,"204":21,"206":21,"207":21,"208":21,"209":21,"210":278,"212":278,"213":28,"215":21,"216":28,"217":28,"218":28,"219":28,"220":28,"221":28,"222":28,"223":28,"225":21,"226":28,"227":28,"228":278,"229":278,"230":278,"231":278,"232":278,"233":278,"234":278,"235":278,"236":278,"237":278,"238":278,"240":278,"241":21,"242":0,"243":0,"244":0,"245":0,"247":0,"248":0,"249":0,"250":0,"251":0,"252":0,"253":0,"254":0,"255":0,"256":0,"257":0,"259":21,"260":21,"261":278,"263":278,"265":278,"266":21,"267":158,"268":158,"269":158,"270":4,"271":4,"272":4,"273":158,"274":154,"275":154,"277":4,"278":0,"279":0,"280":4,"281":0,"282":0,"283":0,"284":158,"286":21,"287":21,"288":278,"290":278,"291":278,"292":8,"293":8,"294":3,"295":3,"296":3,"297":3,"298":3,"299":7,"300":7,"301":8,"302":278,"303":278,"305":278,"306":278,"307":8,"308":8,"309":278,"310":278,"312":278,"313":3,"314":3,"315":3,"316":3,"317":0,"318":0,"319":0,"320":3,"321":3,"322":2,"323":2,"324":2,"325":1,"326":1,"327":3,"329":278,"330":0,"331":0,"332":0,"333":0,"334":0,"335":0,"337":278,"338":0,"339":0,"340":0,"341":0,"342":0,"343":0,"344":0,"346":278,"347":0,"348":0,"349":0,"350":0,"351":0,"352":0,"353":0,"354":0,"355":0,"356":0,"357":0,"358":0,"359":0,"360":0,"361":0,"362":0,"363":0,"364":0,"365":0,"366":0,"367":0,"369":278,"371":1,"372":0,"373":0,"374":0,"375":1,"376":0,"377":0,"378":0,"380":1,"381":1,"382":1,"383":1,"384":1,"385":1,"386":1,"387":1,"388":1,"390":1,"392":1,"395":1,"396":1,"397":1,"398":1,"399":0,"400":0,"401":0,"402":1,"404":278,"406":1,"407":0,"408":0,"409":0,"410":1,"411":0,"412":0,"413":0,"415":1,"416":1,"417":1,"418":1,"419":1,"420":1,"421":1,"422":1,"423":1,"425":1,"427":1,"430":1,"431":1,"432":1,"433":1,"434":0,"435":0,"436":0,"437":1,"439":278,"440":278,"441":45,"442":5,"443":5,"444":2,"445":2,"446":1,"447":5,"449":45,"450":45,"451":45,"452":45,"453":45,"454":45,"455":45,"457":45,"458":45,"460":45,"461":278,"462":278,"464":278,"465":28,"466":28,"467":0,"468":0,"469":0,"470":0,"471":28,"472":278,"474":278,"475":28,"476":28,"477":278,"479":278,"480":28,"481":21,"482":21,"483":21,"484":7,"485":7,"486":7,"487":7,"488":7,"489":7,"490":7,"491":7,"492":7,"493":7,"494":0,"495":0,"496":0,"497":0,"498":7,"499":7,"500":7,"501":7,"502":278,"504":278,"505":42,"506":42,"507":42,"508":42,"509":42,"510":42,"511":42,"512":42,"513":42,"514":42,"515":42,"516":278,"517":278,"518":278,"519":278,"520":278,"521":278,"522":278,"523":278,"524":278,"525":278,"526":278,"527":278,"529":278,"530":42,"531":0,"532":0,"533":42,"534":42,"535":21,"536":21,"537":42,"538":42,"539":278,"541":278,"542":278,"543":278,"544":278,"545":278,"546":278,"548":278,"549":21,"550":0,"551":0,"552":0,"553":0,"554":0,"555":21,"556":21,"557":21,"558":21,"559":278,"561":278,"562":21,"563":21,"564":21,"565":21,"566":21,"567":21,"568":21,"569":21,"570":21,"571":21,"572":21,"573":21,"574":21,"575":21,"576":21,"577":21,"578":21,"579":21,"581":21,"583":278,"584":0,"585":0,"587":0,"589":257,"590":6,"591":6,"592":6,"594":6,"595":1,"596":1,"597":1,"598":6,"599":1,"600":1,"601":1,"602":6,"603":1,"604":1,"605":1,"606":3,"607":6,"608":0,"609":0,"610":0,"611":3,"612":3,"613":3,"614":3,"615":3,"616":3,"617":3,"618":3,"619":3,"620":6,"621":0,"622":6,"623":6,"624":6,"625":6,"627":257,"628":257,"629":257,"630":257,"631":257,"632":257,"633":257,"634":257,"635":257,"636":257,"637":257,"638":257,"639":257,"640":278,"642":278,"643":278,"644":278,"645":278,"646":278,"648":278,"649":278,"650":278,"651":278,"652":278,"653":278,"656":278,"657":278,"658":278,"659":278,"661":278,"662":278,"663":278,"664":46,"665":46,"666":46,"667":278,"668":278,"669":278,"670":278,"672":278,"673":278,"674":278,"675":278,"676":0,"677":0,"678":0,"679":278,"680":278,"681":278,"682":278,"683":278,"685":278,"686":278,"687":278,"688":112,"689":112,"690":112,"691":278,"692":278,"693":278,"694":278,"695":278,"696":278,"698":278,"699":278,"700":278,"701":278,"702":1,"703":1,"704":1,"705":278,"706":278,"707":278,"709":278,"710":278,"711":278,"712":0,"713":0,"714":0,"716":278,"717":278,"718":278,"719":278,"720":278,"721":278,"722":278,"723":278,"724":278,"725":278,"726":168,"727":168,"728":168,"729":168,"730":1,"731":1,"732":1,"733":168,"735":168,"737":278,"738":278,"739":278,"740":278,"741":278,"743":278,"745":278,"746":278,"747":278,"748":278,"749":278,"750":278,"751":278,"752":278,"753":278,"754":278,"755":278,"756":278,"757":278,"758":1799,"759":1799,"760":1799,"761":1799,"763":1799,"764":1799,"765":278,"766":278,"767":278,"769":278,"770":50,"771":50,"772":150,"773":50,"774":50,"775":207,"776":207,"777":207,"778":207,"779":207,"780":207,"781":207,"782":207,"783":207,"784":207,"785":207,"786":207,"787":207,"788":207,"789":207,"790":207,"791":207,"792":207,"793":207,"794":207,"796":0,"797":0,"798":0,"799":0,"800":0,"801":0,"802":0,"803":0,"804":0,"806":278,"807":278,"809":278,"810":0,"811":0,"812":0,"813":0,"814":0,"815":0,"816":0,"817":0,"820":278,"821":278,"822":278,"823":278,"824":278,"826":278,"828":1},"branchMap":{"0":{"type":"branch","line":41,"loc":{"start":{"line":41,"column":0},"end":{"line":63,"column":1}},"locations":[{"start":{"line":41,"column":0},"end":{"line":63,"column":1}}]},"1":{"type":"branch","line":42,"loc":{"start":{"line":42,"column":44},"end":{"line":50,"column":3}},"locations":[{"start":{"line":42,"column":44},"end":{"line":50,"column":3}}]},"2":{"type":"branch","line":45,"loc":{"start":{"line":45,"column":27},"end":{"line":45,"column":52}},"locations":[{"start":{"line":45,"column":27},"end":{"line":45,"column":52}}]},"3":{"type":"branch","line":46,"loc":{"start":{"line":46,"column":4},"end":{"line":48,"column":5}},"locations":[{"start":{"line":46,"column":4},"end":{"line":48,"column":5}}]},"4":{"type":"branch","line":48,"loc":{"start":{"line":48,"column":4},"end":{"line":49,"column":69}},"locations":[{"start":{"line":48,"column":4},"end":{"line":49,"column":69}}]},"5":{"type":"branch","line":52,"loc":{"start":{"line":52,"column":12},"end":{"line":60,"column":5}},"locations":[{"start":{"line":52,"column":12},"end":{"line":60,"column":5}}]},"6":{"type":"branch","line":54,"loc":{"start":{"line":54,"column":36},"end":{"line":54,"column":52}},"locations":[{"start":{"line":54,"column":36},"end":{"line":54,"column":52}}]},"7":{"type":"branch","line":56,"loc":{"start":{"line":56,"column":42},"end":{"line":56,"column":58}},"locations":[{"start":{"line":56,"column":42},"end":{"line":56,"column":58}}]},"8":{"type":"branch","line":57,"loc":{"start":{"line":57,"column":4},"end":{"line":59,"column":5}},"locations":[{"start":{"line":57,"column":4},"end":{"line":59,"column":5}}]},"9":{"type":"branch","line":77,"loc":{"start":{"line":77,"column":0},"end":{"line":83,"column":1}},"locations":[{"start":{"line":77,"column":0},"end":{"line":83,"column":1}}]},"10":{"type":"branch","line":79,"loc":{"start":{"line":79,"column":14},"end":{"line":79,"column":44}},"locations":[{"start":{"line":79,"column":14},"end":{"line":79,"column":44}}]},"11":{"type":"branch","line":81,"loc":{"start":{"line":81,"column":4},"end":{"line":81,"column":73}},"locations":[{"start":{"line":81,"column":4},"end":{"line":81,"column":73}}]},"12":{"type":"branch","line":97,"loc":{"start":{"line":97,"column":0},"end":{"line":100,"column":1}},"locations":[{"start":{"line":97,"column":0},"end":{"line":100,"column":1}}]},"13":{"type":"branch","line":98,"loc":{"start":{"line":98,"column":14},"end":{"line":98,"column":25}},"locations":[{"start":{"line":98,"column":14},"end":{"line":98,"column":25}}]},"14":{"type":"branch","line":102,"loc":{"start":{"line":102,"column":0},"end":{"line":104,"column":1}},"locations":[{"start":{"line":102,"column":0},"end":{"line":104,"column":1}}]},"15":{"type":"branch","line":106,"loc":{"start":{"line":106,"column":0},"end":{"line":827,"column":1}},"locations":[{"start":{"line":106,"column":0},"end":{"line":827,"column":1}}]},"16":{"type":"branch","line":562,"loc":{"start":{"line":562,"column":16},"end":{"line":582,"column":3}},"locations":[{"start":{"line":562,"column":16},"end":{"line":582,"column":3}}]},"17":{"type":"branch","line":563,"loc":{"start":{"line":563,"column":18},"end":{"line":563,"column":64}},"locations":[{"start":{"line":563,"column":18},"end":{"line":563,"column":64}}]},"18":{"type":"branch","line":563,"loc":{"start":{"line":563,"column":60},"end":{"line":563,"column":67}},"locations":[{"start":{"line":563,"column":60},"end":{"line":563,"column":67}}]},"19":{"type":"branch","line":572,"loc":{"start":{"line":572,"column":23},"end":{"line":572,"column":82}},"locations":[{"start":{"line":572,"column":23},"end":{"line":572,"column":82}}]},"20":{"type":"branch","line":572,"loc":{"start":{"line":572,"column":65},"end":{"line":572,"column":85}},"locations":[{"start":{"line":572,"column":65},"end":{"line":572,"column":85}}]},"21":{"type":"branch","line":582,"loc":{"start":{"line":582,"column":2},"end":{"line":584,"column":24}},"locations":[{"start":{"line":582,"column":2},"end":{"line":584,"column":24}}]},"22":{"type":"branch","line":584,"loc":{"start":{"line":584,"column":24},"end":{"line":588,"column":3}},"locations":[{"start":{"line":584,"column":24},"end":{"line":588,"column":3}}]},"23":{"type":"branch","line":588,"loc":{"start":{"line":588,"column":2},"end":{"line":641,"column":33}},"locations":[{"start":{"line":588,"column":2},"end":{"line":641,"column":33}}]},"24":{"type":"branch","line":641,"loc":{"start":{"line":641,"column":26},"end":{"line":641,"column":58}},"locations":[{"start":{"line":641,"column":26},"end":{"line":641,"column":58}}]},"25":{"type":"branch","line":641,"loc":{"start":{"line":641,"column":33},"end":{"line":641,"column":80}},"locations":[{"start":{"line":641,"column":33},"end":{"line":641,"column":80}}]},"26":{"type":"branch","line":643,"loc":{"start":{"line":643,"column":15},"end":{"line":643,"column":42}},"locations":[{"start":{"line":643,"column":15},"end":{"line":643,"column":42}}]},"27":{"type":"branch","line":643,"loc":{"start":{"line":643,"column":37},"end":{"line":643,"column":61}},"locations":[{"start":{"line":643,"column":37},"end":{"line":643,"column":61}}]},"28":{"type":"branch","line":724,"loc":{"start":{"line":724,"column":21},"end":{"line":724,"column":50}},"locations":[{"start":{"line":724,"column":21},"end":{"line":724,"column":50}}]},"29":{"type":"branch","line":724,"loc":{"start":{"line":724,"column":34},"end":{"line":724,"column":66}},"locations":[{"start":{"line":724,"column":34},"end":{"line":724,"column":66}}]},"30":{"type":"branch","line":726,"loc":{"start":{"line":726,"column":19},"end":{"line":736,"column":29}},"locations":[{"start":{"line":726,"column":19},"end":{"line":736,"column":29}}]},"31":{"type":"branch","line":770,"loc":{"start":{"line":770,"column":11},"end":{"line":775,"column":18}},"locations":[{"start":{"line":770,"column":11},"end":{"line":775,"column":18}}]},"32":{"type":"branch","line":775,"loc":{"start":{"line":775,"column":12},"end":{"line":805,"column":14}},"locations":[{"start":{"line":775,"column":12},"end":{"line":805,"column":14}}]},"33":{"type":"branch","line":795,"loc":{"start":{"line":795,"column":12},"end":{"line":805,"column":14}},"locations":[{"start":{"line":795,"column":12},"end":{"line":805,"column":14}}]},"34":{"type":"branch","line":810,"loc":{"start":{"line":810,"column":7},"end":{"line":818,"column":10}},"locations":[{"start":{"line":810,"column":7},"end":{"line":818,"column":10}}]},"35":{"type":"branch","line":109,"loc":{"start":{"line":109,"column":33},"end":{"line":109,"column":61}},"locations":[{"start":{"line":109,"column":33},"end":{"line":109,"column":61}}]},"36":{"type":"branch","line":120,"loc":{"start":{"line":120,"column":12},"end":{"line":133,"column":5}},"locations":[{"start":{"line":120,"column":12},"end":{"line":133,"column":5}}]},"37":{"type":"branch","line":129,"loc":{"start":{"line":129,"column":11},"end":{"line":132,"column":6}},"locations":[{"start":{"line":129,"column":11},"end":{"line":132,"column":6}}]},"38":{"type":"branch","line":139,"loc":{"start":{"line":139,"column":4},"end":{"line":139,"column":75}},"locations":[{"start":{"line":139,"column":4},"end":{"line":139,"column":75}}]},"39":{"type":"branch","line":139,"loc":{"start":{"line":139,"column":19},"end":{"line":139,"column":70}},"locations":[{"start":{"line":139,"column":19},"end":{"line":139,"column":70}}]},"40":{"type":"branch","line":143,"loc":{"start":{"line":143,"column":12},"end":{"line":145,"column":5}},"locations":[{"start":{"line":143,"column":12},"end":{"line":145,"column":5}}]},"41":{"type":"branch","line":158,"loc":{"start":{"line":158,"column":27},"end":{"line":161,"column":5}},"locations":[{"start":{"line":158,"column":27},"end":{"line":161,"column":5}}]},"42":{"type":"branch","line":160,"loc":{"start":{"line":160,"column":11},"end":{"line":160,"column":56}},"locations":[{"start":{"line":160,"column":11},"end":{"line":160,"column":56}}]},"43":{"type":"branch","line":160,"loc":{"start":{"line":160,"column":45},"end":{"line":160,"column":52}},"locations":[{"start":{"line":160,"column":45},"end":{"line":160,"column":52}}]},"44":{"type":"branch","line":160,"loc":{"start":{"line":160,"column":52},"end":{"line":160,"column":61}},"locations":[{"start":{"line":160,"column":52},"end":{"line":160,"column":61}}]},"45":{"type":"branch","line":174,"loc":{"start":{"line":174,"column":30},"end":{"line":181,"column":5}},"locations":[{"start":{"line":174,"column":30},"end":{"line":181,"column":5}}]},"46":{"type":"branch","line":183,"loc":{"start":{"line":183,"column":12},"end":{"line":211,"column":5}},"locations":[{"start":{"line":183,"column":12},"end":{"line":211,"column":5}}]},"47":{"type":"branch","line":187,"loc":{"start":{"line":187,"column":4},"end":{"line":198,"column":5}},"locations":[{"start":{"line":187,"column":4},"end":{"line":198,"column":5}}]},"48":{"type":"branch","line":190,"loc":{"start":{"line":190,"column":6},"end":{"line":193,"column":8}},"locations":[{"start":{"line":190,"column":6},"end":{"line":193,"column":8}}]},"49":{"type":"branch","line":207,"loc":{"start":{"line":207,"column":11},"end":{"line":210,"column":6}},"locations":[{"start":{"line":207,"column":11},"end":{"line":210,"column":6}}]},"50":{"type":"branch","line":213,"loc":{"start":{"line":213,"column":12},"end":{"line":229,"column":5}},"locations":[{"start":{"line":213,"column":12},"end":{"line":229,"column":5}}]},"51":{"type":"branch","line":214,"loc":{"start":{"line":214,"column":40},"end":{"line":214,"column":76}},"locations":[{"start":{"line":214,"column":40},"end":{"line":214,"column":76}}]},"52":{"type":"branch","line":214,"loc":{"start":{"line":214,"column":76},"end":{"line":214,"column":83}},"locations":[{"start":{"line":214,"column":76},"end":{"line":214,"column":83}}]},"53":{"type":"branch","line":214,"loc":{"start":{"line":214,"column":76},"end":{"line":217,"column":51}},"locations":[{"start":{"line":214,"column":76},"end":{"line":217,"column":51}}]},"54":{"type":"branch","line":217,"loc":{"start":{"line":217,"column":44},"end":{"line":217,"column":87}},"locations":[{"start":{"line":217,"column":44},"end":{"line":217,"column":87}}]},"55":{"type":"branch","line":217,"loc":{"start":{"line":217,"column":85},"end":{"line":218,"column":39}},"locations":[{"start":{"line":217,"column":85},"end":{"line":218,"column":39}}]},"56":{"type":"branch","line":218,"loc":{"start":{"line":218,"column":32},"end":{"line":218,"column":67}},"locations":[{"start":{"line":218,"column":32},"end":{"line":218,"column":67}}]},"57":{"type":"branch","line":218,"loc":{"start":{"line":218,"column":65},"end":{"line":219,"column":33}},"locations":[{"start":{"line":218,"column":65},"end":{"line":219,"column":33}}]},"58":{"type":"branch","line":219,"loc":{"start":{"line":219,"column":26},"end":{"line":219,"column":61}},"locations":[{"start":{"line":219,"column":26},"end":{"line":219,"column":61}}]},"59":{"type":"branch","line":219,"loc":{"start":{"line":219,"column":59},"end":{"line":220,"column":33}},"locations":[{"start":{"line":219,"column":59},"end":{"line":220,"column":33}}]},"60":{"type":"branch","line":220,"loc":{"start":{"line":220,"column":26},"end":{"line":220,"column":61}},"locations":[{"start":{"line":220,"column":26},"end":{"line":220,"column":61}}]},"61":{"type":"branch","line":220,"loc":{"start":{"line":220,"column":59},"end":{"line":221,"column":34}},"locations":[{"start":{"line":220,"column":59},"end":{"line":221,"column":34}}]},"62":{"type":"branch","line":221,"loc":{"start":{"line":221,"column":27},"end":{"line":221,"column":58}},"locations":[{"start":{"line":221,"column":27},"end":{"line":221,"column":58}}]},"63":{"type":"branch","line":221,"loc":{"start":{"line":221,"column":56},"end":{"line":222,"column":35}},"locations":[{"start":{"line":221,"column":56},"end":{"line":222,"column":35}}]},"64":{"type":"branch","line":222,"loc":{"start":{"line":222,"column":28},"end":{"line":222,"column":67}},"locations":[{"start":{"line":222,"column":28},"end":{"line":222,"column":67}}]},"65":{"type":"branch","line":222,"loc":{"start":{"line":222,"column":65},"end":{"line":223,"column":40}},"locations":[{"start":{"line":222,"column":65},"end":{"line":223,"column":40}}]},"66":{"type":"branch","line":223,"loc":{"start":{"line":223,"column":33},"end":{"line":223,"column":64}},"locations":[{"start":{"line":223,"column":33},"end":{"line":223,"column":64}}]},"67":{"type":"branch","line":223,"loc":{"start":{"line":223,"column":62},"end":{"line":224,"column":41}},"locations":[{"start":{"line":223,"column":62},"end":{"line":224,"column":41}}]},"68":{"type":"branch","line":224,"loc":{"start":{"line":224,"column":34},"end":{"line":224,"column":73}},"locations":[{"start":{"line":224,"column":34},"end":{"line":224,"column":73}}]},"69":{"type":"branch","line":224,"loc":{"start":{"line":224,"column":71},"end":{"line":227,"column":63}},"locations":[{"start":{"line":224,"column":71},"end":{"line":227,"column":63}}]},"70":{"type":"branch","line":227,"loc":{"start":{"line":227,"column":50},"end":{"line":227,"column":82}},"locations":[{"start":{"line":227,"column":50},"end":{"line":227,"column":82}}]},"71":{"type":"branch","line":227,"loc":{"start":{"line":227,"column":77},"end":{"line":227,"column":84}},"locations":[{"start":{"line":227,"column":77},"end":{"line":227,"column":84}}]},"72":{"type":"branch","line":241,"loc":{"start":{"line":241,"column":12},"end":{"line":262,"column":5}},"locations":[{"start":{"line":241,"column":12},"end":{"line":262,"column":5}}]},"73":{"type":"branch","line":261,"loc":{"start":{"line":261,"column":11},"end":{"line":261,"column":72}},"locations":[{"start":{"line":261,"column":11},"end":{"line":261,"column":72}}]},"74":{"type":"branch","line":266,"loc":{"start":{"line":266,"column":12},"end":{"line":289,"column":5}},"locations":[{"start":{"line":266,"column":12},"end":{"line":289,"column":5}}]},"75":{"type":"branch","line":267,"loc":{"start":{"line":267,"column":4},"end":{"line":285,"column":5}},"locations":[{"start":{"line":267,"column":4},"end":{"line":285,"column":5}}]},"76":{"type":"branch","line":270,"loc":{"start":{"line":270,"column":27},"end":{"line":271,"column":40}},"locations":[{"start":{"line":270,"column":27},"end":{"line":271,"column":40}}]},"77":{"type":"branch","line":271,"loc":{"start":{"line":271,"column":27},"end":{"line":272,"column":38}},"locations":[{"start":{"line":271,"column":27},"end":{"line":272,"column":38}}]},"78":{"type":"branch","line":272,"loc":{"start":{"line":272,"column":27},"end":{"line":273,"column":32}},"locations":[{"start":{"line":272,"column":27},"end":{"line":273,"column":32}}]},"79":{"type":"branch","line":274,"loc":{"start":{"line":274,"column":8},"end":{"line":276,"column":7}},"locations":[{"start":{"line":274,"column":8},"end":{"line":276,"column":7}}]},"80":{"type":"branch","line":276,"loc":{"start":{"line":276,"column":6},"end":{"line":284,"column":7}},"locations":[{"start":{"line":276,"column":6},"end":{"line":284,"column":7}}]},"81":{"type":"branch","line":278,"loc":{"start":{"line":278,"column":29},"end":{"line":281,"column":17}},"locations":[{"start":{"line":278,"column":29},"end":{"line":281,"column":17}}]},"82":{"type":"branch","line":281,"loc":{"start":{"line":281,"column":36},"end":{"line":284,"column":7}},"locations":[{"start":{"line":281,"column":36},"end":{"line":284,"column":7}}]},"83":{"type":"branch","line":288,"loc":{"start":{"line":288,"column":11},"end":{"line":288,"column":76}},"locations":[{"start":{"line":288,"column":11},"end":{"line":288,"column":76}}]},"84":{"type":"branch","line":292,"loc":{"start":{"line":292,"column":4},"end":{"line":302,"column":6}},"locations":[{"start":{"line":292,"column":4},"end":{"line":302,"column":6}}]},"85":{"type":"branch","line":293,"loc":{"start":{"line":293,"column":49},"end":{"line":293,"column":56}},"locations":[{"start":{"line":293,"column":49},"end":{"line":293,"column":56}}]},"86":{"type":"branch","line":294,"loc":{"start":{"line":294,"column":23},"end":{"line":299,"column":7}},"locations":[{"start":{"line":294,"column":23},"end":{"line":299,"column":7}}]},"87":{"type":"branch","line":298,"loc":{"start":{"line":298,"column":24},"end":{"line":298,"column":31}},"locations":[{"start":{"line":298,"column":24},"end":{"line":298,"column":31}}]},"88":{"type":"branch","line":299,"loc":{"start":{"line":299,"column":6},"end":{"line":301,"column":28}},"locations":[{"start":{"line":299,"column":6},"end":{"line":301,"column":28}}]},"89":{"type":"branch","line":307,"loc":{"start":{"line":307,"column":4},"end":{"line":309,"column":6}},"locations":[{"start":{"line":307,"column":4},"end":{"line":309,"column":6}}]},"90":{"type":"branch","line":313,"loc":{"start":{"line":313,"column":2},"end":{"line":328,"column":3}},"locations":[{"start":{"line":313,"column":2},"end":{"line":328,"column":3}}]},"91":{"type":"branch","line":315,"loc":{"start":{"line":315,"column":22},"end":{"line":315,"column":29}},"locations":[{"start":{"line":315,"column":22},"end":{"line":315,"column":29}}]},"92":{"type":"branch","line":317,"loc":{"start":{"line":317,"column":26},"end":{"line":320,"column":5}},"locations":[{"start":{"line":317,"column":26},"end":{"line":320,"column":5}}]},"93":{"type":"branch","line":322,"loc":{"start":{"line":322,"column":55},"end":{"line":327,"column":5}},"locations":[{"start":{"line":322,"column":55},"end":{"line":327,"column":5}}]},"94":{"type":"branch","line":325,"loc":{"start":{"line":325,"column":4},"end":{"line":327,"column":5}},"locations":[{"start":{"line":325,"column":4},"end":{"line":327,"column":5}}]},"95":{"type":"branch","line":326,"loc":{"start":{"line":326,"column":45},"end":{"line":326,"column":82}},"locations":[{"start":{"line":326,"column":45},"end":{"line":326,"column":82}}]},"96":{"type":"branch","line":370,"loc":{"start":{"line":370,"column":2},"end":{"line":403,"column":3}},"locations":[{"start":{"line":370,"column":2},"end":{"line":403,"column":3}}]},"97":{"type":"branch","line":372,"loc":{"start":{"line":372,"column":56},"end":{"line":375,"column":5}},"locations":[{"start":{"line":372,"column":56},"end":{"line":375,"column":5}}]},"98":{"type":"branch","line":376,"loc":{"start":{"line":376,"column":39},"end":{"line":379,"column":5}},"locations":[{"start":{"line":376,"column":39},"end":{"line":379,"column":5}}]},"99":{"type":"branch","line":385,"loc":{"start":{"line":385,"column":10},"end":{"line":385,"column":50}},"locations":[{"start":{"line":385,"column":10},"end":{"line":385,"column":50}}]},"100":{"type":"branch","line":399,"loc":{"start":{"line":399,"column":4},"end":{"line":402,"column":5}},"locations":[{"start":{"line":399,"column":4},"end":{"line":402,"column":5}}]},"101":{"type":"branch","line":405,"loc":{"start":{"line":405,"column":2},"end":{"line":438,"column":3}},"locations":[{"start":{"line":405,"column":2},"end":{"line":438,"column":3}}]},"102":{"type":"branch","line":407,"loc":{"start":{"line":407,"column":56},"end":{"line":410,"column":5}},"locations":[{"start":{"line":407,"column":56},"end":{"line":410,"column":5}}]},"103":{"type":"branch","line":411,"loc":{"start":{"line":411,"column":39},"end":{"line":414,"column":5}},"locations":[{"start":{"line":411,"column":39},"end":{"line":414,"column":5}}]},"104":{"type":"branch","line":420,"loc":{"start":{"line":420,"column":10},"end":{"line":420,"column":50}},"locations":[{"start":{"line":420,"column":10},"end":{"line":420,"column":50}}]},"105":{"type":"branch","line":434,"loc":{"start":{"line":434,"column":4},"end":{"line":437,"column":5}},"locations":[{"start":{"line":434,"column":4},"end":{"line":437,"column":5}}]},"106":{"type":"branch","line":441,"loc":{"start":{"line":441,"column":4},"end":{"line":461,"column":6}},"locations":[{"start":{"line":441,"column":4},"end":{"line":461,"column":6}}]},"107":{"type":"branch","line":454,"loc":{"start":{"line":454,"column":39},"end":{"line":454,"column":67}},"locations":[{"start":{"line":454,"column":39},"end":{"line":454,"column":67}}]},"108":{"type":"branch","line":454,"loc":{"start":{"line":454,"column":50},"end":{"line":454,"column":86}},"locations":[{"start":{"line":454,"column":50},"end":{"line":454,"column":86}}]},"109":{"type":"branch","line":442,"loc":{"start":{"line":442,"column":22},"end":{"line":448,"column":8}},"locations":[{"start":{"line":442,"column":22},"end":{"line":448,"column":8}}]},"110":{"type":"branch","line":444,"loc":{"start":{"line":444,"column":41},"end":{"line":447,"column":71}},"locations":[{"start":{"line":444,"column":41},"end":{"line":447,"column":71}}]},"111":{"type":"branch","line":444,"loc":{"start":{"line":444,"column":66},"end":{"line":447,"column":71}},"locations":[{"start":{"line":444,"column":66},"end":{"line":447,"column":71}}]},"112":{"type":"branch","line":445,"loc":{"start":{"line":445,"column":45},"end":{"line":445,"column":71}},"locations":[{"start":{"line":445,"column":45},"end":{"line":445,"column":71}}]},"113":{"type":"branch","line":446,"loc":{"start":{"line":446,"column":46},"end":{"line":447,"column":71}},"locations":[{"start":{"line":446,"column":46},"end":{"line":447,"column":71}}]},"114":{"type":"branch","line":465,"loc":{"start":{"line":465,"column":28},"end":{"line":473,"column":5}},"locations":[{"start":{"line":465,"column":28},"end":{"line":473,"column":5}}]},"115":{"type":"branch","line":467,"loc":{"start":{"line":467,"column":11},"end":{"line":471,"column":9}},"locations":[{"start":{"line":467,"column":11},"end":{"line":471,"column":9}}]},"116":{"type":"branch","line":475,"loc":{"start":{"line":475,"column":35},"end":{"line":478,"column":5}},"locations":[{"start":{"line":475,"column":35},"end":{"line":478,"column":5}}]},"117":{"type":"branch","line":477,"loc":{"start":{"line":477,"column":11},"end":{"line":477,"column":63}},"locations":[{"start":{"line":477,"column":11},"end":{"line":477,"column":63}}]},"118":{"type":"branch","line":480,"loc":{"start":{"line":480,"column":12},"end":{"line":503,"column":5}},"locations":[{"start":{"line":480,"column":12},"end":{"line":503,"column":5}}]},"119":{"type":"branch","line":481,"loc":{"start":{"line":481,"column":19},"end":{"line":484,"column":5}},"locations":[{"start":{"line":481,"column":19},"end":{"line":484,"column":5}}]},"120":{"type":"branch","line":484,"loc":{"start":{"line":484,"column":4},"end":{"line":502,"column":6}},"locations":[{"start":{"line":484,"column":4},"end":{"line":502,"column":6}}]},"121":{"type":"branch","line":488,"loc":{"start":{"line":488,"column":12},"end":{"line":493,"column":7}},"locations":[{"start":{"line":488,"column":12},"end":{"line":493,"column":7}}]},"122":{"type":"branch","line":500,"loc":{"start":{"line":500,"column":11},"end":{"line":502,"column":6}},"locations":[{"start":{"line":500,"column":11},"end":{"line":502,"column":6}}]},"123":{"type":"branch","line":505,"loc":{"start":{"line":505,"column":35},"end":{"line":517,"column":5}},"locations":[{"start":{"line":505,"column":35},"end":{"line":517,"column":5}}]},"124":{"type":"branch","line":506,"loc":{"start":{"line":506,"column":32},"end":{"line":506,"column":85}},"locations":[{"start":{"line":506,"column":32},"end":{"line":506,"column":85}}]},"125":{"type":"branch","line":530,"loc":{"start":{"line":530,"column":34},"end":{"line":540,"column":5}},"locations":[{"start":{"line":530,"column":34},"end":{"line":540,"column":5}}]},"126":{"type":"branch","line":531,"loc":{"start":{"line":531,"column":19},"end":{"line":533,"column":5}},"locations":[{"start":{"line":531,"column":19},"end":{"line":533,"column":5}}]},"127":{"type":"branch","line":535,"loc":{"start":{"line":535,"column":29},"end":{"line":538,"column":5}},"locati
[...]
d":{"line":116,"column":7}},"locations":[{"start":{"line":111,"column":35},"end":{"line":116,"column":7}}]},"6":{"type":"branch","line":116,"loc":{"start":{"line":116,"column":6},"end":{"line":144,"column":9}},"locations":[{"start":{"line":116,"column":6},"end":{"line":144,"column":9}}]},"7":{"type":"branch","line":120,"loc":{"start":{"line":120,"column":33},"end":{"line":120,"column":40}},"locations":[{"start":{"line":120,"column":33},"end":{"line":120,"column":40}}]},"8":{"type":"branch","line":124,"loc":{"start":{"line":124,"column":23},"end":{"line":144,"column":9}},"locations":[{"start":{"line":124,"column":23},"end":{"line":144,"column":9}}]},"9":{"type":"branch","line":145,"loc":{"start":{"line":145,"column":6},"end":{"line":149,"column":7}},"locations":[{"start":{"line":145,"column":6},"end":{"line":149,"column":7}}]},"10":{"type":"branch","line":154,"loc":{"start":{"line":154,"column":11},"end":{"line":156,"column":6}},"locations":[{"start":{"line":154,"column":11},"end":{"line":156,"column":6}}]}},"b":{"0":[12],"1":[17],"2":[264],"3":[17],"4":[17],"5":[12],"6":[5],"7":[0],"8":[0],"9":[0],"10":[17]},"fnMap":{"0":{"name":"freighterError","decl":{"start":{"line":65,"column":0},"end":{"line":67,"column":1}},"loc":{"start":{"line":65,"column":0},"end":{"line":67,"column":1}},"line":65},"1":{"name":"isFreighterInstalled","decl":{"start":{"line":69,"column":0},"end":{"line":71,"column":1}},"loc":{"start":{"line":69,"column":0},"end":{"line":71,"column":1}},"line":69},"2":{"name":"ensureConnected","decl":{"start":{"line":73,"column":0},"end":{"line":85,"column":1}},"loc":{"start":{"line":73,"column":0},"end":{"line":85,"column":1}},"line":73},"3":{"name":"checkNetwork","decl":{"start":{"line":87,"column":0},"end":{"line":96,"column":1}},"loc":{"start":{"line":87,"column":0},"end":{"line":96,"column":1}},"line":87},"4":{"name":"useFreighter","decl":{"start":{"line":98,"column":7},"end":{"line":255,"column":1}},"loc":{"start":{"line":98,"column":7},"end":{"line":255,"column":1}},"line":98},"5":{"name":"init","decl":{"start":{"line":110,"column":4},"end":{"line":150,"column":5}},"loc":{"start":{"line":110,"column":4},"end":{"line":150,"column":5}},"line":110}},"f":{"0":12,"1":17,"2":0,"3":0,"4":264,"5":17}}
,"/workspaces/stellar-bounty-board/frontend/src/hooks/useLocalStorage.ts": {"path":"/workspaces/stellar-bounty-board/frontend/src/hooks/useLocalStorage.ts","all":false,"statementMap":{"0":{"start":{"line":1,"column":0},"end":{"line":1,"column":57}},"20":{"start":{"line":21,"column":0},"end":{"line":21,"column":35}},"21":{"start":{"line":22,"column":0},"end":{"line":22,"column":14}},"22":{"start":{"line":23,"column":0},"end":{"line":23,"column":17}},"23":{"start":{"line":24,"column":0},"end":{"line":24,"column":47}},"25":{"start":{"line":26,"column":0},"end":{"line":26,"column":59}},"26":{"start":{"line":27,"column":0},"end":{"line":27,"column":9}},"27":{"start":{"line":28,"column":0},"end":{"line":28,"column":52}},"28":{"start":{"line":29,"column":0},"end":{"line":29,"column":26}},"29":{"start":{"line":30,"column":0},"end":{"line":30,"column":28}},"30":{"start":{"line":31,"column":0},"end":{"line":31,"column":7}},"31":{"start":{"line":32,"column":0},"end":{"line":32,"column":35}},"32":{"start":{"line":33,"column":0},"end":{"line":33,"column":21}},"34":{"start":{"line":35,"column":0},"end":{"line":35,"column":73}},"35":{"start":{"line":36,"column":0},"end":{"line":36,"column":26}},"36":{"start":{"line":37,"column":0},"end":{"line":37,"column":5}},"37":{"start":{"line":38,"column":0},"end":{"line":38,"column":5}},"40":{"start":{"line":41,"column":0},"end":{"line":41,"column":31}},"41":{"start":{"line":42,"column":0},"end":{"line":42,"column":38}},"42":{"start":{"line":43,"column":0},"end":{"line":43,"column":11}},"44":{"start":{"line":45,"column":0},"end":{"line":45,"column":84}},"46":{"start":{"line":47,"column":0},"end":{"line":47,"column":37}},"49":{"start":{"line":50,"column":0},"end":{"line":50,"column":71}},"50":{"start":{"line":51,"column":0},"end":{"line":51,"column":23}},"51":{"start":{"line":52,"column":0},"end":{"line":52,"column":73}},"52":{"start":{"line":53,"column":0},"end":{"line":53,"column":7}},"53":{"start":{"line":54,"column":0},"end":{"line":54,"column":6}},"54":{"start":{"line":55,"column":0},"end":{"line":55,"column":22}},"55":{"start":{"line":56,"column":0},"end":{"line":56,"column":4}},"58":{"start":{"line":59,"column":0},"end":{"line":59,"column":19}},"59":{"start":{"line":60,"column":0},"end":{"line":60,"column":58}},"61":{"start":{"line":62,"column":0},"end":{"line":62,"column":30}},"62":{"start":{"line":63,"column":0},"end":{"line":63,"column":15}},"63":{"start":{"line":64,"column":0},"end":{"line":64,"column":7}},"65":{"start":{"line":66,"column":0},"end":{"line":66,"column":11}},"66":{"start":{"line":67,"column":0},"end":{"line":67,"column":38}},"68":{"start":{"line":69,"column":0},"end":{"line":69,"column":39}},"69":{"start":{"line":70,"column":0},"end":{"line":70,"column":16}},"71":{"start":{"line":72,"column":0},"end":{"line":72,"column":58}},"72":{"start":{"line":73,"column":0},"end":{"line":73,"column":9}},"73":{"start":{"line":74,"column":0},"end":{"line":74,"column":23}},"74":{"start":{"line":75,"column":0},"end":{"line":75,"column":91}},"75":{"start":{"line":76,"column":0},"end":{"line":76,"column":37}},"76":{"start":{"line":77,"column":0},"end":{"line":77,"column":7}},"77":{"start":{"line":78,"column":0},"end":{"line":78,"column":6}},"79":{"start":{"line":80,"column":0},"end":{"line":80,"column":60}},"80":{"start":{"line":81,"column":0},"end":{"line":81,"column":76}},"81":{"start":{"line":82,"column":0},"end":{"line":82,"column":26}},"83":{"start":{"line":84,"column":0},"end":{"line":84,"column":33}},"84":{"start":{"line":85,"column":0},"end":{"line":85,"column":1}}},"s":{"0":1,"20":1,"21":299,"22":299,"23":299,"25":299,"26":53,"27":53,"28":53,"29":47,"30":47,"31":6,"32":53,"34":2,"35":2,"36":2,"37":299,"40":299,"41":299,"42":24,"44":24,"46":24,"49":24,"50":24,"51":1,"52":1,"53":24,"54":299,"55":299,"58":299,"59":55,"61":4,"62":1,"63":1,"65":3,"66":4,"68":1,"69":4,"71":2,"72":2,"73":4,"74":1,"75":1,"76":1,"77":4,"79":55,"80":55,"81":299,"83":299,"84":299},"branchMap":{"0":{"type":"branch","line":21,"loc":{"start":{"line":21,"column":7},"end":{"line":85,"column":1}},"locations":[{"start":{"line":21,"column":7},"end":{"line":85,"column":1}}]},"1":{"type":"branch","line":26,"loc":{"start":{"line":26,"column":52},"end":{"line":38,"column":3}},"locations":[{"start":{"line":26,"column":52},"end":{"line":38,"column":3}}]},"2":{"type":"branch","line":29,"loc":{"start":{"line":29,"column":25},"end":{"line":33,"column":13}},"locations":[{"start":{"line":29,"column":25},"end":{"line":33,"column":13}}]},"3":{"type":"branch","line":29,"loc":{"start":{"line":29,"column":25},"end":{"line":31,"column":7}},"locations":[{"start":{"line":29,"column":25},"end":{"line":31,"column":7}}]},"4":{"type":"branch","line":31,"loc":{"start":{"line":31,"column":6},"end":{"line":33,"column":13}},"locations":[{"start":{"line":31,"column":6},"end":{"line":33,"column":13}}]},"5":{"type":"branch","line":33,"loc":{"start":{"line":33,"column":4},"end":{"line":37,"column":5}},"locations":[{"start":{"line":33,"column":4},"end":{"line":37,"column":5}}]},"6":{"type":"branch","line":42,"loc":{"start":{"line":42,"column":4},"end":{"line":54,"column":6}},"locations":[{"start":{"line":42,"column":4},"end":{"line":54,"column":6}}]},"7":{"type":"branch","line":45,"loc":{"start":{"line":45,"column":46},"end":{"line":45,"column":78}},"locations":[{"start":{"line":45,"column":46},"end":{"line":45,"column":78}}]},"8":{"type":"branch","line":45,"loc":{"start":{"line":45,"column":74},"end":{"line":45,"column":84}},"locations":[{"start":{"line":45,"column":74},"end":{"line":45,"column":84}}]},"9":{"type":"branch","line":51,"loc":{"start":{"line":51,"column":6},"end":{"line":53,"column":7}},"locations":[{"start":{"line":51,"column":6},"end":{"line":53,"column":7}}]},"10":{"type":"branch","line":59,"loc":{"start":{"line":59,"column":12},"end":{"line":82,"column":5}},"locations":[{"start":{"line":59,"column":12},"end":{"line":82,"column":5}}]},"11":{"type":"branch","line":60,"loc":{"start":{"line":60,"column":32},"end":{"line":78,"column":6}},"locations":[{"start":{"line":60,"column":32},"end":{"line":78,"column":6}}]},"12":{"type":"branch","line":62,"loc":{"start":{"line":62,"column":29},"end":{"line":64,"column":7}},"locations":[{"start":{"line":62,"column":29},"end":{"line":64,"column":7}}]},"13":{"type":"branch","line":64,"loc":{"start":{"line":64,"column":6},"end":{"line":67,"column":37}},"locations":[{"start":{"line":64,"column":6},"end":{"line":67,"column":37}}]},"14":{"type":"branch","line":67,"loc":{"start":{"line":67,"column":37},"end":{"line":70,"column":15}},"locations":[{"start":{"line":67,"column":37},"end":{"line":70,"column":15}}]},"15":{"type":"branch","line":70,"loc":{"start":{"line":70,"column":8},"end":{"line":73,"column":9}},"locations":[{"start":{"line":70,"column":8},"end":{"line":73,"column":9}}]},"16":{"type":"branch","line":74,"loc":{"start":{"line":74,"column":6},"end":{"line":77,"column":7}},"locations":[{"start":{"line":74,"column":6},"end":{"line":77,"column":7}}]},"17":{"type":"branch","line":81,"loc":{"start":{"line":81,"column":11},"end":{"line":81,"column":76}},"locations":[{"start":{"line":81,"column":11},"end":{"line":81,"column":76}}]}},"b":{"0":[299],"1":[53],"2":[51],"3":[47],"4":[6],"5":[2],"6":[24],"7":[3],"8":[21],"9":[1],"10":[55],"11":[4],"12":[1],"13":[3],"14":[1],"15":[2],"16":[1],"17":[55]},"fnMap":{"0":{"name":"useLocalStorage","decl":{"start":{"line":21,"column":7},"end":{"line":85,"column":1}},"loc":{"start":{"line":21,"column":7},"end":{"line":85,"column":1}},"line":21},"1":{"name":"handleStorageChange","decl":{"start":{"line":60,"column":32},"end":{"line":78,"column":6}},"loc":{"start":{"line":60,"column":32},"end":{"line":78,"column":6}},"line":60}},"f":{"0":299,"1":4}}
,"/workspaces/stellar-bounty-board/frontend/src/hooks/usePolling.ts": {"path":"/workspaces/stellar-bounty-board/frontend/src/hooks/usePolling.ts","all":false,"statementMap":{"0":{"start":{"line":1,"column":0},"end":{"line":1,"column":42}},"14":{"start":{"line":15,"column":0},"end":{"line":15,"column":27}},"15":{"start":{"line":16,"column":0},"end":{"line":16,"column":38}},"16":{"start":{"line":17,"column":0},"end":{"line":17,"column":21}},"17":{"start":{"line":18,"column":0},"end":{"line":18,"column":9}},"18":{"start":{"line":19,"column":0},"end":{"line":19,"column":40}},"21":{"start":{"line":22,"column":0},"end":{"line":22,"column":19}},"22":{"start":{"line":23,"column":0},"end":{"line":23,"column":36}},"23":{"start":{"line":24,"column":0},"end":{"line":24,"column":16}},"26":{"start":{"line":27,"column":0},"end":{"line":27,"column":60}},"27":{"start":{"line":28,"column":0},"end":{"line":28,"column":80}},"30":{"start":{"line":31,"column":0},"end":{"line":31,"column":67}},"32":{"start":{"line":33,"column":0},"end":{"line":33,"column":19}},"34":{"start":{"line":35,"column":0},"end":{"line":35,"column":96}},"35":{"start":{"line":36,"column":0},"end":{"line":36,"column":13}},"36":{"start":{"line":37,"column":0},"end":{"line":37,"column":5}},"38":{"start":{"line":39,"column":0},"end":{"line":39,"column":65}},"40":{"start":{"line":41,"column":0},"end":{"line":41,"column":32}},"41":{"start":{"line":42,"column":0},"end":{"line":42,"column":24}},"42":{"start":{"line":43,"column":0},"end":{"line":43,"column":40}},"43":{"start":{"line":44,"column":0},"end":{"line":44,"column":39}},"44":{"start":{"line":45,"column":0},"end":{"line":45,"column":28}},"45":{"start":{"line":46,"column":0},"end":{"line":46,"column":7}},"46":{"start":{"line":47,"column":0},"end":{"line":47,"column":6}},"48":{"start":{"line":49,"column":0},"end":{"line":49,"column":31}},"49":{"start":{"line":50,"column":0},"end":{"line":50,"column":23}},"50":{"start":{"line":51,"column":0},"end":{"line":51,"column":34}},"51":{"start":{"line":52,"column":0},"end":{"line":52,"column":26}},"52":{"start":{"line":53,"column":0},"end":{"line":53,"column":7}},"53":{"start":{"line":54,"column":0},"end":{"line":54,"column":6}},"55":{"start":{"line":56,"column":0},"end":{"line":56,"column":42}},"56":{"start":{"line":57,"column":0},"end":{"line":57,"column":28}},"57":{"start":{"line":58,"column":0},"end":{"line":58,"column":22}},"58":{"start":{"line":59,"column":0},"end":{"line":59,"column":14}},"59":{"start":{"line":60,"column":0},"end":{"line":60,"column":23}},"60":{"start":{"line":61,"column":0},"end":{"line":61,"column":7}},"61":{"start":{"line":62,"column":0},"end":{"line":62,"column":6}},"64":{"start":{"line":65,"column":0},"end":{"line":65,"column":27}},"65":{"start":{"line":66,"column":0},"end":{"line":66,"column":21}},"66":{"start":{"line":67,"column":0},"end":{"line":67,"column":5}},"68":{"start":{"line":69,"column":0},"end":{"line":69,"column":74}},"70":{"start":{"line":71,"column":0},"end":{"line":71,"column":18}},"71":{"start":{"line":72,"column":0},"end":{"line":72,"column":20}},"72":{"start":{"line":73,"column":0},"end":{"line":73,"column":79}},"73":{"start":{"line":74,"column":0},"end":{"line":74,"column":6}},"74":{"start":{"line":75,"column":0},"end":{"line":75,"column":24}},"75":{"start":{"line":76,"column":0},"end":{"line":76,"column":1}}},"s":{"0":1,"14":1,"15":6,"16":6,"17":6,"18":6,"21":6,"22":6,"23":6,"26":6,"27":6,"30":6,"32":6,"34":6,"35":0,"36":0,"38":6,"40":6,"41":7,"42":7,"43":8,"44":7,"45":7,"46":7,"48":6,"49":7,"50":7,"51":7,"52":7,"53":7,"55":6,"56":2,"57":1,"58":1,"59":1,"60":1,"61":2,"64":6,"65":6,"66":6,"68":6,"70":6,"71":6,"72":6,"73":6,"74":6,"75":6},"branchMap":{"0":{"type":"branch","line":15,"loc":{"start":{"line":15,"column":7},"end":{"line":76,"column":1}},"locations":[{"start":{"line":15,"column":7},"end":{"line":76,"column":1}}]},"1":{"type":"branch","line":28,"loc":{"start":{"line":28,"column":28},"end":{"line":28,"column":70}},"locations":[{"start":{"line":28,"column":28},"end":{"line":28,"column":70}}]},"2":{"type":"branch","line":28,"loc":{"start":{"line":28,"column":66},"end":{"line":28,"column":80}},"locations":[{"start":{"line":28,"column":66},"end":{"line":28,"column":80}}]},"3":{"type":"branch","line":31,"loc":{"start":{"line":31,"column":26},"end":{"line":31,"column":61}},"locations":[{"start":{"line":31,"column":26},"end":{"line":31,"column":61}}]},"4":{"type":"branch","line":31,"loc":{"start":{"line":31,"column":40},"end":{"line":31,"column":67}},"locations":[{"start":{"line":31,"column":40},"end":{"line":31,"column":67}}]},"5":{"type":"branch","line":22,"loc":{"start":{"line":22,"column":12},"end":{"line":24,"column":5}},"locations":[{"start":{"line":22,"column":12},"end":{"line":24,"column":5}}]},"6":{"type":"branch","line":33,"loc":{"start":{"line":33,"column":12},"end":{"line":75,"column":5}},"locations":[{"start":{"line":33,"column":12},"end":{"line":75,"column":5}}]},"7":{"type":"branch","line":35,"loc":{"start":{"line":35,"column":95},"end":{"line":37,"column":5}},"locations":[{"start":{"line":35,"column":95},"end":{"line":37,"column":5}}]},"8":{"type":"branch","line":41,"loc":{"start":{"line":41,"column":25},"end":{"line":47,"column":6}},"locations":[{"start":{"line":41,"column":25},"end":{"line":47,"column":6}}]},"9":{"type":"branch","line":43,"loc":{"start":{"line":43,"column":33},"end":{"line":45,"column":11}},"locations":[{"start":{"line":43,"column":33},"end":{"line":45,"column":11}}]},"10":{"type":"branch","line":49,"loc":{"start":{"line":49,"column":24},"end":{"line":54,"column":6}},"locations":[{"start":{"line":49,"column":24},"end":{"line":54,"column":6}}]},"11":{"type":"branch","line":56,"loc":{"start":{"line":56,"column":35},"end":{"line":62,"column":6}},"locations":[{"start":{"line":56,"column":35},"end":{"line":62,"column":6}}]},"12":{"type":"branch","line":57,"loc":{"start":{"line":57,"column":27},"end":{"line":61,"column":7}},"locations":[{"start":{"line":57,"column":27},"end":{"line":61,"column":7}}]},"13":{"type":"branch","line":71,"loc":{"start":{"line":71,"column":11},"end":{"line":74,"column":6}},"locations":[{"start":{"line":71,"column":11},"end":{"line":74,"column":6}}]}},"b":{"0":[6],"1":[2],"2":[4],"3":[2],"4":[1],"5":[6],"6":[6],"7":[0],"8":[7],"9":[8],"10":[7],"11":[2],"12":[1],"13":[6]},"fnMap":{"0":{"name":"usePolling","decl":{"start":{"line":15,"column":7},"end":{"line":76,"column":1}},"loc":{"start":{"line":15,"column":7},"end":{"line":76,"column":1}},"line":15},"1":{"name":"startPolling","decl":{"start":{"line":41,"column":25},"end":{"line":47,"column":6}},"loc":{"start":{"line":41,"column":25},"end":{"line":47,"column":6}},"line":41},"2":{"name":"stopPolling","decl":{"start":{"line":49,"column":24},"end":{"line":54,"column":6}},"loc":{"start":{"line":49,"column":24},"end":{"line":54,"column":6}},"line":49},"3":{"name":"handleVisibilityChange","decl":{"start":{"line":56,"column":35},"end":{"line":62,"column":6}},"loc":{"start":{"line":56,"column":35},"end":{"line":62,"column":6}},"line":56}},"f":{"0":6,"1":7,"2":7,"3":2}}
,"/workspaces/stellar-bounty-board/frontend/src/hooks/useWallet.ts": {"path":"/workspaces/stellar-bounty-board/frontend/src/hooks/useWallet.ts","all":false,"statementMap":{"0":{"start":{"line":1,"column":0},"end":{"line":1,"column":36}},"8":{"start":{"line":9,"column":0},"end":{"line":9,"column":57}},"10":{"start":{"line":11,"column":0},"end":{"line":11,"column":29}},"11":{"start":{"line":12,"column":0},"end":{"line":12,"column":89}},"13":{"start":{"line":14,"column":0},"end":{"line":14,"column":43}},"14":{"start":{"line":15,"column":0},"end":{"line":15,"column":9}},"15":{"start":{"line":16,"column":0},"end":{"line":16,"column":58}},"16":{"start":{"line":17,"column":0},"end":{"line":17,"column":23}},"17":{"start":{"line":18,"column":0},"end":{"line":18,"column":21}},"18":{"start":{"line":19,"column":0},"end":{"line":19,"column":92}},"19":{"start":{"line":20,"column":0},"end":{"line":20,"column":10}},"20":{"start":{"line":21,"column":0},"end":{"line":21,"column":15}},"21":{"start":{"line":22,"column":0},"end":{"line":22,"column":7}},"23":{"start":{"line":24,"column":0},"end":{"line":24,"column":43}},"24":{"start":{"line":25,"column":0},"end":{"line":25,"column":27}},"25":{"start":{"line":26,"column":0},"end":{"line":26,"column":35}},"26":{"start":{"line":27,"column":0},"end":{"line":27,"column":7}},"27":{"start":{"line":28,"column":0},"end":{"line":28,"column":21}},"28":{"start":{"line":29,"column":0},"end":{"line":29,"column":62}},"29":{"start":{"line":30,"column":0},"end":{"line":30,"column":5}},"30":{"start":{"line":31,"column":0},"end":{"line":31,"column":19}},"32":{"start":{"line":33,"column":0},"end":{"line":33,"column":40}},"33":{"start":{"line":34,"column":0},"end":{"line":34,"column":21}},"34":{"start":{"line":35,"column":0},"end":{"line":35,"column":19}},"36":{"start":{"line":37,"column":0},"end":{"line":37,"column":10}},"37":{"start":{"line":38,"column":0},"end":{"line":38,"column":12}},"38":{"start":{"line":39,"column":0},"end":{"line":39,"column":34}},"39":{"start":{"line":40,"column":0},"end":{"line":40,"column":12}},"40":{"start":{"line":41,"column":0},"end":{"line":41,"column":15}},"41":{"start":{"line":42,"column":0},"end":{"line":42,"column":4}},"42":{"start":{"line":43,"column":0},"end":{"line":43,"column":1}}},"s":{"0":1,"8":1,"10":1,"11":246,"13":246,"14":0,"15":0,"16":0,"17":0,"18":0,"19":0,"20":0,"21":0,"23":0,"24":0,"25":0,"26":0,"27":0,"28":0,"29":0,"30":246,"32":246,"33":0,"34":246,"36":246,"37":246,"38":246,"39":246,"40":246,"41":246,"42":246},"branchMap":{"0":{"type":"branch","line":11,"loc":{"start":{"line":11,"column":7},"end":{"line":43,"column":1}},"locations":[{"start":{"line":11,"column":7},"end":{"line":43,"column":1}}]}},"b":{"0":[246]},"fnMap":{"0":{"name":"useWallet","decl":{"start":{"line":11,"column":7},"end":{"line":43,"column":1}},"loc":{"start":{"line":11,"column":7},"end":{"line":43,"column":1}},"line":11}},"f":{"0":246}}
}
