{"total": {"lines":{"total":4463,"covered":3596,"skipped":0,"pct":80.57},"statements":{"total":4463,"covered":3596,"skipped":0,"pct":80.57},"functions":{"total":172,"covered":157,"skipped":0,"pct":91.27},"branches":{"total":921,"covered":723,"skipped":0,"pct":78.5},"branchesTrue":{"total":0,"covered":0,"skipped":0,"pct":100}}
,"/workspaces/stellar-bounty-board/backend/src/app.ts": {"lines":{"total":760,"covered":551,"skipped":0,"pct":72.5},"functions":{"total":11,"covered":11,"skipped":0,"pct":100},"statements":{"total":760,"covered":551,"skipped":0,"pct":72.5},"branches":{"total":172,"covered":119,"skipped":0,"pct":69.18}}
,"/workspaces/stellar-bounty-board/backend/src/config.ts": {"lines":{"total":63,"covered":2,"skipped":0,"pct":3.17},"functions":{"total":2,"covered":0,"skipped":0,"pct":0},"statements":{"total":63,"covered":2,"skipped":0,"pct":3.17},"branches":{"total":0,"covered":0,"skipped":0,"pct":100}}
,"/workspaces/stellar-bounty-board/backend/src/logger.ts": {"lines":{"total":94,"covered":89,"skipped":0,"pct":94.68},"functions":{"total":4,"covered":4,"skipped":0,"pct":100},"statements":{"total":94,"covered":89,"skipped":0,"pct":94.68},"branches":{"total":27,"covered":26,"skipped":0,"pct":96.29}}
,"/workspaces/stellar-bounty-board/backend/src/metrics.ts": {"lines":{"total":51,"covered":42,"skipped":0,"pct":82.35},"functions":{"total":3,"covered":2,"skipped":0,"pct":66.66},"statements":{"total":51,"covered":42,"skipped":0,"pct":82.35},"branches":{"total":5,"covered":2,"skipped":0,"pct":40}}
,"/workspaces/stellar-bounty-board/backend/src/shutdown.ts": {"lines":{"total":5,"covered":0,"skipped":0,"pct":0},"functions":{"total":1,"covered":0,"skipped":0,"pct":0},"statements":{"total":5,"covered":0,"skipped":0,"pct":0},"branches":{"total":1,"covered":0,"skipped":0,"pct":0}}
,"/workspaces/stellar-bounty-board/backend/src/utils.ts": {"lines":{"total":71,"covered":49,"skipped":0,"pct":69.01},"functions":{"total":8,"covered":6,"skipped":0,"pct":75},"statements":{"total":71,"covered":49,"skipped":0,"pct":69.01},"branches":{"total":17,"covered":13,"skipped":0,"pct":76.47}}
,"/workspaces/stellar-bounty-board/backend/src/docs/openapi.ts": {"lines":{"total":414,"covered":414,"skipped":0,"pct":100},"functions":{"total":5,"covered":5,"skipped":0,"pct":100},"statements":{"total":414,"covered":414,"skipped":0,"pct":100},"branches":{"total":5,"covered":5,"skipped":0,"pct":100}}
,"/workspaces/stellar-bounty-board/backend/src/middleware/adminAuth.ts": {"lines":{"total":33,"covered":27,"skipped":0,"pct":81.81},"functions":{"total":1,"covered":1,"skipped":0,"pct":100},"statements":{"total":33,"covered":27,"skipped":0,"pct":81.81},"branches":{"total":11,"covered":9,"skipped":0,"pct":81.81}}
,"/workspaces/stellar-bounty-board/backend/src/middleware/auth.ts": {"lines":{"total":174,"covered":130,"skipped":0,"pct":74.71},"functions":{"total":11,"covered":11,"skipped":0,"pct":100},"statements":{"total":174,"covered":130,"skipped":0,"pct":74.71},"branches":{"total":77,"covered":54,"skipped":0,"pct":70.12}}
,"/workspaces/stellar-bounty-board/backend/src/middleware/contentType.ts": {"lines":{"total":12,"covered":6,"skipped":0,"pct":50},"functions":{"total":1,"covered":1,"skipped":0,"pct":100},"statements":{"total":12,"covered":6,"skipped":0,"pct":50},"branches":{"total":4,"covered":1,"skipped":0,"pct":25}}
,"/workspaces/stellar-bounty-board/backend/src/middleware/corsOptions.ts": {"lines":{"total":106,"covered":91,"skipped":0,"pct":85.84},"functions":{"total":8,"covered":7,"skipped":0,"pct":87.5},"statements":{"total":106,"covered":91,"skipped":0,"pct":85.84},"branches":{"total":31,"covered":29,"skipped":0,"pct":93.54}}
,"/workspaces/stellar-bounty-board/backend/src/middleware/idempotency.ts": {"lines":{"total":43,"covered":37,"skipped":0,"pct":86.04},"functions":{"total":3,"covered":3,"skipped":0,"pct":100},"statements":{"total":43,"covered":37,"skipped":0,"pct":86.04},"branches":{"total":13,"covered":12,"skipped":0,"pct":92.3}}
,"/workspaces/stellar-bounty-board/backend/src/middleware/maintainerLimiter.ts": {"lines":{"total":75,"covered":49,"skipped":0,"pct":65.33},"functions":{"total":3,"covered":3,"skipped":0,"pct":100},"statements":{"total":75,"covered":49,"skipped":0,"pct":65.33},"branches":{"total":20,"covered":10,"skipped":0,"pct":50}}
,"/workspaces/stellar-bounty-board/backend/src/middleware/validateBody.ts": {"lines":{"total":11,"covered":11,"skipped":0,"pct":100},"functions":{"total":1,"covered":1,"skipped":0,"pct":100},"statements":{"total":11,"covered":11,"skipped":0,"pct":100},"branches":{"total":5,"covered":5,"skipped":0,"pct":100}}
,"/workspaces/stellar-bounty-board/backend/src/services/bountyStore.ts": {"lines":{"total":1075,"covered":907,"skipped":0,"pct":84.37},"functions":{"total":40,"covered":38,"skipped":0,"pct":95},"statements":{"total":1075,"covered":907,"skipped":0,"pct":84.37},"branches":{"total":249,"covered":217,"skipped":0,"pct":87.14}}
,"/workspaces/stellar-bounty-board/backend/src/services/cache.ts": {"lines":{"total":79,"covered":65,"skipped":0,"pct":82.27},"functions":{"total":14,"covered":12,"skipped":0,"pct":85.71},"statements":{"total":79,"covered":65,"skipped":0,"pct":82.27},"branches":{"total":31,"covered":27,"skipped":0,"pct":87.09}}
,"/workspaces/stellar-bounty-board/backend/src/services/deepHealth.ts": {"lines":{"total":92,"covered":84,"skipped":0,"pct":91.3},"functions":{"total":8,"covered":8,"skipped":0,"pct":100},"statements":{"total":92,"covered":84,"skipped":0,"pct":91.3},"branches":{"total":38,"covered":31,"skipped":0,"pct":81.57}}
,"/workspaces/stellar-bounty-board/backend/src/services/disputeAlertJob.ts": {"lines":{"total":134,"covered":0,"skipped":0,"pct":0},"functions":{"total":1,"covered":0,"skipped":0,"pct":0},"statements":{"total":134,"covered":0,"skipped":0,"pct":0},"branches":{"total":1,"covered":0,"skipped":0,"pct":0}}
,"/workspaces/stellar-bounty-board/backend/src/services/notificationService.ts": {"lines":{"total":134,"covered":118,"skipped":0,"pct":88.05},"functions":{"total":5,"covered":5,"skipped":0,"pct":100},"statements":{"total":134,"covered":118,"skipped":0,"pct":88.05},"branches":{"total":44,"covered":34,"skipped":0,"pct":77.27}}
,"/workspaces/stellar-bounty-board/backend/src/services/openIssues.ts": {"lines":{"total":90,"covered":57,"skipped":0,"pct":63.33},"functions":{"total":7,"covered":5,"skipped":0,"pct":71.42},"statements":{"total":90,"covered":57,"skipped":0,"pct":63.33},"branches":{"total":29,"covered":19,"skipped":0,"pct":65.51}}
,"/workspaces/stellar-bounty-board/backend/src/services/reservationExpirationJob.ts": {"lines":{"total":108,"covered":93,"skipped":0,"pct":86.11},"functions":{"total":8,"covered":8,"skipped":0,"pct":100},"statements":{"total":108,"covered":93,"skipped":0,"pct":86.11},"branches":{"total":24,"covered":16,"skipped":0,"pct":66.66}}
,"/workspaces/stellar-bounty-board/backend/src/validation/prUrl.ts": {"lines":{"total":148,"covered":112,"skipped":0,"pct":75.67},"functions":{"total":7,"covered":7,"skipped":0,"pct":100},"statements":{"total":148,"covered":112,"skipped":0,"pct":75.67},"branches":{"total":26,"covered":14,"skipped":0,"pct":53.84}}
,"/workspaces/stellar-bounty-board/backend/src/validation/schemas.ts": {"lines":{"total":376,"covered":376,"skipped":0,"pct":100},"functions":{"total":2,"covered":2,"skipped":0,"pct":100},"statements":{"total":376,"covered":376,"skipped":0,"pct":100},"branches":{"total":12,"covered":11,"skipped":0,"pct":91.66}}
,"/workspaces/stellar-bounty-board/backend/src/validation/webhookSecretValidation.ts": {"lines":{"total":23,"covered":23,"skipped":0,"pct":100},"functions":{"total":1,"covered":1,"skipped":0,"pct":100},"statements":{"total":23,"covered":23,"skipped":0,"pct":100},"branches":{"total":6,"covered":6,"skipped":0,"pct":100}}
,"/workspaces/stellar-bounty-board/backend/src/webhooks/deliveryDedup.ts": {"lines":{"total":27,"covered":16,"skipped":0,"pct":59.25},"functions":{"total":3,"covered":2,"skipped":0,"pct":66.66},"statements":{"total":27,"covered":16,"skipped":0,"pct":59.25},"branches":{"total":6,"covered":5,"skipped":0,"pct":83.33}}
,"/workspaces/stellar-bounty-board/backend/src/webhooks/githubPrHandler.ts": {"lines":{"total":67,"covered":58,"skipped":0,"pct":86.56},"functions":{"total":2,"covered":2,"skipped":0,"pct":100},"statements":{"total":67,"covered":58,"skipped":0,"pct":86.56},"branches":{"total":23,"covered":19,"skipped":0,"pct":82.6}}
,"/workspaces/stellar-bounty-board/backend/src/webhooks/signatureVerification.ts": {"lines":{"total":198,"covered":189,"skipped":0,"pct":95.45},"functions":{"total":12,"covered":12,"skipped":0,"pct":100},"statements":{"total":198,"covered":189,"skipped":0,"pct":95.45},"branches":{"total":44,"covered":39,"skipped":0,"pct":88.63}}
}
